status file for recon-all
Thu Jul  6 19:10:28 EDT 2017
#@# MotionCor Thu Jul  6 19:10:36 EDT 2017
#@# Deface Thu Jul  6 19:10:47 EDT 2017
#@# Talairach Thu Jul  6 19:13:01 EDT 2017
#@# Talairach Failure Detection Thu Jul  6 19:14:45 EDT 2017
#@# Nu Intensity Correction Thu Jul  6 19:14:45 EDT 2017
#@# Intensity Normalization Thu Jul  6 19:16:31 EDT 2017
#@# Skull Stripping Thu Jul  6 19:19:50 EDT 2017
#@# EM Registration Thu Jul  6 19:34:03 EDT 2017
#@# CA Normalize Thu Jul  6 19:44:07 EDT 2017
#@# CA Reg Thu Jul  6 19:46:58 EDT 2017
#@# SubCort Seg Thu Jul  6 22:35:51 EDT 2017
#@# Merge ASeg Thu Jul  6 23:41:01 EDT 2017
#@# Intensity Normalization2 Thu Jul  6 23:41:01 EDT 2017
#@# Mask BFS Thu Jul  6 23:44:07 EDT 2017
#@# WM Segmentation Thu Jul  6 23:44:08 EDT 2017
#@# Fill Thu Jul  6 23:46:35 EDT 2017
#@# Tessellate lh Thu Jul  6 23:47:19 EDT 2017
#@# Tessellate rh Thu Jul  6 23:47:25 EDT 2017
#@# Smooth1 lh Thu Jul  6 23:47:30 EDT 2017
#@# Smooth1 rh Thu Jul  6 23:47:30 EDT 2017
Darwin trash-can.local 15.6.0 Darwin Kernel Version 15.6.0: Thu Jun 23 18:25:34 PDT 2016; root:xnu-3248.60.10~1/RELEASE_X86_64 x86_64 i386 MacPro6,1 Darwin

recon-all -s sub-07 exited with ERRORS at Thu Jul  6 23:47:31 EDT 2017

\n\n
New invocation of recon-all 
\n\n
status file for recon-all
Fri Jul  7 09:49:41 EDT 2017
#@# Smooth1 lh Fri Jul  7 09:49:41 EDT 2017
recon-all -s sub-07 finished without error at Fri Jul  7 09:49:52 EDT 2017
\n\n
New invocation of recon-all 
\n\n
status file for recon-all
Fri Jul  7 09:49:53 EDT 2017
#@# Smooth1 rh Fri Jul  7 09:49:53 EDT 2017
recon-all -s sub-07 finished without error at Fri Jul  7 09:50:06 EDT 2017
\n\n
New invocation of recon-all 
\n\n
status file for recon-all
Fri Jul  7 09:50:06 EDT 2017
#@# Inflation1 lh Fri Jul  7 09:50:06 EDT 2017
recon-all -s sub-07 finished without error at Fri Jul  7 09:50:44 EDT 2017
\n\n
New invocation of recon-all 
\n\n
status file for recon-all
Fri Jul  7 09:50:45 EDT 2017
#@# Inflation1 rh Fri Jul  7 09:50:45 EDT 2017
recon-all -s sub-07 finished without error at Fri Jul  7 09:51:29 EDT 2017
\n\n
New invocation of recon-all 
\n\n
status file for recon-all
Fri Jul  7 09:51:30 EDT 2017
#@# QSphere lh Fri Jul  7 09:51:30 EDT 2017
recon-all -s sub-07 finished without error at Fri Jul  7 09:54:53 EDT 2017
\n\n
New invocation of recon-all 
\n\n
status file for recon-all
Fri Jul  7 09:54:53 EDT 2017
#@# QSphere rh Fri Jul  7 09:54:53 EDT 2017
recon-all -s sub-07 finished without error at Fri Jul  7 09:57:27 EDT 2017
\n\n
New invocation of recon-all 
\n\n
status file for recon-all
Fri Jul  7 09:57:27 EDT 2017
#@# Fix Topology Copy lh Fri Jul  7 09:57:27 EDT 2017
#@# Fix Topology lh Fri Jul  7 09:57:28 EDT 2017
recon-all -s sub-07 finished without error at Fri Jul  7 10:49:06 EDT 2017
\n\n
New invocation of recon-all 
\n\n
status file for recon-all
Fri Jul  7 10:49:06 EDT 2017
#@# Fix Topology Copy rh Fri Jul  7 10:49:06 EDT 2017
#@# Fix Topology rh Fri Jul  7 10:49:06 EDT 2017
recon-all -s sub-07 finished without error at Fri Jul  7 11:48:12 EDT 2017
\n\n
New invocation of recon-all 
\n\n
status file for recon-all
Fri Jul  7 11:48:13 EDT 2017
#@# Make White Surf lh Fri Jul  7 11:48:13 EDT 2017
recon-all -s sub-07 finished without error at Fri Jul  7 12:15:24 EDT 2017
\n\n
New invocation of recon-all 
\n\n
status file for recon-all
Fri Jul  7 12:15:24 EDT 2017
#@# Make White Surf rh Fri Jul  7 12:15:24 EDT 2017
recon-all -s sub-07 finished without error at Fri Jul  7 12:45:18 EDT 2017
\n\n
New invocation of recon-all 
\n\n
status file for recon-all
Fri Jul  7 12:45:19 EDT 2017
#@# Smooth2 lh Fri Jul  7 12:45:19 EDT 2017
recon-all -s sub-07 finished without error at Fri Jul  7 12:45:34 EDT 2017
\n\n
New invocation of recon-all 
\n\n
status file for recon-all
Fri Jul  7 12:45:35 EDT 2017
#@# Inflation2 lh Fri Jul  7 12:45:35 EDT 2017
recon-all -s sub-07 finished without error at Fri Jul  7 12:46:09 EDT 2017
\n\n
New invocation of recon-all 
\n\n
status file for recon-all
Fri Jul  7 12:46:09 EDT 2017
#@# Sphere lh Fri Jul  7 12:46:10 EDT 2017
recon-all -s sub-07 finished without error at Fri Jul  7 13:13:45 EDT 2017
\n\n
New invocation of recon-all 
\n\n
status file for recon-all
Fri Jul  7 13:13:45 EDT 2017
#@# Surf Reg lh Fri Jul  7 13:13:45 EDT 2017
recon-all -s sub-07 finished without error at Fri Jul  7 14:04:23 EDT 2017
\n\n
New invocation of recon-all 
\n\n
status file for recon-all
Fri Jul  7 14:04:23 EDT 2017
#@# Cortical Parc lh Fri Jul  7 14:04:24 EDT 2017
recon-all -s sub-07 finished without error at Fri Jul  7 14:04:55 EDT 2017
\n\n
New invocation of recon-all 
\n\n
status file for recon-all
Fri Jul  7 14:04:56 EDT 2017
#@# Make Pial Surf lh Fri Jul  7 14:04:56 EDT 2017
#@# Surf Volume lh Fri Jul  7 14:28:55 EDT 2017
recon-all -s sub-07 finished without error at Fri Jul  7 14:29:00 EDT 2017
\n\n
New invocation of recon-all 
\n\n
status file for recon-all
Fri Jul  7 14:29:00 EDT 2017
#@# Surf Volume lh Fri Jul  7 14:29:00 EDT 2017
recon-all -s sub-07 finished without error at Fri Jul  7 14:29:06 EDT 2017
\n\n
New invocation of recon-all 
\n\n
status file for recon-all
Fri Jul  7 14:29:06 EDT 2017
#@# Smooth2 rh Fri Jul  7 14:29:06 EDT 2017
recon-all -s sub-07 finished without error at Fri Jul  7 14:29:18 EDT 2017
\n\n
New invocation of recon-all 
\n\n
status file for recon-all
Fri Jul  7 14:29:18 EDT 2017
#@# Inflation2 rh Fri Jul  7 14:29:18 EDT 2017
recon-all -s sub-07 finished without error at Fri Jul  7 14:29:44 EDT 2017
\n\n
New invocation of recon-all 
\n\n
status file for recon-all
Fri Jul  7 14:29:44 EDT 2017
#@# Sphere rh Fri Jul  7 14:29:44 EDT 2017
recon-all -s sub-07 finished without error at Fri Jul  7 14:53:34 EDT 2017
\n\n
New invocation of recon-all 
\n\n
status file for recon-all
Fri Jul  7 14:53:35 EDT 2017
#@# Surf Reg rh Fri Jul  7 14:53:35 EDT 2017
recon-all -s sub-07 finished without error at Fri Jul  7 15:37:32 EDT 2017
\n\n
New invocation of recon-all 
\n\n
status file for recon-all
Fri Jul  7 15:37:32 EDT 2017
#@# Cortical Parc rh Fri Jul  7 15:37:32 EDT 2017
recon-all -s sub-07 finished without error at Fri Jul  7 15:37:49 EDT 2017
\n\n
New invocation of recon-all 
\n\n
status file for recon-all
Fri Jul  7 15:37:50 EDT 2017
#@# Make Pial Surf rh Fri Jul  7 15:37:50 EDT 2017
#@# Surf Volume rh Fri Jul  7 15:56:54 EDT 2017
recon-all -s sub-07 finished without error at Fri Jul  7 15:56:59 EDT 2017
\n\n
New invocation of recon-all 
\n\n
status file for recon-all
Fri Jul  7 15:56:59 EDT 2017
#@# Surf Volume rh Fri Jul  7 15:56:59 EDT 2017
recon-all -s sub-07 finished without error at Fri Jul  7 15:57:03 EDT 2017
\n\n
New invocation of recon-all 
\n\n
status file for recon-all
Fri Jul  7 15:57:03 EDT 2017
#@# Curv .H and .K lh Fri Jul  7 15:57:03 EDT 2017
recon-all -s sub-07 finished without error at Fri Jul  7 15:58:24 EDT 2017
\n\n
New invocation of recon-all 
\n\n
status file for recon-all
Fri Jul  7 15:58:24 EDT 2017
#@# Curv .H and .K rh Fri Jul  7 15:58:24 EDT 2017
recon-all -s sub-07 finished without error at Fri Jul  7 15:59:46 EDT 2017
\n\n
New invocation of recon-all 
\n\n
status file for recon-all
Fri Jul  7 15:59:46 EDT 2017
#@# Curvature Stats lh Fri Jul  7 15:59:46 EDT 2017
recon-all -s sub-07 finished without error at Fri Jul  7 15:59:53 EDT 2017
\n\n
New invocation of recon-all 
\n\n
status file for recon-all
Fri Jul  7 15:59:53 EDT 2017
#@# Curvature Stats rh Fri Jul  7 15:59:53 EDT 2017
recon-all -s sub-07 finished without error at Fri Jul  7 15:59:59 EDT 2017
\n\n
New invocation of recon-all 
\n\n
status file for recon-all
Fri Jul  7 16:00:00 EDT 2017
#@# Jacobian white lh Fri Jul  7 16:00:00 EDT 2017
recon-all -s sub-07 finished without error at Fri Jul  7 16:00:02 EDT 2017
\n\n
New invocation of recon-all 
\n\n
status file for recon-all
Fri Jul  7 16:00:02 EDT 2017
#@# Jacobian white rh Fri Jul  7 16:00:02 EDT 2017
recon-all -s sub-07 finished without error at Fri Jul  7 16:00:04 EDT 2017
\n\n
New invocation of recon-all 
\n\n
status file for recon-all
Fri Jul  7 16:00:04 EDT 2017
#@# AvgCurv lh Fri Jul  7 16:00:04 EDT 2017
recon-all -s sub-07 finished without error at Fri Jul  7 16:00:06 EDT 2017
\n\n
New invocation of recon-all 
\n\n
status file for recon-all
Fri Jul  7 16:00:06 EDT 2017
#@# AvgCurv rh Fri Jul  7 16:00:06 EDT 2017
recon-all -s sub-07 finished without error at Fri Jul  7 16:00:08 EDT 2017
\n\n
New invocation of recon-all 
\n\n
status file for recon-all
Fri Jul  7 16:00:08 EDT 2017
#@# Cortical ribbon mask Fri Jul  7 16:00:09 EDT 2017
recon-all -s sub-07 finished without error at Fri Jul  7 16:15:48 EDT 2017
\n\n
New invocation of recon-all 
\n\n
status file for recon-all
Fri Jul  7 16:15:48 EDT 2017
#@# Parcellation Stats lh Fri Jul  7 16:15:48 EDT 2017
recon-all -s sub-07 finished without error at Fri Jul  7 16:17:18 EDT 2017
\n\n
New invocation of recon-all 
\n\n
status file for recon-all
Fri Jul  7 16:17:19 EDT 2017
#@# Parcellation Stats rh Fri Jul  7 16:17:19 EDT 2017
recon-all -s sub-07 finished without error at Fri Jul  7 16:18:48 EDT 2017
\n\n
New invocation of recon-all 
\n\n
status file for recon-all
Fri Jul  7 16:18:48 EDT 2017
#@# Cortical Parc 2 lh Fri Jul  7 16:18:48 EDT 2017
recon-all -s sub-07 finished without error at Fri Jul  7 16:19:10 EDT 2017
\n\n
New invocation of recon-all 
\n\n
status file for recon-all
Fri Jul  7 16:19:11 EDT 2017
#@# Cortical Parc 2 rh Fri Jul  7 16:19:11 EDT 2017
recon-all -s sub-07 finished without error at Fri Jul  7 16:19:34 EDT 2017
\n\n
New invocation of recon-all 
\n\n
status file for recon-all
Fri Jul  7 16:19:34 EDT 2017
#@# Parcellation Stats 2 lh Fri Jul  7 16:19:34 EDT 2017
recon-all -s sub-07 finished without error at Fri Jul  7 16:20:18 EDT 2017
\n\n
New invocation of recon-all 
\n\n
status file for recon-all
Fri Jul  7 16:20:18 EDT 2017
#@# Parcellation Stats 2 rh Fri Jul  7 16:20:18 EDT 2017
recon-all -s sub-07 finished without error at Fri Jul  7 16:21:02 EDT 2017
\n\n
New invocation of recon-all 
\n\n
status file for recon-all
Fri Jul  7 16:21:02 EDT 2017
#@# Cortical Parc 3 lh Fri Jul  7 16:21:02 EDT 2017
recon-all -s sub-07 finished without error at Fri Jul  7 16:21:19 EDT 2017
\n\n
New invocation of recon-all 
\n\n
status file for recon-all
Fri Jul  7 16:21:20 EDT 2017
#@# Cortical Parc 3 rh Fri Jul  7 16:21:20 EDT 2017
recon-all -s sub-07 finished without error at Fri Jul  7 16:21:38 EDT 2017
\n\n
New invocation of recon-all 
\n\n
status file for recon-all
Fri Jul  7 16:21:39 EDT 2017
#@# Parcellation Stats 3 lh Fri Jul  7 16:21:39 EDT 2017
recon-all -s sub-07 finished without error at Fri Jul  7 16:22:20 EDT 2017
\n\n
New invocation of recon-all 
\n\n
status file for recon-all
Fri Jul  7 16:22:20 EDT 2017
#@# Parcellation Stats 3 rh Fri Jul  7 16:22:20 EDT 2017
recon-all -s sub-07 finished without error at Fri Jul  7 16:23:03 EDT 2017
\n\n
New invocation of recon-all 
\n\n
status file for recon-all
Fri Jul  7 16:23:03 EDT 2017
#@# WM/GM Contrast lh Fri Jul  7 16:23:03 EDT 2017
recon-all -s sub-07 finished without error at Fri Jul  7 16:23:10 EDT 2017
\n\n
New invocation of recon-all 
\n\n
status file for recon-all
Fri Jul  7 16:23:10 EDT 2017
#@# WM/GM Contrast rh Fri Jul  7 16:23:10 EDT 2017
recon-all -s sub-07 finished without error at Fri Jul  7 16:23:17 EDT 2017
\n\n
New invocation of recon-all 
\n\n
status file for recon-all
Fri Jul  7 16:23:17 EDT 2017
#@# Relabel Hypointensities Fri Jul  7 16:23:17 EDT 2017
recon-all -s sub-07 finished without error at Fri Jul  7 16:23:45 EDT 2017
\n\n
New invocation of recon-all 
\n\n
status file for recon-all
Fri Jul  7 16:23:45 EDT 2017
#@# AParc-to-ASeg aparc Fri Jul  7 16:23:45 EDT 2017
#@# AParc-to-ASeg a2009s Fri Jul  7 16:28:53 EDT 2017
#@# AParc-to-ASeg DKTatlas Fri Jul  7 16:34:01 EDT 2017
recon-all -s sub-07 finished without error at Fri Jul  7 16:39:57 EDT 2017
\n\n
New invocation of recon-all 
\n\n
status file for recon-all
Fri Jul  7 16:39:57 EDT 2017
#@# APas-to-ASeg Fri Jul  7 16:39:57 EDT 2017
recon-all -s sub-07 finished without error at Fri Jul  7 16:40:04 EDT 2017
\n\n
New invocation of recon-all 
\n\n
status file for recon-all
Fri Jul  7 16:40:04 EDT 2017
#@# ASeg Stats Fri Jul  7 16:40:04 EDT 2017
recon-all -s sub-07 finished without error at Fri Jul  7 16:41:39 EDT 2017
\n\n
New invocation of recon-all 
\n\n
status file for recon-all
Fri Jul  7 16:41:39 EDT 2017
#@# WMParc Fri Jul  7 16:41:39 EDT 2017
recon-all -s sub-07 finished without error at Fri Jul  7 16:50:05 EDT 2017
\n\n
New invocation of recon-all 
\n\n
status file for recon-all
Fri Jul  7 16:50:06 EDT 2017
#@# BA_exvivo Labels lh Fri Jul  7 16:50:06 EDT 2017
recon-all -s sub-07 finished without error at Fri Jul  7 16:55:45 EDT 2017
\n\n
New invocation of recon-all 
\n\n
status file for recon-all
Fri Jul  7 16:55:46 EDT 2017
#@# BA_exvivo Labels rh Fri Jul  7 16:55:46 EDT 2017
recon-all -s sub-07 finished without error at Fri Jul  7 17:01:10 EDT 2017
\n\n
New invocation of recon-all 
\n\n
status file for recon-all
Fri Jul 14 20:35:48 EDT 2017
#@# MotionCor Fri Jul 14 20:35:48 EDT 2017
recon-all -s sub-07 finished without error at Fri Jul 14 20:36:01 EDT 2017
\n\n
New invocation of recon-all 
\n\n
status file for recon-all
Fri Jul 14 20:36:02 EDT 2017
#@# Talairach Fri Jul 14 20:36:02 EDT 2017
#@# Talairach Failure Detection Fri Jul 14 20:39:53 EDT 2017
recon-all -s sub-07 finished without error at Fri Jul 14 20:39:54 EDT 2017
\n\n
New invocation of recon-all 
\n\n
status file for recon-all
Fri Jul 14 20:39:54 EDT 2017
#@# Nu Intensity Correction Fri Jul 14 20:39:54 EDT 2017
recon-all -s sub-07 finished without error at Fri Jul 14 20:44:18 EDT 2017
\n\n
New invocation of recon-all 
\n\n
status file for recon-all
Fri Jul 14 20:44:19 EDT 2017
#@# Intensity Normalization Fri Jul 14 20:44:19 EDT 2017
recon-all -s sub-07 finished without error at Fri Jul 14 20:49:35 EDT 2017
\n\n
New invocation of recon-all 
\n\n
status file for recon-all
Fri Jul 14 20:49:37 EDT 2017
#@# Skull Stripping Fri Jul 14 20:49:37 EDT 2017
recon-all -s sub-07 finished without error at Fri Jul 14 20:50:48 EDT 2017
\n\n
New invocation of recon-all 
\n\n
status file for recon-all
Fri Jul 14 20:50:49 EDT 2017
#@# EM Registration Fri Jul 14 20:50:49 EDT 2017
recon-all -s sub-07 finished without error at Fri Jul 14 21:18:14 EDT 2017
\n\n
New invocation of recon-all 
\n\n
status file for recon-all
Fri Jul 14 21:18:16 EDT 2017
#@# CA Normalize Fri Jul 14 21:18:16 EDT 2017
recon-all -s sub-07 finished without error at Fri Jul 14 21:21:30 EDT 2017
\n\n
New invocation of recon-all 
\n\n
status file for recon-all
Fri Jul 14 21:21:31 EDT 2017
#@# CA Reg Fri Jul 14 21:21:31 EDT 2017
recon-all -s sub-07 finished without error at Sat Jul 15 03:14:04 EDT 2017
\n\n
New invocation of recon-all 
\n\n
status file for recon-all
Sat Jul 15 03:14:05 EDT 2017
#@# SubCort Seg Sat Jul 15 03:14:05 EDT 2017
#@# Merge ASeg Sat Jul 15 04:35:27 EDT 2017
recon-all -s sub-07 finished without error at Sat Jul 15 04:35:27 EDT 2017
\n\n
New invocation of recon-all 
\n\n
status file for recon-all
Sat Jul 15 04:35:28 EDT 2017
#@# Intensity Normalization2 Sat Jul 15 04:35:28 EDT 2017
recon-all -s sub-07 finished without error at Sat Jul 15 04:40:48 EDT 2017
\n\n
New invocation of recon-all 
\n\n
status file for recon-all
Sat Jul 15 04:40:48 EDT 2017
#@# Mask BFS Sat Jul 15 04:40:48 EDT 2017
recon-all -s sub-07 finished without error at Sat Jul 15 04:40:52 EDT 2017
\n\n
New invocation of recon-all 
\n\n
status file for recon-all
Sat Jul 15 04:40:52 EDT 2017
#@# WM Segmentation Sat Jul 15 04:40:52 EDT 2017
recon-all -s sub-07 finished without error at Sat Jul 15 04:44:33 EDT 2017
\n\n
New invocation of recon-all 
\n\n
status file for recon-all
Sat Jul 15 04:44:34 EDT 2017
#@# Fill Sat Jul 15 04:44:34 EDT 2017
recon-all -s sub-07 finished without error at Sat Jul 15 04:45:39 EDT 2017
\n\n
New invocation of recon-all 
\n\n
status file for recon-all
Sat Jul 15 04:45:39 EDT 2017
#@# Tessellate lh Sat Jul 15 04:45:39 EDT 2017
recon-all -s sub-07 finished without error at Sat Jul 15 04:45:52 EDT 2017
\n\n
New invocation of recon-all 
\n\n
status file for recon-all
Sat Jul 15 04:45:52 EDT 2017
#@# Tessellate rh Sat Jul 15 04:45:52 EDT 2017
recon-all -s sub-07 finished without error at Sat Jul 15 04:46:05 EDT 2017
\n\n
New invocation of recon-all 
\n\n
status file for recon-all
Sat Jul 15 04:46:05 EDT 2017
#@# Smooth1 lh Sat Jul 15 04:46:05 EDT 2017
recon-all -s sub-07 finished without error at Sat Jul 15 04:46:21 EDT 2017
\n\n
New invocation of recon-all 
\n\n
status file for recon-all
Sat Jul 15 04:46:22 EDT 2017
#@# Smooth1 rh Sat Jul 15 04:46:22 EDT 2017
recon-all -s sub-07 finished without error at Sat Jul 15 04:46:37 EDT 2017
\n\n
New invocation of recon-all 
\n\n
status file for recon-all
Sat Jul 15 04:46:38 EDT 2017
#@# Inflation1 lh Sat Jul 15 04:46:38 EDT 2017
recon-all -s sub-07 finished without error at Sat Jul 15 04:47:48 EDT 2017
\n\n
New invocation of recon-all 
\n\n
status file for recon-all
Sat Jul 15 04:47:48 EDT 2017
#@# Inflation1 rh Sat Jul 15 04:47:48 EDT 2017
recon-all -s sub-07 finished without error at Sat Jul 15 04:48:57 EDT 2017
\n\n
New invocation of recon-all 
\n\n
status file for recon-all
Sat Jul 15 04:48:58 EDT 2017
#@# QSphere lh Sat Jul 15 04:48:58 EDT 2017
recon-all -s sub-07 finished without error at Sat Jul 15 04:55:56 EDT 2017
\n\n
New invocation of recon-all 
\n\n
status file for recon-all
Sat Jul 15 04:55:57 EDT 2017
#@# QSphere rh Sat Jul 15 04:55:57 EDT 2017
recon-all -s sub-07 finished without error at Sat Jul 15 05:03:17 EDT 2017
\n\n
New invocation of recon-all 
\n\n
status file for recon-all
Sat Jul 15 05:03:17 EDT 2017
#@# Fix Topology Copy lh Sat Jul 15 05:03:17 EDT 2017
#@# Fix Topology lh Sat Jul 15 05:03:17 EDT 2017
recon-all -s sub-07 finished without error at Sat Jul 15 06:35:10 EDT 2017
\n\n
New invocation of recon-all 
\n\n
status file for recon-all
Sat Jul 15 06:35:10 EDT 2017
#@# Fix Topology Copy rh Sat Jul 15 06:35:10 EDT 2017
#@# Fix Topology rh Sat Jul 15 06:35:10 EDT 2017
recon-all -s sub-07 finished without error at Sat Jul 15 07:34:40 EDT 2017
\n\n
New invocation of recon-all 
\n\n
status file for recon-all
Sat Jul 15 07:34:40 EDT 2017
#@# Make White Surf lh Sat Jul 15 07:34:40 EDT 2017
recon-all -s sub-07 finished without error at Sat Jul 15 08:05:18 EDT 2017
\n\n
New invocation of recon-all 
\n\n
status file for recon-all
Sat Jul 15 08:05:19 EDT 2017
#@# Make White Surf rh Sat Jul 15 08:05:19 EDT 2017
recon-all -s sub-07 finished without error at Sat Jul 15 08:35:38 EDT 2017
\n\n
New invocation of recon-all 
\n\n
status file for recon-all
Sat Jul 15 08:35:39 EDT 2017
#@# Smooth2 lh Sat Jul 15 08:35:39 EDT 2017
recon-all -s sub-07 finished without error at Sat Jul 15 08:35:54 EDT 2017
\n\n
New invocation of recon-all 
\n\n
status file for recon-all
Sat Jul 15 08:35:55 EDT 2017
#@# Inflation2 lh Sat Jul 15 08:35:55 EDT 2017
recon-all -s sub-07 finished without error at Sat Jul 15 08:37:16 EDT 2017
\n\n
New invocation of recon-all 
\n\n
status file for recon-all
Sat Jul 15 08:37:17 EDT 2017
#@# Sphere lh Sat Jul 15 08:37:17 EDT 2017
recon-all -s sub-07 finished without error at Sat Jul 15 10:00:30 EDT 2017
\n\n
New invocation of recon-all 
\n\n
status file for recon-all
Sat Jul 15 10:00:30 EDT 2017
#@# Surf Reg lh Sat Jul 15 10:00:30 EDT 2017
recon-all -s sub-07 finished without error at Sat Jul 15 11:56:51 EDT 2017
\n\n
New invocation of recon-all 
\n\n
status file for recon-all
Sat Jul 15 11:56:51 EDT 2017
#@# Cortical Parc lh Sat Jul 15 11:56:51 EDT 2017
recon-all -s sub-07 finished without error at Sat Jul 15 11:57:21 EDT 2017
\n\n
New invocation of recon-all 
\n\n
status file for recon-all
Sat Jul 15 11:57:21 EDT 2017
#@# Make Pial Surf lh Sat Jul 15 11:57:21 EDT 2017
#@# Surf Volume lh Sat Jul 15 12:24:58 EDT 2017
recon-all -s sub-07 finished without error at Sat Jul 15 12:25:06 EDT 2017
\n\n
New invocation of recon-all 
\n\n
status file for recon-all
Sat Jul 15 12:25:07 EDT 2017
#@# Surf Volume lh Sat Jul 15 12:25:07 EDT 2017
recon-all -s sub-07 finished without error at Sat Jul 15 12:25:14 EDT 2017
\n\n
New invocation of recon-all 
\n\n
status file for recon-all
Sat Jul 15 12:25:14 EDT 2017
#@# Smooth2 rh Sat Jul 15 12:25:14 EDT 2017
recon-all -s sub-07 finished without error at Sat Jul 15 12:25:30 EDT 2017
\n\n
New invocation of recon-all 
\n\n
status file for recon-all
Sat Jul 15 12:25:30 EDT 2017
#@# Inflation2 rh Sat Jul 15 12:25:30 EDT 2017
recon-all -s sub-07 finished without error at Sat Jul 15 12:26:43 EDT 2017
\n\n
New invocation of recon-all 
\n\n
status file for recon-all
Sat Jul 15 12:26:43 EDT 2017
#@# Sphere rh Sat Jul 15 12:26:43 EDT 2017
recon-all -s sub-07 finished without error at Sat Jul 15 13:48:39 EDT 2017
\n\n
New invocation of recon-all 
\n\n
status file for recon-all
Sat Jul 15 13:48:40 EDT 2017
#@# Surf Reg rh Sat Jul 15 13:48:40 EDT 2017
recon-all -s sub-07 finished without error at Sat Jul 15 16:18:49 EDT 2017
\n\n
New invocation of recon-all 
\n\n
status file for recon-all
Sat Jul 15 16:18:50 EDT 2017
#@# Cortical Parc rh Sat Jul 15 16:18:50 EDT 2017
recon-all -s sub-07 finished without error at Sat Jul 15 16:19:22 EDT 2017
\n\n
New invocation of recon-all 
\n\n
status file for recon-all
Sat Jul 15 16:19:23 EDT 2017
#@# Make Pial Surf rh Sat Jul 15 16:19:23 EDT 2017
#@# Surf Volume rh Sat Jul 15 16:47:33 EDT 2017
recon-all -s sub-07 finished without error at Sat Jul 15 16:47:41 EDT 2017
\n\n
New invocation of recon-all 
\n\n
status file for recon-all
Sat Jul 15 16:47:42 EDT 2017
#@# Surf Volume rh Sat Jul 15 16:47:42 EDT 2017
recon-all -s sub-07 finished without error at Sat Jul 15 16:47:49 EDT 2017
\n\n
New invocation of recon-all 
\n\n
status file for recon-all
Sat Jul 15 16:47:49 EDT 2017
#@# Curv .H and .K lh Sat Jul 15 16:47:49 EDT 2017
recon-all -s sub-07 finished without error at Sat Jul 15 16:49:56 EDT 2017
\n\n
New invocation of recon-all 
\n\n
status file for recon-all
Sat Jul 15 16:49:57 EDT 2017
#@# Curv .H and .K rh Sat Jul 15 16:49:57 EDT 2017
recon-all -s sub-07 finished without error at Sat Jul 15 16:52:04 EDT 2017
\n\n
New invocation of recon-all 
\n\n
status file for recon-all
Sat Jul 15 16:52:05 EDT 2017
#@# Curvature Stats lh Sat Jul 15 16:52:05 EDT 2017
recon-all -s sub-07 finished without error at Sat Jul 15 16:52:16 EDT 2017
\n\n
New invocation of recon-all 
\n\n
status file for recon-all
Sat Jul 15 16:52:17 EDT 2017
#@# Curvature Stats rh Sat Jul 15 16:52:17 EDT 2017
recon-all -s sub-07 finished without error at Sat Jul 15 16:52:28 EDT 2017
\n\n
New invocation of recon-all 
\n\n
status file for recon-all
Sat Jul 15 16:52:28 EDT 2017
#@# Jacobian white lh Sat Jul 15 16:52:28 EDT 2017
recon-all -s sub-07 finished without error at Sat Jul 15 16:52:32 EDT 2017
\n\n
New invocation of recon-all 
\n\n
status file for recon-all
Sat Jul 15 16:52:33 EDT 2017
#@# Jacobian white rh Sat Jul 15 16:52:33 EDT 2017
recon-all -s sub-07 finished without error at Sat Jul 15 16:52:37 EDT 2017
\n\n
New invocation of recon-all 
\n\n
status file for recon-all
Sat Jul 15 16:52:37 EDT 2017
#@# AvgCurv lh Sat Jul 15 16:52:37 EDT 2017
recon-all -s sub-07 finished without error at Sat Jul 15 16:52:41 EDT 2017
\n\n
New invocation of recon-all 
\n\n
status file for recon-all
Sat Jul 15 16:52:42 EDT 2017
#@# AvgCurv rh Sat Jul 15 16:52:42 EDT 2017
recon-all -s sub-07 finished without error at Sat Jul 15 16:52:45 EDT 2017
\n\n
New invocation of recon-all 
\n\n
status file for recon-all
Sat Jul 15 16:52:46 EDT 2017
#@# Cortical ribbon mask Sat Jul 15 16:52:46 EDT 2017
recon-all -s sub-07 finished without error at Sat Jul 15 17:18:55 EDT 2017
\n\n
New invocation of recon-all 
\n\n
status file for recon-all
Sat Jul 15 17:18:56 EDT 2017
#@# Parcellation Stats lh Sat Jul 15 17:18:56 EDT 2017
recon-all -s sub-07 finished without error at Sat Jul 15 17:22:56 EDT 2017
\n\n
New invocation of recon-all 
\n\n
status file for recon-all
Sat Jul 15 17:22:57 EDT 2017
#@# Parcellation Stats rh Sat Jul 15 17:22:57 EDT 2017
recon-all -s sub-07 finished without error at Sat Jul 15 17:26:13 EDT 2017
\n\n
New invocation of recon-all 
\n\n
status file for recon-all
Sat Jul 15 17:26:14 EDT 2017
#@# Cortical Parc 2 lh Sat Jul 15 17:26:14 EDT 2017
recon-all -s sub-07 finished without error at Sat Jul 15 17:26:51 EDT 2017
\n\n
New invocation of recon-all 
\n\n
status file for recon-all
Sat Jul 15 17:26:52 EDT 2017
#@# Cortical Parc 2 rh Sat Jul 15 17:26:52 EDT 2017
recon-all -s sub-07 finished without error at Sat Jul 15 17:27:30 EDT 2017
\n\n
New invocation of recon-all 
\n\n
status file for recon-all
Sat Jul 15 17:27:31 EDT 2017
#@# Parcellation Stats 2 lh Sat Jul 15 17:27:31 EDT 2017
recon-all -s sub-07 finished without error at Sat Jul 15 17:29:11 EDT 2017
\n\n
New invocation of recon-all 
\n\n
status file for recon-all
Sat Jul 15 17:29:12 EDT 2017
#@# Parcellation Stats 2 rh Sat Jul 15 17:29:12 EDT 2017
recon-all -s sub-07 finished without error at Sat Jul 15 17:30:54 EDT 2017
\n\n
New invocation of recon-all 
\n\n
status file for recon-all
Sat Jul 15 17:30:55 EDT 2017
#@# Cortical Parc 3 lh Sat Jul 15 17:30:55 EDT 2017
recon-all -s sub-07 finished without error at Sat Jul 15 17:31:25 EDT 2017
\n\n
New invocation of recon-all 
\n\n
status file for recon-all
Sat Jul 15 17:31:25 EDT 2017
#@# Cortical Parc 3 rh Sat Jul 15 17:31:25 EDT 2017
recon-all -s sub-07 finished without error at Sat Jul 15 17:31:56 EDT 2017
\n\n
New invocation of recon-all 
\n\n
status file for recon-all
Sat Jul 15 17:31:57 EDT 2017
#@# Parcellation Stats 3 lh Sat Jul 15 17:31:57 EDT 2017
recon-all -s sub-07 finished without error at Sat Jul 15 17:33:34 EDT 2017
\n\n
New invocation of recon-all 
\n\n
status file for recon-all
Sat Jul 15 17:33:34 EDT 2017
#@# Parcellation Stats 3 rh Sat Jul 15 17:33:34 EDT 2017
recon-all -s sub-07 finished without error at Sat Jul 15 17:35:11 EDT 2017
\n\n
New invocation of recon-all 
\n\n
status file for recon-all
Sat Jul 15 17:35:12 EDT 2017
#@# WM/GM Contrast lh Sat Jul 15 17:35:12 EDT 2017
recon-all -s sub-07 finished without error at Sat Jul 15 17:35:23 EDT 2017
\n\n
New invocation of recon-all 
\n\n
status file for recon-all
Sat Jul 15 17:35:23 EDT 2017
#@# WM/GM Contrast rh Sat Jul 15 17:35:23 EDT 2017
recon-all -s sub-07 finished without error at Sat Jul 15 17:35:34 EDT 2017
\n\n
New invocation of recon-all 
\n\n
status file for recon-all
Sat Jul 15 17:35:34 EDT 2017
#@# Relabel Hypointensities Sat Jul 15 17:35:34 EDT 2017
recon-all -s sub-07 finished without error at Sat Jul 15 17:36:20 EDT 2017
\n\n
New invocation of recon-all 
\n\n
status file for recon-all
Sat Jul 15 17:36:20 EDT 2017
#@# AParc-to-ASeg aparc Sat Jul 15 17:36:20 EDT 2017
#@# AParc-to-ASeg a2009s Sat Jul 15 17:48:39 EDT 2017
#@# AParc-to-ASeg DKTatlas Sat Jul 15 18:00:18 EDT 2017
recon-all -s sub-07 finished without error at Sat Jul 15 18:12:52 EDT 2017
\n\n
New invocation of recon-all 
\n\n
status file for recon-all
Sat Jul 15 18:12:52 EDT 2017
#@# APas-to-ASeg Sat Jul 15 18:12:52 EDT 2017
recon-all -s sub-07 finished without error at Sat Jul 15 18:13:00 EDT 2017
\n\n
New invocation of recon-all 
\n\n
status file for recon-all
Sat Jul 15 18:13:00 EDT 2017
#@# ASeg Stats Sat Jul 15 18:13:00 EDT 2017
recon-all -s sub-07 finished without error at Sat Jul 15 18:19:09 EDT 2017
\n\n
New invocation of recon-all 
\n\n
status file for recon-all
Sat Jul 15 18:19:10 EDT 2017
#@# WMParc Sat Jul 15 18:19:10 EDT 2017
recon-all -s sub-07 finished without error at Sat Jul 15 18:44:46 EDT 2017
\n\n
New invocation of recon-all 
\n\n
status file for recon-all
Sat Jul 15 18:44:46 EDT 2017
#@# BA_exvivo Labels lh Sat Jul 15 18:44:46 EDT 2017
recon-all -s sub-07 finished without error at Sat Jul 15 18:52:39 EDT 2017
\n\n
New invocation of recon-all 
\n\n
status file for recon-all
Sat Jul 15 18:52:39 EDT 2017
#@# BA_exvivo Labels rh Sat Jul 15 18:52:39 EDT 2017
recon-all -s sub-07 finished without error at Sat Jul 15 19:00:56 EDT 2017
