status file for recon-all
Thu Jul  6 19:07:07 EDT 2017
#@# MotionCor Thu Jul  6 19:07:16 EDT 2017
#@# Deface Thu Jul  6 19:07:26 EDT 2017
#@# Talairach Thu Jul  6 19:09:24 EDT 2017
#@# Talairach Failure Detection Thu Jul  6 19:11:03 EDT 2017
#@# Nu Intensity Correction Thu Jul  6 19:11:03 EDT 2017
#@# Intensity Normalization Thu Jul  6 19:12:36 EDT 2017
#@# Skull Stripping Thu Jul  6 19:14:47 EDT 2017
#@# EM Registration Thu Jul  6 19:26:40 EDT 2017
#@# CA Normalize Thu Jul  6 19:35:52 EDT 2017
#@# CA Reg Thu Jul  6 19:38:41 EDT 2017
#@# SubCort Seg Thu Jul  6 22:38:45 EDT 2017
#@# Merge ASeg Thu Jul  6 23:45:35 EDT 2017
#@# Intensity Normalization2 Thu Jul  6 23:45:35 EDT 2017
#@# Mask BFS Thu Jul  6 23:48:49 EDT 2017
#@# WM Segmentation Thu Jul  6 23:48:51 EDT 2017
#@# Fill Thu Jul  6 23:51:13 EDT 2017
#@# Tessellate lh Thu Jul  6 23:51:58 EDT 2017
#@# Tessellate rh Thu Jul  6 23:52:03 EDT 2017
#@# Smooth1 lh Thu Jul  6 23:52:08 EDT 2017
#@# Smooth1 rh Thu Jul  6 23:52:09 EDT 2017
Darwin trash-can.local 15.6.0 Darwin Kernel Version 15.6.0: Thu Jun 23 18:25:34 PDT 2016; root:xnu-3248.60.10~1/RELEASE_X86_64 x86_64 i386 MacPro6,1 Darwin

recon-all -s sub-04 exited with ERRORS at Thu Jul  6 23:52:09 EDT 2017

\n\n
New invocation of recon-all 
\n\n
status file for recon-all
Fri Jul  7 09:47:16 EDT 2017
#@# Smooth1 lh Fri Jul  7 09:47:16 EDT 2017
recon-all -s sub-04 finished without error at Fri Jul  7 09:47:26 EDT 2017
\n\n
New invocation of recon-all 
\n\n
status file for recon-all
Fri Jul  7 09:47:26 EDT 2017
#@# Smooth1 rh Fri Jul  7 09:47:26 EDT 2017
recon-all -s sub-04 finished without error at Fri Jul  7 09:47:36 EDT 2017
\n\n
New invocation of recon-all 
\n\n
status file for recon-all
Fri Jul  7 09:47:36 EDT 2017
#@# Inflation1 lh Fri Jul  7 09:47:36 EDT 2017
recon-all -s sub-04 finished without error at Fri Jul  7 09:47:57 EDT 2017
\n\n
New invocation of recon-all 
\n\n
status file for recon-all
Fri Jul  7 09:47:58 EDT 2017
#@# Inflation1 rh Fri Jul  7 09:47:58 EDT 2017
recon-all -s sub-04 finished without error at Fri Jul  7 09:48:22 EDT 2017
\n\n
New invocation of recon-all 
\n\n
status file for recon-all
Fri Jul  7 09:48:22 EDT 2017
#@# QSphere lh Fri Jul  7 09:48:22 EDT 2017
recon-all -s sub-04 finished without error at Fri Jul  7 09:51:14 EDT 2017
\n\n
New invocation of recon-all 
\n\n
status file for recon-all
Fri Jul  7 09:51:14 EDT 2017
#@# QSphere rh Fri Jul  7 09:51:14 EDT 2017
recon-all -s sub-04 finished without error at Fri Jul  7 09:54:43 EDT 2017
\n\n
New invocation of recon-all 
\n\n
status file for recon-all
Fri Jul  7 09:54:44 EDT 2017
#@# Fix Topology Copy lh Fri Jul  7 09:54:44 EDT 2017
#@# Fix Topology lh Fri Jul  7 09:54:44 EDT 2017
recon-all -s sub-04 finished without error at Fri Jul  7 10:38:45 EDT 2017
\n\n
New invocation of recon-all 
\n\n
status file for recon-all
Fri Jul  7 10:38:45 EDT 2017
#@# Fix Topology Copy rh Fri Jul  7 10:38:45 EDT 2017
#@# Fix Topology rh Fri Jul  7 10:38:45 EDT 2017
recon-all -s sub-04 finished without error at Fri Jul  7 11:20:15 EDT 2017
\n\n
New invocation of recon-all 
\n\n
status file for recon-all
Fri Jul  7 11:20:15 EDT 2017
#@# Make White Surf lh Fri Jul  7 11:20:15 EDT 2017
recon-all -s sub-04 finished without error at Fri Jul  7 11:42:26 EDT 2017
\n\n
New invocation of recon-all 
\n\n
status file for recon-all
Fri Jul  7 11:42:26 EDT 2017
#@# Make White Surf rh Fri Jul  7 11:42:26 EDT 2017
recon-all -s sub-04 finished without error at Fri Jul  7 12:05:42 EDT 2017
\n\n
New invocation of recon-all 
\n\n
status file for recon-all
Fri Jul  7 12:05:42 EDT 2017
#@# Smooth2 lh Fri Jul  7 12:05:42 EDT 2017
recon-all -s sub-04 finished without error at Fri Jul  7 12:05:55 EDT 2017
\n\n
New invocation of recon-all 
\n\n
status file for recon-all
Fri Jul  7 12:05:55 EDT 2017
#@# Inflation2 lh Fri Jul  7 12:05:55 EDT 2017
recon-all -s sub-04 finished without error at Fri Jul  7 12:06:25 EDT 2017
\n\n
New invocation of recon-all 
\n\n
status file for recon-all
Fri Jul  7 12:06:25 EDT 2017
#@# Sphere lh Fri Jul  7 12:06:25 EDT 2017
recon-all -s sub-04 finished without error at Fri Jul  7 12:36:43 EDT 2017
\n\n
New invocation of recon-all 
\n\n
status file for recon-all
Fri Jul  7 12:36:43 EDT 2017
#@# Surf Reg lh Fri Jul  7 12:36:43 EDT 2017
recon-all -s sub-04 finished without error at Fri Jul  7 13:19:26 EDT 2017
\n\n
New invocation of recon-all 
\n\n
status file for recon-all
Fri Jul  7 13:19:26 EDT 2017
#@# Cortical Parc lh Fri Jul  7 13:19:26 EDT 2017
recon-all -s sub-04 finished without error at Fri Jul  7 13:19:47 EDT 2017
\n\n
New invocation of recon-all 
\n\n
status file for recon-all
Fri Jul  7 13:19:47 EDT 2017
#@# Make Pial Surf lh Fri Jul  7 13:19:47 EDT 2017
#@# Surf Volume lh Fri Jul  7 13:50:19 EDT 2017
recon-all -s sub-04 finished without error at Fri Jul  7 13:50:25 EDT 2017
\n\n
New invocation of recon-all 
\n\n
status file for recon-all
Fri Jul  7 13:50:26 EDT 2017
#@# Surf Volume lh Fri Jul  7 13:50:26 EDT 2017
recon-all -s sub-04 finished without error at Fri Jul  7 13:50:32 EDT 2017
\n\n
New invocation of recon-all 
\n\n
status file for recon-all
Fri Jul  7 13:50:32 EDT 2017
#@# Smooth2 rh Fri Jul  7 13:50:32 EDT 2017
recon-all -s sub-04 finished without error at Fri Jul  7 13:50:45 EDT 2017
\n\n
New invocation of recon-all 
\n\n
status file for recon-all
Fri Jul  7 13:50:46 EDT 2017
#@# Inflation2 rh Fri Jul  7 13:50:46 EDT 2017
recon-all -s sub-04 finished without error at Fri Jul  7 13:51:16 EDT 2017
\n\n
New invocation of recon-all 
\n\n
status file for recon-all
Fri Jul  7 13:51:16 EDT 2017
#@# Sphere rh Fri Jul  7 13:51:16 EDT 2017
recon-all -s sub-04 finished without error at Fri Jul  7 14:14:09 EDT 2017
\n\n
New invocation of recon-all 
\n\n
status file for recon-all
Fri Jul  7 14:14:10 EDT 2017
#@# Surf Reg rh Fri Jul  7 14:14:10 EDT 2017
recon-all -s sub-04 finished without error at Fri Jul  7 14:49:45 EDT 2017
\n\n
New invocation of recon-all 
\n\n
status file for recon-all
Fri Jul  7 14:49:46 EDT 2017
#@# Cortical Parc rh Fri Jul  7 14:49:46 EDT 2017
recon-all -s sub-04 finished without error at Fri Jul  7 14:50:04 EDT 2017
\n\n
New invocation of recon-all 
\n\n
status file for recon-all
Fri Jul  7 14:50:04 EDT 2017
#@# Make Pial Surf rh Fri Jul  7 14:50:04 EDT 2017
#@# Surf Volume rh Fri Jul  7 15:10:09 EDT 2017
recon-all -s sub-04 finished without error at Fri Jul  7 15:10:14 EDT 2017
\n\n
New invocation of recon-all 
\n\n
status file for recon-all
Fri Jul  7 15:10:15 EDT 2017
#@# Surf Volume rh Fri Jul  7 15:10:15 EDT 2017
recon-all -s sub-04 finished without error at Fri Jul  7 15:10:19 EDT 2017
\n\n
New invocation of recon-all 
\n\n
status file for recon-all
Fri Jul  7 15:10:20 EDT 2017
#@# Curv .H and .K lh Fri Jul  7 15:10:20 EDT 2017
recon-all -s sub-04 finished without error at Fri Jul  7 15:11:56 EDT 2017
\n\n
New invocation of recon-all 
\n\n
status file for recon-all
Fri Jul  7 15:11:56 EDT 2017
#@# Curv .H and .K rh Fri Jul  7 15:11:56 EDT 2017
recon-all -s sub-04 finished without error at Fri Jul  7 15:13:26 EDT 2017
\n\n
New invocation of recon-all 
\n\n
status file for recon-all
Fri Jul  7 15:13:27 EDT 2017
#@# Curvature Stats lh Fri Jul  7 15:13:27 EDT 2017
recon-all -s sub-04 finished without error at Fri Jul  7 15:13:34 EDT 2017
\n\n
New invocation of recon-all 
\n\n
status file for recon-all
Fri Jul  7 15:13:34 EDT 2017
#@# Curvature Stats rh Fri Jul  7 15:13:35 EDT 2017
recon-all -s sub-04 finished without error at Fri Jul  7 15:13:41 EDT 2017
\n\n
New invocation of recon-all 
\n\n
status file for recon-all
Fri Jul  7 15:13:42 EDT 2017
#@# Jacobian white lh Fri Jul  7 15:13:42 EDT 2017
recon-all -s sub-04 finished without error at Fri Jul  7 15:13:44 EDT 2017
\n\n
New invocation of recon-all 
\n\n
status file for recon-all
Fri Jul  7 15:13:45 EDT 2017
#@# Jacobian white rh Fri Jul  7 15:13:45 EDT 2017
recon-all -s sub-04 finished without error at Fri Jul  7 15:13:47 EDT 2017
\n\n
New invocation of recon-all 
\n\n
status file for recon-all
Fri Jul  7 15:13:47 EDT 2017
#@# AvgCurv lh Fri Jul  7 15:13:48 EDT 2017
recon-all -s sub-04 finished without error at Fri Jul  7 15:13:50 EDT 2017
\n\n
New invocation of recon-all 
\n\n
status file for recon-all
Fri Jul  7 15:13:50 EDT 2017
#@# AvgCurv rh Fri Jul  7 15:13:50 EDT 2017
recon-all -s sub-04 finished without error at Fri Jul  7 15:13:53 EDT 2017
\n\n
New invocation of recon-all 
\n\n
status file for recon-all
Fri Jul  7 15:13:53 EDT 2017
#@# Cortical ribbon mask Fri Jul  7 15:13:53 EDT 2017
recon-all -s sub-04 finished without error at Fri Jul  7 15:37:54 EDT 2017
\n\n
New invocation of recon-all 
\n\n
status file for recon-all
Fri Jul  7 15:37:55 EDT 2017
#@# Parcellation Stats lh Fri Jul  7 15:37:55 EDT 2017
recon-all -s sub-04 finished without error at Fri Jul  7 15:39:18 EDT 2017
\n\n
New invocation of recon-all 
\n\n
status file for recon-all
Fri Jul  7 15:39:18 EDT 2017
#@# Parcellation Stats rh Fri Jul  7 15:39:18 EDT 2017
recon-all -s sub-04 finished without error at Fri Jul  7 15:40:40 EDT 2017
\n\n
New invocation of recon-all 
\n\n
status file for recon-all
Fri Jul  7 15:40:40 EDT 2017
#@# Cortical Parc 2 lh Fri Jul  7 15:40:40 EDT 2017
recon-all -s sub-04 finished without error at Fri Jul  7 15:41:02 EDT 2017
\n\n
New invocation of recon-all 
\n\n
status file for recon-all
Fri Jul  7 15:41:02 EDT 2017
#@# Cortical Parc 2 rh Fri Jul  7 15:41:03 EDT 2017
recon-all -s sub-04 finished without error at Fri Jul  7 15:41:25 EDT 2017
\n\n
New invocation of recon-all 
\n\n
status file for recon-all
Fri Jul  7 15:41:26 EDT 2017
#@# Parcellation Stats 2 lh Fri Jul  7 15:41:26 EDT 2017
recon-all -s sub-04 finished without error at Fri Jul  7 15:42:11 EDT 2017
\n\n
New invocation of recon-all 
\n\n
status file for recon-all
Fri Jul  7 15:42:12 EDT 2017
#@# Parcellation Stats 2 rh Fri Jul  7 15:42:12 EDT 2017
recon-all -s sub-04 finished without error at Fri Jul  7 15:42:53 EDT 2017
\n\n
New invocation of recon-all 
\n\n
status file for recon-all
Fri Jul  7 15:42:53 EDT 2017
#@# Cortical Parc 3 lh Fri Jul  7 15:42:53 EDT 2017
recon-all -s sub-04 finished without error at Fri Jul  7 15:43:11 EDT 2017
\n\n
New invocation of recon-all 
\n\n
status file for recon-all
Fri Jul  7 15:43:11 EDT 2017
#@# Cortical Parc 3 rh Fri Jul  7 15:43:11 EDT 2017
recon-all -s sub-04 finished without error at Fri Jul  7 15:43:28 EDT 2017
\n\n
New invocation of recon-all 
\n\n
status file for recon-all
Fri Jul  7 15:43:29 EDT 2017
#@# Parcellation Stats 3 lh Fri Jul  7 15:43:29 EDT 2017
recon-all -s sub-04 finished without error at Fri Jul  7 15:44:10 EDT 2017
\n\n
New invocation of recon-all 
\n\n
status file for recon-all
Fri Jul  7 15:44:10 EDT 2017
#@# Parcellation Stats 3 rh Fri Jul  7 15:44:10 EDT 2017
recon-all -s sub-04 finished without error at Fri Jul  7 15:44:52 EDT 2017
\n\n
New invocation of recon-all 
\n\n
status file for recon-all
Fri Jul  7 15:44:52 EDT 2017
#@# WM/GM Contrast lh Fri Jul  7 15:44:52 EDT 2017
recon-all -s sub-04 finished without error at Fri Jul  7 15:44:59 EDT 2017
\n\n
New invocation of recon-all 
\n\n
status file for recon-all
Fri Jul  7 15:44:59 EDT 2017
#@# WM/GM Contrast rh Fri Jul  7 15:44:59 EDT 2017
recon-all -s sub-04 finished without error at Fri Jul  7 15:45:06 EDT 2017
\n\n
New invocation of recon-all 
\n\n
status file for recon-all
Fri Jul  7 15:45:06 EDT 2017
#@# Relabel Hypointensities Fri Jul  7 15:45:06 EDT 2017
recon-all -s sub-04 finished without error at Fri Jul  7 15:45:33 EDT 2017
\n\n
New invocation of recon-all 
\n\n
status file for recon-all
Fri Jul  7 15:45:34 EDT 2017
#@# AParc-to-ASeg aparc Fri Jul  7 15:45:34 EDT 2017
#@# AParc-to-ASeg a2009s Fri Jul  7 15:51:04 EDT 2017
#@# AParc-to-ASeg DKTatlas Fri Jul  7 15:56:29 EDT 2017
recon-all -s sub-04 finished without error at Fri Jul  7 16:01:48 EDT 2017
\n\n
New invocation of recon-all 
\n\n
status file for recon-all
Fri Jul  7 16:01:49 EDT 2017
#@# APas-to-ASeg Fri Jul  7 16:01:49 EDT 2017
recon-all -s sub-04 finished without error at Fri Jul  7 16:01:54 EDT 2017
\n\n
New invocation of recon-all 
\n\n
status file for recon-all
Fri Jul  7 16:01:55 EDT 2017
#@# ASeg Stats Fri Jul  7 16:01:55 EDT 2017
recon-all -s sub-04 finished without error at Fri Jul  7 16:03:07 EDT 2017
\n\n
New invocation of recon-all 
\n\n
status file for recon-all
Fri Jul  7 16:03:07 EDT 2017
#@# WMParc Fri Jul  7 16:03:07 EDT 2017
recon-all -s sub-04 finished without error at Fri Jul  7 16:10:00 EDT 2017
\n\n
New invocation of recon-all 
\n\n
status file for recon-all
Fri Jul  7 16:10:00 EDT 2017
#@# BA_exvivo Labels lh Fri Jul  7 16:10:00 EDT 2017
recon-all -s sub-04 finished without error at Fri Jul  7 16:15:36 EDT 2017
\n\n
New invocation of recon-all 
\n\n
status file for recon-all
Fri Jul  7 16:15:36 EDT 2017
#@# BA_exvivo Labels rh Fri Jul  7 16:15:36 EDT 2017
recon-all -s sub-04 finished without error at Fri Jul  7 16:21:04 EDT 2017
\n\n
New invocation of recon-all 
\n\n
status file for recon-all
Tue Jul 11 12:59:53 EDT 2017
#@# MotionCor Tue Jul 11 12:59:53 EDT 2017
recon-all -s sub-04 finished without error at Tue Jul 11 13:00:05 EDT 2017
\n\n
New invocation of recon-all 
\n\n
status file for recon-all
Tue Jul 11 13:00:05 EDT 2017
#@# Talairach Tue Jul 11 13:00:05 EDT 2017
#@# Talairach Failure Detection Tue Jul 11 13:03:05 EDT 2017
recon-all -s sub-04 finished without error at Tue Jul 11 13:03:06 EDT 2017
\n\n
New invocation of recon-all 
\n\n
status file for recon-all
Tue Jul 11 13:03:07 EDT 2017
#@# Nu Intensity Correction Tue Jul 11 13:03:07 EDT 2017
recon-all -s sub-04 finished without error at Tue Jul 11 13:06:33 EDT 2017
\n\n
New invocation of recon-all 
\n\n
status file for recon-all
Tue Jul 11 13:06:37 EDT 2017
#@# Intensity Normalization Tue Jul 11 13:06:37 EDT 2017
recon-all -s sub-04 finished without error at Tue Jul 11 13:11:37 EDT 2017
\n\n
New invocation of recon-all 
\n\n
status file for recon-all
Tue Jul 11 13:11:38 EDT 2017
#@# Skull Stripping Tue Jul 11 13:11:38 EDT 2017
recon-all -s sub-04 finished without error at Tue Jul 11 13:12:32 EDT 2017
\n\n
New invocation of recon-all 
\n\n
status file for recon-all
Tue Jul 11 13:12:32 EDT 2017
#@# EM Registration Tue Jul 11 13:12:32 EDT 2017
recon-all -s sub-04 finished without error at Tue Jul 11 13:43:31 EDT 2017
\n\n
New invocation of recon-all 
\n\n
status file for recon-all
Tue Jul 11 13:43:32 EDT 2017
#@# CA Normalize Tue Jul 11 13:43:32 EDT 2017
recon-all -s sub-04 finished without error at Tue Jul 11 13:46:11 EDT 2017
\n\n
New invocation of recon-all 
\n\n
status file for recon-all
Tue Jul 11 13:46:12 EDT 2017
#@# CA Reg Tue Jul 11 13:46:12 EDT 2017
recon-all -s sub-04 finished without error at Tue Jul 11 19:18:08 EDT 2017
\n\n
New invocation of recon-all 
\n\n
status file for recon-all
Tue Jul 11 19:18:09 EDT 2017
#@# SubCort Seg Tue Jul 11 19:18:09 EDT 2017
#@# Merge ASeg Tue Jul 11 20:38:56 EDT 2017
recon-all -s sub-04 finished without error at Tue Jul 11 20:38:56 EDT 2017
\n\n
New invocation of recon-all 
\n\n
status file for recon-all
Tue Jul 11 20:38:57 EDT 2017
#@# Intensity Normalization2 Tue Jul 11 20:38:57 EDT 2017
recon-all -s sub-04 finished without error at Tue Jul 11 20:45:34 EDT 2017
\n\n
New invocation of recon-all 
\n\n
status file for recon-all
Tue Jul 11 20:45:34 EDT 2017
#@# Mask BFS Tue Jul 11 20:45:34 EDT 2017
recon-all -s sub-04 finished without error at Tue Jul 11 20:45:39 EDT 2017
\n\n
New invocation of recon-all 
\n\n
status file for recon-all
Tue Jul 11 20:45:39 EDT 2017
#@# WM Segmentation Tue Jul 11 20:45:39 EDT 2017
recon-all -s sub-04 finished without error at Tue Jul 11 20:49:13 EDT 2017
\n\n
New invocation of recon-all 
\n\n
status file for recon-all
Tue Jul 11 20:49:14 EDT 2017
#@# Fill Tue Jul 11 20:49:14 EDT 2017
recon-all -s sub-04 finished without error at Tue Jul 11 20:50:24 EDT 2017
\n\n
New invocation of recon-all 
\n\n
status file for recon-all
Tue Jul 11 20:50:24 EDT 2017
#@# Tessellate lh Tue Jul 11 20:50:24 EDT 2017
recon-all -s sub-04 finished without error at Tue Jul 11 20:50:37 EDT 2017
\n\n
New invocation of recon-all 
\n\n
status file for recon-all
Tue Jul 11 20:50:38 EDT 2017
#@# Tessellate rh Tue Jul 11 20:50:38 EDT 2017
recon-all -s sub-04 finished without error at Tue Jul 11 20:50:51 EDT 2017
\n\n
New invocation of recon-all 
\n\n
status file for recon-all
Tue Jul 11 20:50:52 EDT 2017
#@# Smooth1 lh Tue Jul 11 20:50:52 EDT 2017
recon-all -s sub-04 finished without error at Tue Jul 11 20:51:07 EDT 2017
\n\n
New invocation of recon-all 
\n\n
status file for recon-all
Tue Jul 11 20:51:08 EDT 2017
#@# Smooth1 rh Tue Jul 11 20:51:08 EDT 2017
recon-all -s sub-04 finished without error at Tue Jul 11 20:51:23 EDT 2017
\n\n
New invocation of recon-all 
\n\n
status file for recon-all
Tue Jul 11 20:51:23 EDT 2017
#@# Inflation1 lh Tue Jul 11 20:51:23 EDT 2017
recon-all -s sub-04 finished without error at Tue Jul 11 20:52:33 EDT 2017
\n\n
New invocation of recon-all 
\n\n
status file for recon-all
Tue Jul 11 20:52:33 EDT 2017
#@# Inflation1 rh Tue Jul 11 20:52:33 EDT 2017
recon-all -s sub-04 finished without error at Tue Jul 11 20:53:43 EDT 2017
\n\n
New invocation of recon-all 
\n\n
status file for recon-all
Tue Jul 11 20:53:43 EDT 2017
#@# QSphere lh Tue Jul 11 20:53:43 EDT 2017
recon-all -s sub-04 finished without error at Tue Jul 11 21:00:21 EDT 2017
\n\n
New invocation of recon-all 
\n\n
status file for recon-all
Tue Jul 11 21:00:21 EDT 2017
#@# QSphere rh Tue Jul 11 21:00:21 EDT 2017
recon-all -s sub-04 finished without error at Tue Jul 11 21:06:35 EDT 2017
\n\n
New invocation of recon-all 
\n\n
status file for recon-all
Tue Jul 11 21:06:35 EDT 2017
#@# Fix Topology Copy lh Tue Jul 11 21:06:35 EDT 2017
#@# Fix Topology lh Tue Jul 11 21:06:35 EDT 2017
recon-all -s sub-04 finished without error at Tue Jul 11 22:00:32 EDT 2017
\n\n
New invocation of recon-all 
\n\n
status file for recon-all
Tue Jul 11 22:00:33 EDT 2017
#@# Fix Topology Copy rh Tue Jul 11 22:00:33 EDT 2017
#@# Fix Topology rh Tue Jul 11 22:00:33 EDT 2017
recon-all -s sub-04 finished without error at Tue Jul 11 22:52:30 EDT 2017
\n\n
New invocation of recon-all 
\n\n
status file for recon-all
Tue Jul 11 22:52:31 EDT 2017
#@# Make White Surf lh Tue Jul 11 22:52:31 EDT 2017
recon-all -s sub-04 finished without error at Tue Jul 11 23:19:16 EDT 2017
\n\n
New invocation of recon-all 
\n\n
status file for recon-all
Tue Jul 11 23:19:17 EDT 2017
#@# Make White Surf rh Tue Jul 11 23:19:17 EDT 2017
recon-all -s sub-04 finished without error at Tue Jul 11 23:48:06 EDT 2017
\n\n
New invocation of recon-all 
\n\n
status file for recon-all
Tue Jul 11 23:48:07 EDT 2017
#@# Smooth2 lh Tue Jul 11 23:48:07 EDT 2017
recon-all -s sub-04 finished without error at Tue Jul 11 23:48:23 EDT 2017
\n\n
New invocation of recon-all 
\n\n
status file for recon-all
Tue Jul 11 23:48:24 EDT 2017
#@# Inflation2 lh Tue Jul 11 23:48:24 EDT 2017
recon-all -s sub-04 finished without error at Tue Jul 11 23:49:43 EDT 2017
\n\n
New invocation of recon-all 
\n\n
status file for recon-all
Tue Jul 11 23:49:44 EDT 2017
#@# Sphere lh Tue Jul 11 23:49:44 EDT 2017
recon-all -s sub-04 finished without error at Wed Jul 12 01:08:27 EDT 2017
\n\n
New invocation of recon-all 
\n\n
status file for recon-all
Wed Jul 12 01:08:28 EDT 2017
#@# Surf Reg lh Wed Jul 12 01:08:28 EDT 2017
recon-all -s sub-04 finished without error at Wed Jul 12 02:51:12 EDT 2017
\n\n
New invocation of recon-all 
\n\n
status file for recon-all
Wed Jul 12 02:51:13 EDT 2017
#@# Cortical Parc lh Wed Jul 12 02:51:13 EDT 2017
recon-all -s sub-04 finished without error at Wed Jul 12 02:51:50 EDT 2017
\n\n
New invocation of recon-all 
\n\n
status file for recon-all
Wed Jul 12 02:51:51 EDT 2017
#@# Make Pial Surf lh Wed Jul 12 02:51:51 EDT 2017
#@# Surf Volume lh Wed Jul 12 03:20:07 EDT 2017
recon-all -s sub-04 finished without error at Wed Jul 12 03:20:15 EDT 2017
\n\n
New invocation of recon-all 
\n\n
status file for recon-all
Wed Jul 12 03:20:16 EDT 2017
#@# Surf Volume lh Wed Jul 12 03:20:16 EDT 2017
recon-all -s sub-04 finished without error at Wed Jul 12 03:20:23 EDT 2017
\n\n
New invocation of recon-all 
\n\n
status file for recon-all
Wed Jul 12 03:20:23 EDT 2017
#@# Smooth2 rh Wed Jul 12 03:20:23 EDT 2017
recon-all -s sub-04 finished without error at Wed Jul 12 03:20:39 EDT 2017
\n\n
New invocation of recon-all 
\n\n
status file for recon-all
Wed Jul 12 03:20:39 EDT 2017
#@# Inflation2 rh Wed Jul 12 03:20:39 EDT 2017
recon-all -s sub-04 finished without error at Wed Jul 12 03:21:47 EDT 2017
\n\n
New invocation of recon-all 
\n\n
status file for recon-all
Wed Jul 12 03:21:48 EDT 2017
#@# Sphere rh Wed Jul 12 03:21:48 EDT 2017
recon-all -s sub-04 finished without error at Wed Jul 12 04:47:54 EDT 2017
\n\n
New invocation of recon-all 
\n\n
status file for recon-all
Wed Jul 12 04:47:54 EDT 2017
#@# Surf Reg rh Wed Jul 12 04:47:54 EDT 2017
recon-all -s sub-04 finished without error at Wed Jul 12 06:39:42 EDT 2017
\n\n
New invocation of recon-all 
\n\n
status file for recon-all
Wed Jul 12 06:39:42 EDT 2017
#@# Cortical Parc rh Wed Jul 12 06:39:42 EDT 2017
recon-all -s sub-04 finished without error at Wed Jul 12 06:40:12 EDT 2017
\n\n
New invocation of recon-all 
\n\n
status file for recon-all
Wed Jul 12 06:40:12 EDT 2017
#@# Make Pial Surf rh Wed Jul 12 06:40:12 EDT 2017
#@# Surf Volume rh Wed Jul 12 07:06:15 EDT 2017
recon-all -s sub-04 finished without error at Wed Jul 12 07:06:21 EDT 2017
\n\n
New invocation of recon-all 
\n\n
status file for recon-all
Wed Jul 12 07:06:22 EDT 2017
#@# Surf Volume rh Wed Jul 12 07:06:22 EDT 2017
recon-all -s sub-04 finished without error at Wed Jul 12 07:06:27 EDT 2017
\n\n
New invocation of recon-all 
\n\n
status file for recon-all
Wed Jul 12 07:06:28 EDT 2017
#@# Curv .H and .K lh Wed Jul 12 07:06:28 EDT 2017
recon-all -s sub-04 finished without error at Wed Jul 12 07:08:23 EDT 2017
\n\n
New invocation of recon-all 
\n\n
status file for recon-all
Wed Jul 12 07:08:23 EDT 2017
#@# Curv .H and .K rh Wed Jul 12 07:08:23 EDT 2017
recon-all -s sub-04 finished without error at Wed Jul 12 07:10:17 EDT 2017
\n\n
New invocation of recon-all 
\n\n
status file for recon-all
Wed Jul 12 07:10:17 EDT 2017
#@# Curvature Stats lh Wed Jul 12 07:10:17 EDT 2017
recon-all -s sub-04 finished without error at Wed Jul 12 07:10:27 EDT 2017
\n\n
New invocation of recon-all 
\n\n
status file for recon-all
Wed Jul 12 07:10:28 EDT 2017
#@# Curvature Stats rh Wed Jul 12 07:10:28 EDT 2017
recon-all -s sub-04 finished without error at Wed Jul 12 07:10:38 EDT 2017
\n\n
New invocation of recon-all 
\n\n
status file for recon-all
Wed Jul 12 07:10:38 EDT 2017
#@# Jacobian white lh Wed Jul 12 07:10:38 EDT 2017
recon-all -s sub-04 finished without error at Wed Jul 12 07:10:42 EDT 2017
\n\n
New invocation of recon-all 
\n\n
status file for recon-all
Wed Jul 12 07:10:42 EDT 2017
#@# Jacobian white rh Wed Jul 12 07:10:42 EDT 2017
recon-all -s sub-04 finished without error at Wed Jul 12 07:10:45 EDT 2017
\n\n
New invocation of recon-all 
\n\n
status file for recon-all
Wed Jul 12 07:10:46 EDT 2017
#@# AvgCurv lh Wed Jul 12 07:10:46 EDT 2017
recon-all -s sub-04 finished without error at Wed Jul 12 07:10:49 EDT 2017
\n\n
New invocation of recon-all 
\n\n
status file for recon-all
Wed Jul 12 07:10:49 EDT 2017
#@# AvgCurv rh Wed Jul 12 07:10:49 EDT 2017
recon-all -s sub-04 finished without error at Wed Jul 12 07:10:52 EDT 2017
\n\n
New invocation of recon-all 
\n\n
status file for recon-all
Wed Jul 12 07:10:52 EDT 2017
#@# Cortical ribbon mask Wed Jul 12 07:10:52 EDT 2017
recon-all -s sub-04 finished without error at Wed Jul 12 07:35:58 EDT 2017
\n\n
New invocation of recon-all 
\n\n
status file for recon-all
Wed Jul 12 07:35:59 EDT 2017
#@# Parcellation Stats lh Wed Jul 12 07:35:59 EDT 2017
recon-all -s sub-04 finished without error at Wed Jul 12 07:38:56 EDT 2017
\n\n
New invocation of recon-all 
\n\n
status file for recon-all
Wed Jul 12 07:38:56 EDT 2017
#@# Parcellation Stats rh Wed Jul 12 07:38:56 EDT 2017
recon-all -s sub-04 finished without error at Wed Jul 12 07:41:52 EDT 2017
\n\n
New invocation of recon-all 
\n\n
status file for recon-all
Wed Jul 12 07:41:52 EDT 2017
#@# Cortical Parc 2 lh Wed Jul 12 07:41:52 EDT 2017
recon-all -s sub-04 finished without error at Wed Jul 12 07:42:28 EDT 2017
\n\n
New invocation of recon-all 
\n\n
status file for recon-all
Wed Jul 12 07:42:28 EDT 2017
#@# Cortical Parc 2 rh Wed Jul 12 07:42:28 EDT 2017
recon-all -s sub-04 finished without error at Wed Jul 12 07:43:05 EDT 2017
\n\n
New invocation of recon-all 
\n\n
status file for recon-all
Wed Jul 12 07:43:05 EDT 2017
#@# Parcellation Stats 2 lh Wed Jul 12 07:43:05 EDT 2017
recon-all -s sub-04 finished without error at Wed Jul 12 07:44:36 EDT 2017
\n\n
New invocation of recon-all 
\n\n
status file for recon-all
Wed Jul 12 07:44:36 EDT 2017
#@# Parcellation Stats 2 rh Wed Jul 12 07:44:36 EDT 2017
recon-all -s sub-04 finished without error at Wed Jul 12 07:46:06 EDT 2017
\n\n
New invocation of recon-all 
\n\n
status file for recon-all
Wed Jul 12 07:46:06 EDT 2017
#@# Cortical Parc 3 lh Wed Jul 12 07:46:07 EDT 2017
recon-all -s sub-04 finished without error at Wed Jul 12 07:46:36 EDT 2017
\n\n
New invocation of recon-all 
\n\n
status file for recon-all
Wed Jul 12 07:46:36 EDT 2017
#@# Cortical Parc 3 rh Wed Jul 12 07:46:36 EDT 2017
recon-all -s sub-04 finished without error at Wed Jul 12 07:47:05 EDT 2017
\n\n
New invocation of recon-all 
\n\n
status file for recon-all
Wed Jul 12 07:47:05 EDT 2017
#@# Parcellation Stats 3 lh Wed Jul 12 07:47:05 EDT 2017
recon-all -s sub-04 finished without error at Wed Jul 12 07:48:33 EDT 2017
\n\n
New invocation of recon-all 
\n\n
status file for recon-all
Wed Jul 12 07:48:33 EDT 2017
#@# Parcellation Stats 3 rh Wed Jul 12 07:48:33 EDT 2017
recon-all -s sub-04 finished without error at Wed Jul 12 07:50:00 EDT 2017
\n\n
New invocation of recon-all 
\n\n
status file for recon-all
Wed Jul 12 07:50:01 EDT 2017
#@# WM/GM Contrast lh Wed Jul 12 07:50:01 EDT 2017
recon-all -s sub-04 finished without error at Wed Jul 12 07:50:12 EDT 2017
\n\n
New invocation of recon-all 
\n\n
status file for recon-all
Wed Jul 12 07:50:12 EDT 2017
#@# WM/GM Contrast rh Wed Jul 12 07:50:12 EDT 2017
recon-all -s sub-04 finished without error at Wed Jul 12 07:50:22 EDT 2017
\n\n
New invocation of recon-all 
\n\n
status file for recon-all
Wed Jul 12 07:50:22 EDT 2017
#@# Relabel Hypointensities Wed Jul 12 07:50:22 EDT 2017
recon-all -s sub-04 finished without error at Wed Jul 12 07:51:06 EDT 2017
\n\n
New invocation of recon-all 
\n\n
status file for recon-all
Wed Jul 12 07:51:06 EDT 2017
#@# AParc-to-ASeg aparc Wed Jul 12 07:51:06 EDT 2017
#@# AParc-to-ASeg a2009s Wed Jul 12 08:02:25 EDT 2017
#@# AParc-to-ASeg DKTatlas Wed Jul 12 08:13:35 EDT 2017
recon-all -s sub-04 finished without error at Wed Jul 12 08:24:37 EDT 2017
\n\n
New invocation of recon-all 
\n\n
status file for recon-all
Wed Jul 12 08:24:38 EDT 2017
#@# APas-to-ASeg Wed Jul 12 08:24:38 EDT 2017
recon-all -s sub-04 finished without error at Wed Jul 12 08:24:46 EDT 2017
\n\n
New invocation of recon-all 
\n\n
status file for recon-all
Wed Jul 12 08:24:46 EDT 2017
#@# ASeg Stats Wed Jul 12 08:24:46 EDT 2017
recon-all -s sub-04 finished without error at Wed Jul 12 08:29:58 EDT 2017
\n\n
New invocation of recon-all 
\n\n
status file for recon-all
Wed Jul 12 08:29:59 EDT 2017
#@# WMParc Wed Jul 12 08:29:59 EDT 2017
recon-all -s sub-04 finished without error at Wed Jul 12 08:50:24 EDT 2017
\n\n
New invocation of recon-all 
\n\n
status file for recon-all
Wed Jul 12 08:50:25 EDT 2017
#@# BA_exvivo Labels lh Wed Jul 12 08:50:25 EDT 2017
recon-all -s sub-04 finished without error at Wed Jul 12 08:57:54 EDT 2017
\n\n
New invocation of recon-all 
\n\n
status file for recon-all
Wed Jul 12 08:57:54 EDT 2017
#@# BA_exvivo Labels rh Wed Jul 12 08:57:54 EDT 2017
recon-all -s sub-04 finished without error at Wed Jul 12 09:05:20 EDT 2017
