status file for recon-all
Thu Jul  6 19:17:25 EDT 2017
#@# MotionCor Thu Jul  6 19:17:35 EDT 2017
#@# Deface Thu Jul  6 19:17:49 EDT 2017
#@# Talairach Thu Jul  6 19:21:07 EDT 2017
#@# Talairach Failure Detection Thu Jul  6 19:23:44 EDT 2017
#@# Nu Intensity Correction Thu Jul  6 19:23:44 EDT 2017
#@# Intensity Normalization Thu Jul  6 19:25:41 EDT 2017
#@# Skull Stripping Thu Jul  6 19:29:12 EDT 2017
#@# EM Registration Thu Jul  6 19:40:54 EDT 2017
#@# CA Normalize Thu Jul  6 19:54:45 EDT 2017
#@# CA Reg Thu Jul  6 19:57:24 EDT 2017
#@# SubCort Seg Thu Jul  6 22:10:25 EDT 2017
#@# Merge ASeg Thu Jul  6 23:17:36 EDT 2017
#@# Intensity Normalization2 Thu Jul  6 23:17:36 EDT 2017
#@# Mask BFS Thu Jul  6 23:20:50 EDT 2017
#@# WM Segmentation Thu Jul  6 23:20:51 EDT 2017
#@# Fill Thu Jul  6 23:23:27 EDT 2017
#@# Tessellate lh Thu Jul  6 23:24:10 EDT 2017
#@# Tessellate rh Thu Jul  6 23:24:15 EDT 2017
#@# Smooth1 lh Thu Jul  6 23:24:21 EDT 2017
#@# Smooth1 rh Thu Jul  6 23:24:21 EDT 2017
Darwin trash-can.local 15.6.0 Darwin Kernel Version 15.6.0: Thu Jun 23 18:25:34 PDT 2016; root:xnu-3248.60.10~1/RELEASE_X86_64 x86_64 i386 MacPro6,1 Darwin

recon-all -s sub-05 exited with ERRORS at Thu Jul  6 23:24:22 EDT 2017

\n\n
New invocation of recon-all 
\n\n
status file for recon-all
Fri Jul  7 09:47:34 EDT 2017
#@# Smooth1 lh Fri Jul  7 09:47:34 EDT 2017
recon-all -s sub-05 finished without error at Fri Jul  7 09:47:43 EDT 2017
\n\n
New invocation of recon-all 
\n\n
status file for recon-all
Fri Jul  7 09:47:44 EDT 2017
#@# Smooth1 rh Fri Jul  7 09:47:44 EDT 2017
recon-all -s sub-05 finished without error at Fri Jul  7 09:47:54 EDT 2017
\n\n
New invocation of recon-all 
\n\n
status file for recon-all
Fri Jul  7 09:47:54 EDT 2017
#@# Inflation1 lh Fri Jul  7 09:47:54 EDT 2017
recon-all -s sub-05 finished without error at Fri Jul  7 09:48:18 EDT 2017
\n\n
New invocation of recon-all 
\n\n
status file for recon-all
Fri Jul  7 09:48:18 EDT 2017
#@# Inflation1 rh Fri Jul  7 09:48:18 EDT 2017
recon-all -s sub-05 finished without error at Fri Jul  7 09:48:43 EDT 2017
\n\n
New invocation of recon-all 
\n\n
status file for recon-all
Fri Jul  7 09:48:44 EDT 2017
#@# QSphere lh Fri Jul  7 09:48:44 EDT 2017
recon-all -s sub-05 finished without error at Fri Jul  7 09:51:59 EDT 2017
\n\n
New invocation of recon-all 
\n\n
status file for recon-all
Fri Jul  7 09:52:00 EDT 2017
#@# QSphere rh Fri Jul  7 09:52:00 EDT 2017
recon-all -s sub-05 finished without error at Fri Jul  7 09:55:15 EDT 2017
\n\n
New invocation of recon-all 
\n\n
status file for recon-all
Fri Jul  7 09:55:15 EDT 2017
#@# Fix Topology Copy lh Fri Jul  7 09:55:15 EDT 2017
#@# Fix Topology lh Fri Jul  7 09:55:15 EDT 2017
\n\n
New invocation of recon-all 
\n\n
status file for recon-all
Fri Jul 14 14:14:02 EDT 2017
#@# MotionCor Fri Jul 14 14:14:02 EDT 2017
recon-all -s sub-05 finished without error at Fri Jul 14 14:14:17 EDT 2017
\n\n
New invocation of recon-all 
\n\n
status file for recon-all
Fri Jul 14 14:14:18 EDT 2017
#@# Talairach Fri Jul 14 14:14:18 EDT 2017
#@# Talairach Failure Detection Fri Jul 14 14:19:17 EDT 2017
recon-all -s sub-05 finished without error at Fri Jul 14 14:19:19 EDT 2017
\n\n
New invocation of recon-all 
\n\n
status file for recon-all
Fri Jul 14 14:19:30 EDT 2017
#@# Nu Intensity Correction Fri Jul 14 14:19:30 EDT 2017
recon-all -s sub-05 finished without error at Fri Jul 14 14:25:42 EDT 2017
\n\n
New invocation of recon-all 
\n\n
status file for recon-all
Fri Jul 14 14:25:43 EDT 2017
#@# Intensity Normalization Fri Jul 14 14:25:43 EDT 2017
recon-all -s sub-05 finished without error at Fri Jul 14 14:33:35 EDT 2017
\n\n
New invocation of recon-all 
\n\n
status file for recon-all
Fri Jul 14 14:33:36 EDT 2017
#@# Skull Stripping Fri Jul 14 14:33:37 EDT 2017
recon-all -s sub-05 finished without error at Fri Jul 14 14:34:59 EDT 2017
\n\n
New invocation of recon-all 
\n\n
status file for recon-all
Fri Jul 14 14:35:00 EDT 2017
#@# EM Registration Fri Jul 14 14:35:00 EDT 2017
recon-all -s sub-05 finished without error at Fri Jul 14 15:14:59 EDT 2017
\n\n
New invocation of recon-all 
\n\n
status file for recon-all
Fri Jul 14 15:15:01 EDT 2017
#@# CA Normalize Fri Jul 14 15:15:01 EDT 2017
recon-all -s sub-05 finished without error at Fri Jul 14 15:18:59 EDT 2017
\n\n
New invocation of recon-all 
\n\n
status file for recon-all
Fri Jul 14 15:19:00 EDT 2017
#@# CA Reg Fri Jul 14 15:19:00 EDT 2017
recon-all -s sub-05 finished without error at Fri Jul 14 23:05:33 EDT 2017
\n\n
New invocation of recon-all 
\n\n
status file for recon-all
Fri Jul 14 23:05:34 EDT 2017
#@# SubCort Seg Fri Jul 14 23:05:34 EDT 2017
#@# Merge ASeg Sat Jul 15 01:02:59 EDT 2017
recon-all -s sub-05 finished without error at Sat Jul 15 01:02:59 EDT 2017
\n\n
New invocation of recon-all 
\n\n
status file for recon-all
Sat Jul 15 01:03:00 EDT 2017
#@# Intensity Normalization2 Sat Jul 15 01:03:00 EDT 2017
recon-all -s sub-05 finished without error at Sat Jul 15 01:10:53 EDT 2017
\n\n
New invocation of recon-all 
\n\n
status file for recon-all
Sat Jul 15 01:10:54 EDT 2017
#@# Mask BFS Sat Jul 15 01:10:54 EDT 2017
recon-all -s sub-05 finished without error at Sat Jul 15 01:10:58 EDT 2017
\n\n
New invocation of recon-all 
\n\n
status file for recon-all
Sat Jul 15 01:10:58 EDT 2017
#@# WM Segmentation Sat Jul 15 01:10:58 EDT 2017
recon-all -s sub-05 finished without error at Sat Jul 15 01:14:42 EDT 2017
\n\n
New invocation of recon-all 
\n\n
status file for recon-all
Sat Jul 15 01:14:42 EDT 2017
#@# Fill Sat Jul 15 01:14:42 EDT 2017
recon-all -s sub-05 finished without error at Sat Jul 15 01:15:48 EDT 2017
\n\n
New invocation of recon-all 
\n\n
status file for recon-all
Sat Jul 15 01:15:48 EDT 2017
#@# Tessellate lh Sat Jul 15 01:15:49 EDT 2017
recon-all -s sub-05 finished without error at Sat Jul 15 01:16:01 EDT 2017
\n\n
New invocation of recon-all 
\n\n
status file for recon-all
Sat Jul 15 01:16:02 EDT 2017
#@# Tessellate rh Sat Jul 15 01:16:02 EDT 2017
recon-all -s sub-05 finished without error at Sat Jul 15 01:16:15 EDT 2017
\n\n
New invocation of recon-all 
\n\n
status file for recon-all
Sat Jul 15 01:16:16 EDT 2017
#@# Smooth1 lh Sat Jul 15 01:16:16 EDT 2017
recon-all -s sub-05 finished without error at Sat Jul 15 01:16:30 EDT 2017
\n\n
New invocation of recon-all 
\n\n
status file for recon-all
Sat Jul 15 01:16:30 EDT 2017
#@# Smooth1 rh Sat Jul 15 01:16:30 EDT 2017
recon-all -s sub-05 finished without error at Sat Jul 15 01:16:45 EDT 2017
\n\n
New invocation of recon-all 
\n\n
status file for recon-all
Sat Jul 15 01:16:45 EDT 2017
#@# Inflation1 lh Sat Jul 15 01:16:45 EDT 2017
recon-all -s sub-05 finished without error at Sat Jul 15 01:17:51 EDT 2017
\n\n
New invocation of recon-all 
\n\n
status file for recon-all
Sat Jul 15 01:17:51 EDT 2017
#@# Inflation1 rh Sat Jul 15 01:17:51 EDT 2017
recon-all -s sub-05 finished without error at Sat Jul 15 01:18:57 EDT 2017
\n\n
New invocation of recon-all 
\n\n
status file for recon-all
Sat Jul 15 01:18:58 EDT 2017
#@# QSphere lh Sat Jul 15 01:18:58 EDT 2017
recon-all -s sub-05 finished without error at Sat Jul 15 01:24:58 EDT 2017
\n\n
New invocation of recon-all 
\n\n
status file for recon-all
Sat Jul 15 01:24:58 EDT 2017
#@# QSphere rh Sat Jul 15 01:24:59 EDT 2017
recon-all -s sub-05 finished without error at Sat Jul 15 01:31:17 EDT 2017
\n\n
New invocation of recon-all 
\n\n
status file for recon-all
Sat Jul 15 01:31:18 EDT 2017
#@# Fix Topology Copy lh Sat Jul 15 01:31:18 EDT 2017
#@# Fix Topology lh Sat Jul 15 01:31:18 EDT 2017
recon-all -s sub-05 finished without error at Sat Jul 15 02:07:52 EDT 2017
\n\n
New invocation of recon-all 
\n\n
status file for recon-all
Sat Jul 15 02:07:53 EDT 2017
#@# Fix Topology Copy rh Sat Jul 15 02:07:53 EDT 2017
#@# Fix Topology rh Sat Jul 15 02:07:53 EDT 2017
recon-all -s sub-05 finished without error at Sat Jul 15 02:58:25 EDT 2017
\n\n
New invocation of recon-all 
\n\n
status file for recon-all
Sat Jul 15 02:58:26 EDT 2017
#@# Make White Surf lh Sat Jul 15 02:58:26 EDT 2017
recon-all -s sub-05 finished without error at Sat Jul 15 03:23:13 EDT 2017
\n\n
New invocation of recon-all 
\n\n
status file for recon-all
Sat Jul 15 03:23:14 EDT 2017
#@# Make White Surf rh Sat Jul 15 03:23:14 EDT 2017
recon-all -s sub-05 finished without error at Sat Jul 15 03:46:19 EDT 2017
\n\n
New invocation of recon-all 
\n\n
status file for recon-all
Sat Jul 15 03:46:20 EDT 2017
#@# Smooth2 lh Sat Jul 15 03:46:20 EDT 2017
recon-all -s sub-05 finished without error at Sat Jul 15 03:46:33 EDT 2017
\n\n
New invocation of recon-all 
\n\n
status file for recon-all
Sat Jul 15 03:46:34 EDT 2017
#@# Inflation2 lh Sat Jul 15 03:46:34 EDT 2017
recon-all -s sub-05 finished without error at Sat Jul 15 03:47:26 EDT 2017
\n\n
New invocation of recon-all 
\n\n
status file for recon-all
Sat Jul 15 03:47:26 EDT 2017
#@# Sphere lh Sat Jul 15 03:47:26 EDT 2017
recon-all -s sub-05 finished without error at Sat Jul 15 04:40:39 EDT 2017
\n\n
New invocation of recon-all 
\n\n
status file for recon-all
Sat Jul 15 04:40:39 EDT 2017
#@# Surf Reg lh Sat Jul 15 04:40:39 EDT 2017
recon-all -s sub-05 finished without error at Sat Jul 15 06:09:49 EDT 2017
\n\n
New invocation of recon-all 
\n\n
status file for recon-all
Sat Jul 15 06:09:49 EDT 2017
#@# Cortical Parc lh Sat Jul 15 06:09:49 EDT 2017
recon-all -s sub-05 finished without error at Sat Jul 15 06:10:20 EDT 2017
\n\n
New invocation of recon-all 
\n\n
status file for recon-all
Sat Jul 15 06:10:20 EDT 2017
#@# Make Pial Surf lh Sat Jul 15 06:10:20 EDT 2017
#@# Surf Volume lh Sat Jul 15 06:34:24 EDT 2017
recon-all -s sub-05 finished without error at Sat Jul 15 06:34:31 EDT 2017
\n\n
New invocation of recon-all 
\n\n
status file for recon-all
Sat Jul 15 06:34:31 EDT 2017
#@# Surf Volume lh Sat Jul 15 06:34:31 EDT 2017
recon-all -s sub-05 finished without error at Sat Jul 15 06:34:37 EDT 2017
\n\n
New invocation of recon-all 
\n\n
status file for recon-all
Sat Jul 15 06:34:38 EDT 2017
#@# Smooth2 rh Sat Jul 15 06:34:38 EDT 2017
recon-all -s sub-05 finished without error at Sat Jul 15 06:34:52 EDT 2017
\n\n
New invocation of recon-all 
\n\n
status file for recon-all
Sat Jul 15 06:34:52 EDT 2017
#@# Inflation2 rh Sat Jul 15 06:34:52 EDT 2017
recon-all -s sub-05 finished without error at Sat Jul 15 06:35:50 EDT 2017
\n\n
New invocation of recon-all 
\n\n
status file for recon-all
Sat Jul 15 06:35:51 EDT 2017
#@# Sphere rh Sat Jul 15 06:35:51 EDT 2017
recon-all -s sub-05 finished without error at Sat Jul 15 07:37:48 EDT 2017
\n\n
New invocation of recon-all 
\n\n
status file for recon-all
Sat Jul 15 07:37:49 EDT 2017
#@# Surf Reg rh Sat Jul 15 07:37:49 EDT 2017
recon-all -s sub-05 finished without error at Sat Jul 15 09:10:12 EDT 2017
\n\n
New invocation of recon-all 
\n\n
status file for recon-all
Sat Jul 15 09:10:12 EDT 2017
#@# Cortical Parc rh Sat Jul 15 09:10:12 EDT 2017
recon-all -s sub-05 finished without error at Sat Jul 15 09:10:41 EDT 2017
\n\n
New invocation of recon-all 
\n\n
status file for recon-all
Sat Jul 15 09:10:42 EDT 2017
#@# Make Pial Surf rh Sat Jul 15 09:10:42 EDT 2017
#@# Surf Volume rh Sat Jul 15 09:33:57 EDT 2017
recon-all -s sub-05 finished without error at Sat Jul 15 09:34:04 EDT 2017
\n\n
New invocation of recon-all 
\n\n
status file for recon-all
Sat Jul 15 09:34:04 EDT 2017
#@# Surf Volume rh Sat Jul 15 09:34:04 EDT 2017
recon-all -s sub-05 finished without error at Sat Jul 15 09:34:10 EDT 2017
\n\n
New invocation of recon-all 
\n\n
status file for recon-all
Sat Jul 15 09:34:10 EDT 2017
#@# Curv .H and .K lh Sat Jul 15 09:34:11 EDT 2017
recon-all -s sub-05 finished without error at Sat Jul 15 09:35:56 EDT 2017
\n\n
New invocation of recon-all 
\n\n
status file for recon-all
Sat Jul 15 09:35:56 EDT 2017
#@# Curv .H and .K rh Sat Jul 15 09:35:56 EDT 2017
recon-all -s sub-05 finished without error at Sat Jul 15 09:37:42 EDT 2017
\n\n
New invocation of recon-all 
\n\n
status file for recon-all
Sat Jul 15 09:37:43 EDT 2017
#@# Curvature Stats lh Sat Jul 15 09:37:43 EDT 2017
recon-all -s sub-05 finished without error at Sat Jul 15 09:37:52 EDT 2017
\n\n
New invocation of recon-all 
\n\n
status file for recon-all
Sat Jul 15 09:37:53 EDT 2017
#@# Curvature Stats rh Sat Jul 15 09:37:53 EDT 2017
recon-all -s sub-05 finished without error at Sat Jul 15 09:38:02 EDT 2017
\n\n
New invocation of recon-all 
\n\n
status file for recon-all
Sat Jul 15 09:38:02 EDT 2017
#@# Jacobian white lh Sat Jul 15 09:38:02 EDT 2017
recon-all -s sub-05 finished without error at Sat Jul 15 09:38:06 EDT 2017
\n\n
New invocation of recon-all 
\n\n
status file for recon-all
Sat Jul 15 09:38:06 EDT 2017
#@# Jacobian white rh Sat Jul 15 09:38:06 EDT 2017
recon-all -s sub-05 finished without error at Sat Jul 15 09:38:09 EDT 2017
\n\n
New invocation of recon-all 
\n\n
status file for recon-all
Sat Jul 15 09:38:10 EDT 2017
#@# AvgCurv lh Sat Jul 15 09:38:10 EDT 2017
recon-all -s sub-05 finished without error at Sat Jul 15 09:38:13 EDT 2017
\n\n
New invocation of recon-all 
\n\n
status file for recon-all
Sat Jul 15 09:38:13 EDT 2017
#@# AvgCurv rh Sat Jul 15 09:38:13 EDT 2017
recon-all -s sub-05 finished without error at Sat Jul 15 09:38:16 EDT 2017
\n\n
New invocation of recon-all 
\n\n
status file for recon-all
Sat Jul 15 09:38:16 EDT 2017
#@# Cortical ribbon mask Sat Jul 15 09:38:16 EDT 2017
recon-all -s sub-05 finished without error at Sat Jul 15 09:58:18 EDT 2017
\n\n
New invocation of recon-all 
\n\n
status file for recon-all
Sat Jul 15 09:58:19 EDT 2017
#@# Parcellation Stats lh Sat Jul 15 09:58:19 EDT 2017
recon-all -s sub-05 finished without error at Sat Jul 15 10:01:13 EDT 2017
\n\n
New invocation of recon-all 
\n\n
status file for recon-all
Sat Jul 15 10:01:13 EDT 2017
#@# Parcellation Stats rh Sat Jul 15 10:01:13 EDT 2017
recon-all -s sub-05 finished without error at Sat Jul 15 10:04:24 EDT 2017
\n\n
New invocation of recon-all 
\n\n
status file for recon-all
Sat Jul 15 10:04:24 EDT 2017
#@# Cortical Parc 2 lh Sat Jul 15 10:04:24 EDT 2017
recon-all -s sub-05 finished without error at Sat Jul 15 10:05:00 EDT 2017
\n\n
New invocation of recon-all 
\n\n
status file for recon-all
Sat Jul 15 10:05:00 EDT 2017
#@# Cortical Parc 2 rh Sat Jul 15 10:05:00 EDT 2017
recon-all -s sub-05 finished without error at Sat Jul 15 10:05:36 EDT 2017
\n\n
New invocation of recon-all 
\n\n
status file for recon-all
Sat Jul 15 10:05:36 EDT 2017
#@# Parcellation Stats 2 lh Sat Jul 15 10:05:36 EDT 2017
recon-all -s sub-05 finished without error at Sat Jul 15 10:07:14 EDT 2017
\n\n
New invocation of recon-all 
\n\n
status file for recon-all
Sat Jul 15 10:07:15 EDT 2017
#@# Parcellation Stats 2 rh Sat Jul 15 10:07:15 EDT 2017
recon-all -s sub-05 finished without error at Sat Jul 15 10:08:52 EDT 2017
\n\n
New invocation of recon-all 
\n\n
status file for recon-all
Sat Jul 15 10:08:53 EDT 2017
#@# Cortical Parc 3 lh Sat Jul 15 10:08:53 EDT 2017
recon-all -s sub-05 finished without error at Sat Jul 15 10:09:21 EDT 2017
\n\n
New invocation of recon-all 
\n\n
status file for recon-all
Sat Jul 15 10:09:21 EDT 2017
#@# Cortical Parc 3 rh Sat Jul 15 10:09:21 EDT 2017
recon-all -s sub-05 finished without error at Sat Jul 15 10:09:52 EDT 2017
\n\n
New invocation of recon-all 
\n\n
status file for recon-all
Sat Jul 15 10:09:52 EDT 2017
#@# Parcellation Stats 3 lh Sat Jul 15 10:09:52 EDT 2017
recon-all -s sub-05 finished without error at Sat Jul 15 10:11:27 EDT 2017
\n\n
New invocation of recon-all 
\n\n
status file for recon-all
Sat Jul 15 10:11:27 EDT 2017
#@# Parcellation Stats 3 rh Sat Jul 15 10:11:27 EDT 2017
recon-all -s sub-05 finished without error at Sat Jul 15 10:13:02 EDT 2017
\n\n
New invocation of recon-all 
\n\n
status file for recon-all
Sat Jul 15 10:13:02 EDT 2017
#@# WM/GM Contrast lh Sat Jul 15 10:13:02 EDT 2017
recon-all -s sub-05 finished without error at Sat Jul 15 10:13:13 EDT 2017
\n\n
New invocation of recon-all 
\n\n
status file for recon-all
Sat Jul 15 10:13:13 EDT 2017
#@# WM/GM Contrast rh Sat Jul 15 10:13:14 EDT 2017
recon-all -s sub-05 finished without error at Sat Jul 15 10:13:24 EDT 2017
\n\n
New invocation of recon-all 
\n\n
status file for recon-all
Sat Jul 15 10:13:24 EDT 2017
#@# Relabel Hypointensities Sat Jul 15 10:13:24 EDT 2017
recon-all -s sub-05 finished without error at Sat Jul 15 10:14:10 EDT 2017
\n\n
New invocation of recon-all 
\n\n
status file for recon-all
Sat Jul 15 10:14:11 EDT 2017
#@# AParc-to-ASeg aparc Sat Jul 15 10:14:11 EDT 2017
#@# AParc-to-ASeg a2009s Sat Jul 15 10:28:40 EDT 2017
#@# AParc-to-ASeg DKTatlas Sat Jul 15 10:43:05 EDT 2017
recon-all -s sub-05 finished without error at Sat Jul 15 10:57:26 EDT 2017
\n\n
New invocation of recon-all 
\n\n
status file for recon-all
Sat Jul 15 10:57:27 EDT 2017
#@# APas-to-ASeg Sat Jul 15 10:57:27 EDT 2017
recon-all -s sub-05 finished without error at Sat Jul 15 10:57:37 EDT 2017
\n\n
New invocation of recon-all 
\n\n
status file for recon-all
Sat Jul 15 10:57:37 EDT 2017
#@# ASeg Stats Sat Jul 15 10:57:37 EDT 2017
recon-all -s sub-05 finished without error at Sat Jul 15 11:04:39 EDT 2017
\n\n
New invocation of recon-all 
\n\n
status file for recon-all
Sat Jul 15 11:04:39 EDT 2017
#@# WMParc Sat Jul 15 11:04:39 EDT 2017
recon-all -s sub-05 finished without error at Sat Jul 15 11:33:47 EDT 2017
\n\n
New invocation of recon-all 
\n\n
status file for recon-all
Sat Jul 15 11:33:47 EDT 2017
#@# BA_exvivo Labels lh Sat Jul 15 11:33:47 EDT 2017
recon-all -s sub-05 finished without error at Sat Jul 15 11:41:57 EDT 2017
\n\n
New invocation of recon-all 
\n\n
status file for recon-all
Sat Jul 15 11:41:58 EDT 2017
#@# BA_exvivo Labels rh Sat Jul 15 11:41:58 EDT 2017
recon-all -s sub-05 finished without error at Sat Jul 15 11:50:19 EDT 2017
