status file for recon-all
Thu Jul  6 19:08:38 EDT 2017
#@# MotionCor Thu Jul  6 19:08:47 EDT 2017
#@# Deface Thu Jul  6 19:08:57 EDT 2017
#@# Talairach Thu Jul  6 19:11:21 EDT 2017
#@# Talairach Failure Detection Thu Jul  6 19:12:58 EDT 2017
#@# Nu Intensity Correction Thu Jul  6 19:12:58 EDT 2017
#@# Intensity Normalization Thu Jul  6 19:14:32 EDT 2017
#@# Skull Stripping Thu Jul  6 19:16:55 EDT 2017
#@# EM Registration Thu Jul  6 19:29:01 EDT 2017
#@# CA Normalize Thu Jul  6 19:43:40 EDT 2017
#@# CA Reg Thu Jul  6 19:46:18 EDT 2017
#@# SubCort Seg Thu Jul  6 22:42:49 EDT 2017
#@# Merge ASeg Thu Jul  6 23:35:06 EDT 2017
#@# Intensity Normalization2 Thu Jul  6 23:35:06 EDT 2017
#@# Mask BFS Thu Jul  6 23:38:10 EDT 2017
#@# WM Segmentation Thu Jul  6 23:38:11 EDT 2017
#@# Fill Thu Jul  6 23:40:33 EDT 2017
#@# Tessellate lh Thu Jul  6 23:41:16 EDT 2017
#@# Tessellate rh Thu Jul  6 23:41:22 EDT 2017
#@# Smooth1 lh Thu Jul  6 23:41:27 EDT 2017
#@# Smooth1 rh Thu Jul  6 23:41:27 EDT 2017
Darwin trash-can.local 15.6.0 Darwin Kernel Version 15.6.0: Thu Jun 23 18:25:34 PDT 2016; root:xnu-3248.60.10~1/RELEASE_X86_64 x86_64 i386 MacPro6,1 Darwin

recon-all -s sub-06 exited with ERRORS at Thu Jul  6 23:41:27 EDT 2017

\n\n
New invocation of recon-all 
\n\n
status file for recon-all
Fri Jul  7 09:48:00 EDT 2017
#@# Smooth1 lh Fri Jul  7 09:48:00 EDT 2017
recon-all -s sub-06 finished without error at Fri Jul  7 09:48:09 EDT 2017
\n\n
New invocation of recon-all 
\n\n
status file for recon-all
Fri Jul  7 09:48:09 EDT 2017
#@# Smooth1 rh Fri Jul  7 09:48:09 EDT 2017
recon-all -s sub-06 finished without error at Fri Jul  7 09:48:18 EDT 2017
\n\n
New invocation of recon-all 
\n\n
status file for recon-all
Fri Jul  7 09:48:19 EDT 2017
#@# Inflation1 lh Fri Jul  7 09:48:19 EDT 2017
recon-all -s sub-06 finished without error at Fri Jul  7 09:48:39 EDT 2017
\n\n
New invocation of recon-all 
\n\n
status file for recon-all
Fri Jul  7 09:48:39 EDT 2017
#@# Inflation1 rh Fri Jul  7 09:48:39 EDT 2017
recon-all -s sub-06 finished without error at Fri Jul  7 09:49:00 EDT 2017
\n\n
New invocation of recon-all 
\n\n
status file for recon-all
Fri Jul  7 09:49:00 EDT 2017
#@# QSphere lh Fri Jul  7 09:49:00 EDT 2017
recon-all -s sub-06 finished without error at Fri Jul  7 09:51:20 EDT 2017
\n\n
New invocation of recon-all 
\n\n
status file for recon-all
Fri Jul  7 09:51:21 EDT 2017
#@# QSphere rh Fri Jul  7 09:51:21 EDT 2017
recon-all -s sub-06 finished without error at Fri Jul  7 09:54:08 EDT 2017
\n\n
New invocation of recon-all 
\n\n
status file for recon-all
Fri Jul  7 09:54:08 EDT 2017
#@# Fix Topology Copy lh Fri Jul  7 09:54:08 EDT 2017
#@# Fix Topology lh Fri Jul  7 09:54:08 EDT 2017
recon-all -s sub-06 finished without error at Fri Jul  7 10:22:37 EDT 2017
\n\n
New invocation of recon-all 
\n\n
status file for recon-all
Fri Jul  7 10:22:37 EDT 2017
#@# Fix Topology Copy rh Fri Jul  7 10:22:37 EDT 2017
#@# Fix Topology rh Fri Jul  7 10:22:38 EDT 2017
recon-all -s sub-06 finished without error at Fri Jul  7 11:34:00 EDT 2017
\n\n
New invocation of recon-all 
\n\n
status file for recon-all
Fri Jul  7 11:34:00 EDT 2017
#@# Make White Surf lh Fri Jul  7 11:34:00 EDT 2017
recon-all -s sub-06 finished without error at Fri Jul  7 11:51:26 EDT 2017
\n\n
New invocation of recon-all 
\n\n
status file for recon-all
Fri Jul  7 11:51:26 EDT 2017
#@# Make White Surf rh Fri Jul  7 11:51:26 EDT 2017
recon-all -s sub-06 finished without error at Fri Jul  7 12:11:50 EDT 2017
\n\n
New invocation of recon-all 
\n\n
status file for recon-all
Fri Jul  7 12:11:51 EDT 2017
#@# Smooth2 lh Fri Jul  7 12:11:51 EDT 2017
recon-all -s sub-06 finished without error at Fri Jul  7 12:12:02 EDT 2017
\n\n
New invocation of recon-all 
\n\n
status file for recon-all
Fri Jul  7 12:12:02 EDT 2017
#@# Inflation2 lh Fri Jul  7 12:12:02 EDT 2017
recon-all -s sub-06 finished without error at Fri Jul  7 12:12:25 EDT 2017
\n\n
New invocation of recon-all 
\n\n
status file for recon-all
Fri Jul  7 12:12:26 EDT 2017
#@# Sphere lh Fri Jul  7 12:12:26 EDT 2017
recon-all -s sub-06 finished without error at Fri Jul  7 12:32:22 EDT 2017
\n\n
New invocation of recon-all 
\n\n
status file for recon-all
Fri Jul  7 12:32:23 EDT 2017
#@# Surf Reg lh Fri Jul  7 12:32:23 EDT 2017
recon-all -s sub-06 finished without error at Fri Jul  7 13:04:35 EDT 2017
\n\n
New invocation of recon-all 
\n\n
status file for recon-all
Fri Jul  7 13:04:35 EDT 2017
#@# Cortical Parc lh Fri Jul  7 13:04:35 EDT 2017
recon-all -s sub-06 finished without error at Fri Jul  7 13:04:58 EDT 2017
\n\n
New invocation of recon-all 
\n\n
status file for recon-all
Fri Jul  7 13:04:58 EDT 2017
#@# Make Pial Surf lh Fri Jul  7 13:04:58 EDT 2017
#@# Surf Volume lh Fri Jul  7 13:23:50 EDT 2017
recon-all -s sub-06 finished without error at Fri Jul  7 13:23:53 EDT 2017
\n\n
New invocation of recon-all 
\n\n
status file for recon-all
Fri Jul  7 13:23:54 EDT 2017
#@# Surf Volume lh Fri Jul  7 13:23:54 EDT 2017
recon-all -s sub-06 finished without error at Fri Jul  7 13:23:58 EDT 2017
\n\n
New invocation of recon-all 
\n\n
status file for recon-all
Fri Jul  7 13:23:59 EDT 2017
#@# Smooth2 rh Fri Jul  7 13:23:59 EDT 2017
recon-all -s sub-06 finished without error at Fri Jul  7 13:24:08 EDT 2017
\n\n
New invocation of recon-all 
\n\n
status file for recon-all
Fri Jul  7 13:24:09 EDT 2017
#@# Inflation2 rh Fri Jul  7 13:24:09 EDT 2017
recon-all -s sub-06 finished without error at Fri Jul  7 13:24:33 EDT 2017
\n\n
New invocation of recon-all 
\n\n
status file for recon-all
Fri Jul  7 13:24:34 EDT 2017
#@# Sphere rh Fri Jul  7 13:24:34 EDT 2017
recon-all -s sub-06 finished without error at Fri Jul  7 13:46:43 EDT 2017
\n\n
New invocation of recon-all 
\n\n
status file for recon-all
Fri Jul  7 13:46:44 EDT 2017
#@# Surf Reg rh Fri Jul  7 13:46:44 EDT 2017
recon-all -s sub-06 finished without error at Fri Jul  7 14:17:48 EDT 2017
\n\n
New invocation of recon-all 
\n\n
status file for recon-all
Fri Jul  7 14:17:49 EDT 2017
#@# Cortical Parc rh Fri Jul  7 14:17:49 EDT 2017
recon-all -s sub-06 finished without error at Fri Jul  7 14:18:04 EDT 2017
\n\n
New invocation of recon-all 
\n\n
status file for recon-all
Fri Jul  7 14:18:04 EDT 2017
#@# Make Pial Surf rh Fri Jul  7 14:18:04 EDT 2017
#@# Surf Volume rh Fri Jul  7 14:35:39 EDT 2017
recon-all -s sub-06 finished without error at Fri Jul  7 14:35:43 EDT 2017
\n\n
New invocation of recon-all 
\n\n
status file for recon-all
Fri Jul  7 14:35:44 EDT 2017
#@# Surf Volume rh Fri Jul  7 14:35:44 EDT 2017
recon-all -s sub-06 finished without error at Fri Jul  7 14:35:48 EDT 2017
\n\n
New invocation of recon-all 
\n\n
status file for recon-all
Fri Jul  7 14:35:48 EDT 2017
#@# Curv .H and .K lh Fri Jul  7 14:35:48 EDT 2017
recon-all -s sub-06 finished without error at Fri Jul  7 14:37:07 EDT 2017
\n\n
New invocation of recon-all 
\n\n
status file for recon-all
Fri Jul  7 14:37:07 EDT 2017
#@# Curv .H and .K rh Fri Jul  7 14:37:07 EDT 2017
recon-all -s sub-06 finished without error at Fri Jul  7 14:38:27 EDT 2017
\n\n
New invocation of recon-all 
\n\n
status file for recon-all
Fri Jul  7 14:38:27 EDT 2017
#@# Curvature Stats lh Fri Jul  7 14:38:27 EDT 2017
recon-all -s sub-06 finished without error at Fri Jul  7 14:38:34 EDT 2017
\n\n
New invocation of recon-all 
\n\n
status file for recon-all
Fri Jul  7 14:38:34 EDT 2017
#@# Curvature Stats rh Fri Jul  7 14:38:34 EDT 2017
recon-all -s sub-06 finished without error at Fri Jul  7 14:38:41 EDT 2017
\n\n
New invocation of recon-all 
\n\n
status file for recon-all
Fri Jul  7 14:38:41 EDT 2017
#@# Jacobian white lh Fri Jul  7 14:38:41 EDT 2017
recon-all -s sub-06 finished without error at Fri Jul  7 14:38:43 EDT 2017
\n\n
New invocation of recon-all 
\n\n
status file for recon-all
Fri Jul  7 14:38:43 EDT 2017
#@# Jacobian white rh Fri Jul  7 14:38:43 EDT 2017
recon-all -s sub-06 finished without error at Fri Jul  7 14:38:45 EDT 2017
\n\n
New invocation of recon-all 
\n\n
status file for recon-all
Fri Jul  7 14:38:46 EDT 2017
#@# AvgCurv lh Fri Jul  7 14:38:46 EDT 2017
recon-all -s sub-06 finished without error at Fri Jul  7 14:38:48 EDT 2017
\n\n
New invocation of recon-all 
\n\n
status file for recon-all
Fri Jul  7 14:38:48 EDT 2017
#@# AvgCurv rh Fri Jul  7 14:38:48 EDT 2017
recon-all -s sub-06 finished without error at Fri Jul  7 14:38:50 EDT 2017
\n\n
New invocation of recon-all 
\n\n
status file for recon-all
Fri Jul  7 14:38:51 EDT 2017
#@# Cortical ribbon mask Fri Jul  7 14:38:51 EDT 2017
recon-all -s sub-06 finished without error at Fri Jul  7 14:51:36 EDT 2017
\n\n
New invocation of recon-all 
\n\n
status file for recon-all
Fri Jul  7 14:51:37 EDT 2017
#@# Parcellation Stats lh Fri Jul  7 14:51:37 EDT 2017
recon-all -s sub-06 finished without error at Fri Jul  7 14:52:47 EDT 2017
\n\n
New invocation of recon-all 
\n\n
status file for recon-all
Fri Jul  7 14:52:47 EDT 2017
#@# Parcellation Stats rh Fri Jul  7 14:52:47 EDT 2017
recon-all -s sub-06 finished without error at Fri Jul  7 14:53:57 EDT 2017
\n\n
New invocation of recon-all 
\n\n
status file for recon-all
Fri Jul  7 14:53:57 EDT 2017
#@# Cortical Parc 2 lh Fri Jul  7 14:53:57 EDT 2017
recon-all -s sub-06 finished without error at Fri Jul  7 14:54:15 EDT 2017
\n\n
New invocation of recon-all 
\n\n
status file for recon-all
Fri Jul  7 14:54:15 EDT 2017
#@# Cortical Parc 2 rh Fri Jul  7 14:54:15 EDT 2017
recon-all -s sub-06 finished without error at Fri Jul  7 14:54:34 EDT 2017
\n\n
New invocation of recon-all 
\n\n
status file for recon-all
Fri Jul  7 14:54:34 EDT 2017
#@# Parcellation Stats 2 lh Fri Jul  7 14:54:34 EDT 2017
recon-all -s sub-06 finished without error at Fri Jul  7 14:55:08 EDT 2017
\n\n
New invocation of recon-all 
\n\n
status file for recon-all
Fri Jul  7 14:55:09 EDT 2017
#@# Parcellation Stats 2 rh Fri Jul  7 14:55:09 EDT 2017
recon-all -s sub-06 finished without error at Fri Jul  7 14:55:42 EDT 2017
\n\n
New invocation of recon-all 
\n\n
status file for recon-all
Fri Jul  7 14:55:43 EDT 2017
#@# Cortical Parc 3 lh Fri Jul  7 14:55:43 EDT 2017
recon-all -s sub-06 finished without error at Fri Jul  7 14:55:57 EDT 2017
\n\n
New invocation of recon-all 
\n\n
status file for recon-all
Fri Jul  7 14:55:58 EDT 2017
#@# Cortical Parc 3 rh Fri Jul  7 14:55:58 EDT 2017
recon-all -s sub-06 finished without error at Fri Jul  7 14:56:13 EDT 2017
\n\n
New invocation of recon-all 
\n\n
status file for recon-all
Fri Jul  7 14:56:13 EDT 2017
#@# Parcellation Stats 3 lh Fri Jul  7 14:56:13 EDT 2017
recon-all -s sub-06 finished without error at Fri Jul  7 14:56:47 EDT 2017
\n\n
New invocation of recon-all 
\n\n
status file for recon-all
Fri Jul  7 14:56:47 EDT 2017
#@# Parcellation Stats 3 rh Fri Jul  7 14:56:47 EDT 2017
recon-all -s sub-06 finished without error at Fri Jul  7 14:57:20 EDT 2017
\n\n
New invocation of recon-all 
\n\n
status file for recon-all
Fri Jul  7 14:57:20 EDT 2017
#@# WM/GM Contrast lh Fri Jul  7 14:57:20 EDT 2017
recon-all -s sub-06 finished without error at Fri Jul  7 14:57:27 EDT 2017
\n\n
New invocation of recon-all 
\n\n
status file for recon-all
Fri Jul  7 14:57:27 EDT 2017
#@# WM/GM Contrast rh Fri Jul  7 14:57:27 EDT 2017
recon-all -s sub-06 finished without error at Fri Jul  7 14:57:32 EDT 2017
\n\n
New invocation of recon-all 
\n\n
status file for recon-all
Fri Jul  7 14:57:33 EDT 2017
#@# Relabel Hypointensities Fri Jul  7 14:57:33 EDT 2017
recon-all -s sub-06 finished without error at Fri Jul  7 14:57:57 EDT 2017
\n\n
New invocation of recon-all 
\n\n
status file for recon-all
Fri Jul  7 14:57:57 EDT 2017
#@# AParc-to-ASeg aparc Fri Jul  7 14:57:57 EDT 2017
#@# AParc-to-ASeg a2009s Fri Jul  7 15:02:48 EDT 2017
#@# AParc-to-ASeg DKTatlas Fri Jul  7 15:08:20 EDT 2017
recon-all -s sub-06 finished without error at Fri Jul  7 15:13:55 EDT 2017
\n\n
New invocation of recon-all 
\n\n
status file for recon-all
Fri Jul  7 15:13:56 EDT 2017
#@# APas-to-ASeg Fri Jul  7 15:13:56 EDT 2017
recon-all -s sub-06 finished without error at Fri Jul  7 15:14:03 EDT 2017
\n\n
New invocation of recon-all 
\n\n
status file for recon-all
Fri Jul  7 15:14:03 EDT 2017
#@# ASeg Stats Fri Jul  7 15:14:03 EDT 2017
recon-all -s sub-06 finished without error at Fri Jul  7 15:15:50 EDT 2017
\n\n
New invocation of recon-all 
\n\n
status file for recon-all
Fri Jul  7 15:15:51 EDT 2017
#@# WMParc Fri Jul  7 15:15:51 EDT 2017
recon-all -s sub-06 finished without error at Fri Jul  7 15:24:07 EDT 2017
\n\n
New invocation of recon-all 
\n\n
status file for recon-all
Fri Jul  7 15:24:07 EDT 2017
#@# BA_exvivo Labels lh Fri Jul  7 15:24:08 EDT 2017
recon-all -s sub-06 finished without error at Fri Jul  7 15:29:04 EDT 2017
\n\n
New invocation of recon-all 
\n\n
status file for recon-all
Fri Jul  7 15:29:04 EDT 2017
#@# BA_exvivo Labels rh Fri Jul  7 15:29:04 EDT 2017
recon-all -s sub-06 finished without error at Fri Jul  7 15:33:51 EDT 2017
\n\n
New invocation of recon-all 
\n\n
status file for recon-all
Thu Jul 13 10:15:10 EDT 2017
#@# MotionCor Thu Jul 13 10:15:10 EDT 2017
recon-all -s sub-06 finished without error at Thu Jul 13 10:15:20 EDT 2017
\n\n
New invocation of recon-all 
\n\n
status file for recon-all
Thu Jul 13 10:15:20 EDT 2017
#@# Talairach Thu Jul 13 10:15:20 EDT 2017
#@# Talairach Failure Detection Thu Jul 13 10:18:02 EDT 2017
recon-all -s sub-06 finished without error at Thu Jul 13 10:18:03 EDT 2017
\n\n
New invocation of recon-all 
\n\n
status file for recon-all
Thu Jul 13 10:18:03 EDT 2017
#@# Nu Intensity Correction Thu Jul 13 10:18:03 EDT 2017
recon-all -s sub-06 finished without error at Thu Jul 13 10:21:23 EDT 2017
\n\n
New invocation of recon-all 
\n\n
status file for recon-all
Thu Jul 13 10:21:24 EDT 2017
#@# Intensity Normalization Thu Jul 13 10:21:24 EDT 2017
recon-all -s sub-06 finished without error at Thu Jul 13 10:25:48 EDT 2017
\n\n
New invocation of recon-all 
\n\n
status file for recon-all
Thu Jul 13 10:25:49 EDT 2017
#@# Skull Stripping Thu Jul 13 10:25:49 EDT 2017
recon-all -s sub-06 finished without error at Thu Jul 13 10:26:40 EDT 2017
\n\n
New invocation of recon-all 
\n\n
status file for recon-all
Thu Jul 13 10:26:41 EDT 2017
#@# EM Registration Thu Jul 13 10:26:41 EDT 2017
recon-all -s sub-06 finished without error at Thu Jul 13 10:43:05 EDT 2017
\n\n
New invocation of recon-all 
\n\n
status file for recon-all
Thu Jul 13 10:43:06 EDT 2017
#@# CA Normalize Thu Jul 13 10:43:06 EDT 2017
recon-all -s sub-06 finished without error at Thu Jul 13 10:45:15 EDT 2017
\n\n
New invocation of recon-all 
\n\n
status file for recon-all
Thu Jul 13 10:45:16 EDT 2017
#@# CA Reg Thu Jul 13 10:45:16 EDT 2017
recon-all -s sub-06 finished without error at Thu Jul 13 16:41:07 EDT 2017
\n\n
New invocation of recon-all 
\n\n
status file for recon-all
Thu Jul 13 16:41:08 EDT 2017
#@# SubCort Seg Thu Jul 13 16:41:08 EDT 2017
#@# Merge ASeg Thu Jul 13 18:23:39 EDT 2017
recon-all -s sub-06 finished without error at Thu Jul 13 18:23:40 EDT 2017
\n\n
New invocation of recon-all 
\n\n
status file for recon-all
Thu Jul 13 18:23:41 EDT 2017
#@# Intensity Normalization2 Thu Jul 13 18:23:41 EDT 2017
recon-all -s sub-06 finished without error at Thu Jul 13 18:33:01 EDT 2017
\n\n
New invocation of recon-all 
\n\n
status file for recon-all
Thu Jul 13 18:33:02 EDT 2017
#@# Mask BFS Thu Jul 13 18:33:02 EDT 2017
recon-all -s sub-06 finished without error at Thu Jul 13 18:33:07 EDT 2017
\n\n
New invocation of recon-all 
\n\n
status file for recon-all
Thu Jul 13 18:33:08 EDT 2017
#@# WM Segmentation Thu Jul 13 18:33:08 EDT 2017
recon-all -s sub-06 finished without error at Thu Jul 13 18:38:08 EDT 2017
\n\n
New invocation of recon-all 
\n\n
status file for recon-all
Thu Jul 13 18:38:09 EDT 2017
#@# Fill Thu Jul 13 18:38:09 EDT 2017
recon-all -s sub-06 finished without error at Thu Jul 13 18:39:41 EDT 2017
\n\n
New invocation of recon-all 
\n\n
status file for recon-all
Thu Jul 13 18:39:42 EDT 2017
#@# Tessellate lh Thu Jul 13 18:39:42 EDT 2017
recon-all -s sub-06 finished without error at Thu Jul 13 18:40:00 EDT 2017
\n\n
New invocation of recon-all 
\n\n
status file for recon-all
Thu Jul 13 18:40:02 EDT 2017
#@# Tessellate rh Thu Jul 13 18:40:02 EDT 2017
recon-all -s sub-06 finished without error at Thu Jul 13 18:40:20 EDT 2017
\n\n
New invocation of recon-all 
\n\n
status file for recon-all
Thu Jul 13 18:40:21 EDT 2017
#@# Smooth1 lh Thu Jul 13 18:40:21 EDT 2017
recon-all -s sub-06 finished without error at Thu Jul 13 18:40:40 EDT 2017
\n\n
New invocation of recon-all 
\n\n
status file for recon-all
Thu Jul 13 18:40:41 EDT 2017
#@# Smooth1 rh Thu Jul 13 18:40:41 EDT 2017
recon-all -s sub-06 finished without error at Thu Jul 13 18:41:00 EDT 2017
\n\n
New invocation of recon-all 
\n\n
status file for recon-all
Thu Jul 13 18:41:01 EDT 2017
#@# Inflation1 lh Thu Jul 13 18:41:01 EDT 2017
recon-all -s sub-06 finished without error at Thu Jul 13 18:42:27 EDT 2017
\n\n
New invocation of recon-all 
\n\n
status file for recon-all
Thu Jul 13 18:42:28 EDT 2017
#@# Inflation1 rh Thu Jul 13 18:42:28 EDT 2017
recon-all -s sub-06 finished without error at Thu Jul 13 18:43:49 EDT 2017
\n\n
New invocation of recon-all 
\n\n
status file for recon-all
Thu Jul 13 18:43:51 EDT 2017
#@# QSphere lh Thu Jul 13 18:43:51 EDT 2017
recon-all -s sub-06 finished without error at Thu Jul 13 18:51:09 EDT 2017
\n\n
New invocation of recon-all 
\n\n
status file for recon-all
Thu Jul 13 18:51:10 EDT 2017
#@# QSphere rh Thu Jul 13 18:51:10 EDT 2017
recon-all -s sub-06 finished without error at Thu Jul 13 18:58:06 EDT 2017
\n\n
New invocation of recon-all 
\n\n
status file for recon-all
Thu Jul 13 18:58:08 EDT 2017
#@# Fix Topology Copy lh Thu Jul 13 18:58:08 EDT 2017
#@# Fix Topology lh Thu Jul 13 18:58:08 EDT 2017
recon-all -s sub-06 finished without error at Thu Jul 13 20:13:45 EDT 2017
\n\n
New invocation of recon-all 
\n\n
status file for recon-all
Thu Jul 13 20:13:46 EDT 2017
#@# Fix Topology Copy rh Thu Jul 13 20:13:46 EDT 2017
#@# Fix Topology rh Thu Jul 13 20:13:46 EDT 2017
recon-all -s sub-06 finished without error at Thu Jul 13 21:33:52 EDT 2017
\n\n
New invocation of recon-all 
\n\n
status file for recon-all
Thu Jul 13 21:33:54 EDT 2017
#@# Make White Surf lh Thu Jul 13 21:33:54 EDT 2017
recon-all -s sub-06 finished without error at Thu Jul 13 22:08:29 EDT 2017
\n\n
New invocation of recon-all 
\n\n
status file for recon-all
Thu Jul 13 22:08:31 EDT 2017
#@# Make White Surf rh Thu Jul 13 22:08:31 EDT 2017
recon-all -s sub-06 finished without error at Thu Jul 13 22:41:17 EDT 2017
\n\n
New invocation of recon-all 
\n\n
status file for recon-all
Thu Jul 13 22:41:18 EDT 2017
#@# Smooth2 lh Thu Jul 13 22:41:18 EDT 2017
recon-all -s sub-06 finished without error at Thu Jul 13 22:41:36 EDT 2017
\n\n
New invocation of recon-all 
\n\n
status file for recon-all
Thu Jul 13 22:41:36 EDT 2017
#@# Inflation2 lh Thu Jul 13 22:41:36 EDT 2017
recon-all -s sub-06 finished without error at Thu Jul 13 22:42:54 EDT 2017
\n\n
New invocation of recon-all 
\n\n
status file for recon-all
Thu Jul 13 22:42:54 EDT 2017
#@# Sphere lh Thu Jul 13 22:42:54 EDT 2017
recon-all -s sub-06 finished without error at Fri Jul 14 00:05:02 EDT 2017
\n\n
New invocation of recon-all 
\n\n
status file for recon-all
Fri Jul 14 00:05:03 EDT 2017
#@# Surf Reg lh Fri Jul 14 00:05:03 EDT 2017
recon-all -s sub-06 finished without error at Fri Jul 14 01:33:33 EDT 2017
\n\n
New invocation of recon-all 
\n\n
status file for recon-all
Fri Jul 14 01:33:34 EDT 2017
#@# Cortical Parc lh Fri Jul 14 01:33:34 EDT 2017
recon-all -s sub-06 finished without error at Fri Jul 14 01:34:15 EDT 2017
\n\n
New invocation of recon-all 
\n\n
status file for recon-all
Fri Jul 14 01:34:17 EDT 2017
#@# Make Pial Surf lh Fri Jul 14 01:34:17 EDT 2017
#@# Surf Volume lh Fri Jul 14 02:06:02 EDT 2017
recon-all -s sub-06 finished without error at Fri Jul 14 02:06:10 EDT 2017
\n\n
New invocation of recon-all 
\n\n
status file for recon-all
Fri Jul 14 02:06:11 EDT 2017
#@# Surf Volume lh Fri Jul 14 02:06:11 EDT 2017
recon-all -s sub-06 finished without error at Fri Jul 14 02:06:18 EDT 2017
\n\n
New invocation of recon-all 
\n\n
status file for recon-all
Fri Jul 14 02:06:19 EDT 2017
#@# Smooth2 rh Fri Jul 14 02:06:19 EDT 2017
recon-all -s sub-06 finished without error at Fri Jul 14 02:06:36 EDT 2017
\n\n
New invocation of recon-all 
\n\n
status file for recon-all
Fri Jul 14 02:06:37 EDT 2017
#@# Inflation2 rh Fri Jul 14 02:06:37 EDT 2017
recon-all -s sub-06 finished without error at Fri Jul 14 02:07:50 EDT 2017
\n\n
New invocation of recon-all 
\n\n
status file for recon-all
Fri Jul 14 02:07:51 EDT 2017
#@# Sphere rh Fri Jul 14 02:07:51 EDT 2017
recon-all -s sub-06 finished without error at Fri Jul 14 03:32:38 EDT 2017
\n\n
New invocation of recon-all 
\n\n
status file for recon-all
Fri Jul 14 03:32:39 EDT 2017
#@# Surf Reg rh Fri Jul 14 03:32:39 EDT 2017
recon-all -s sub-06 finished without error at Fri Jul 14 05:22:20 EDT 2017
\n\n
New invocation of recon-all 
\n\n
status file for recon-all
Fri Jul 14 05:22:21 EDT 2017
#@# Cortical Parc rh Fri Jul 14 05:22:21 EDT 2017
recon-all -s sub-06 finished without error at Fri Jul 14 05:22:57 EDT 2017
\n\n
New invocation of recon-all 
\n\n
status file for recon-all
Fri Jul 14 05:22:59 EDT 2017
#@# Make Pial Surf rh Fri Jul 14 05:22:59 EDT 2017
#@# Surf Volume rh Fri Jul 14 05:56:17 EDT 2017
recon-all -s sub-06 finished without error at Fri Jul 14 05:56:25 EDT 2017
\n\n
New invocation of recon-all 
\n\n
status file for recon-all
Fri Jul 14 05:56:26 EDT 2017
#@# Surf Volume rh Fri Jul 14 05:56:26 EDT 2017
recon-all -s sub-06 finished without error at Fri Jul 14 05:56:34 EDT 2017
\n\n
New invocation of recon-all 
\n\n
status file for recon-all
Fri Jul 14 05:56:35 EDT 2017
#@# Curv .H and .K lh Fri Jul 14 05:56:35 EDT 2017
recon-all -s sub-06 finished without error at Fri Jul 14 05:58:53 EDT 2017
\n\n
New invocation of recon-all 
\n\n
status file for recon-all
Fri Jul 14 05:58:54 EDT 2017
#@# Curv .H and .K rh Fri Jul 14 05:58:54 EDT 2017
recon-all -s sub-06 finished without error at Fri Jul 14 06:01:21 EDT 2017
\n\n
New invocation of recon-all 
\n\n
status file for recon-all
Fri Jul 14 06:01:22 EDT 2017
#@# Curvature Stats lh Fri Jul 14 06:01:22 EDT 2017
recon-all -s sub-06 finished without error at Fri Jul 14 06:01:35 EDT 2017
\n\n
New invocation of recon-all 
\n\n
status file for recon-all
Fri Jul 14 06:01:36 EDT 2017
#@# Curvature Stats rh Fri Jul 14 06:01:36 EDT 2017
recon-all -s sub-06 finished without error at Fri Jul 14 06:01:48 EDT 2017
\n\n
New invocation of recon-all 
\n\n
status file for recon-all
Fri Jul 14 06:01:49 EDT 2017
#@# Jacobian white lh Fri Jul 14 06:01:49 EDT 2017
recon-all -s sub-06 finished without error at Fri Jul 14 06:01:53 EDT 2017
\n\n
New invocation of recon-all 
\n\n
status file for recon-all
Fri Jul 14 06:01:54 EDT 2017
#@# Jacobian white rh Fri Jul 14 06:01:54 EDT 2017
recon-all -s sub-06 finished without error at Fri Jul 14 06:01:59 EDT 2017
\n\n
New invocation of recon-all 
\n\n
status file for recon-all
Fri Jul 14 06:02:00 EDT 2017
#@# AvgCurv lh Fri Jul 14 06:02:00 EDT 2017
recon-all -s sub-06 finished without error at Fri Jul 14 06:02:04 EDT 2017
\n\n
New invocation of recon-all 
\n\n
status file for recon-all
Fri Jul 14 06:02:05 EDT 2017
#@# AvgCurv rh Fri Jul 14 06:02:05 EDT 2017
recon-all -s sub-06 finished without error at Fri Jul 14 06:02:09 EDT 2017
\n\n
New invocation of recon-all 
\n\n
status file for recon-all
Fri Jul 14 06:02:09 EDT 2017
#@# Cortical ribbon mask Fri Jul 14 06:02:09 EDT 2017
recon-all -s sub-06 finished without error at Fri Jul 14 06:24:26 EDT 2017
\n\n
New invocation of recon-all 
\n\n
status file for recon-all
Fri Jul 14 06:24:27 EDT 2017
#@# Parcellation Stats lh Fri Jul 14 06:24:27 EDT 2017
recon-all -s sub-06 finished without error at Fri Jul 14 06:27:51 EDT 2017
\n\n
New invocation of recon-all 
\n\n
status file for recon-all
Fri Jul 14 06:27:52 EDT 2017
#@# Parcellation Stats rh Fri Jul 14 06:27:52 EDT 2017
recon-all -s sub-06 finished without error at Fri Jul 14 06:31:13 EDT 2017
\n\n
New invocation of recon-all 
\n\n
status file for recon-all
Fri Jul 14 06:31:14 EDT 2017
#@# Cortical Parc 2 lh Fri Jul 14 06:31:14 EDT 2017
recon-all -s sub-06 finished without error at Fri Jul 14 06:31:57 EDT 2017
\n\n
New invocation of recon-all 
\n\n
status file for recon-all
Fri Jul 14 06:31:57 EDT 2017
#@# Cortical Parc 2 rh Fri Jul 14 06:31:57 EDT 2017
recon-all -s sub-06 finished without error at Fri Jul 14 06:32:40 EDT 2017
\n\n
New invocation of recon-all 
\n\n
status file for recon-all
Fri Jul 14 06:32:41 EDT 2017
#@# Parcellation Stats 2 lh Fri Jul 14 06:32:41 EDT 2017
recon-all -s sub-06 finished without error at Fri Jul 14 06:34:26 EDT 2017
\n\n
New invocation of recon-all 
\n\n
status file for recon-all
Fri Jul 14 06:34:26 EDT 2017
#@# Parcellation Stats 2 rh Fri Jul 14 06:34:26 EDT 2017
recon-all -s sub-06 finished without error at Fri Jul 14 06:36:11 EDT 2017
\n\n
New invocation of recon-all 
\n\n
status file for recon-all
Fri Jul 14 06:36:12 EDT 2017
#@# Cortical Parc 3 lh Fri Jul 14 06:36:12 EDT 2017
recon-all -s sub-06 finished without error at Fri Jul 14 06:36:47 EDT 2017
\n\n
New invocation of recon-all 
\n\n
status file for recon-all
Fri Jul 14 06:36:47 EDT 2017
#@# Cortical Parc 3 rh Fri Jul 14 06:36:47 EDT 2017
recon-all -s sub-06 finished without error at Fri Jul 14 06:37:23 EDT 2017
\n\n
New invocation of recon-all 
\n\n
status file for recon-all
Fri Jul 14 06:37:23 EDT 2017
#@# Parcellation Stats 3 lh Fri Jul 14 06:37:24 EDT 2017
recon-all -s sub-06 finished without error at Fri Jul 14 06:39:05 EDT 2017
\n\n
New invocation of recon-all 
\n\n
status file for recon-all
Fri Jul 14 06:39:06 EDT 2017
#@# Parcellation Stats 3 rh Fri Jul 14 06:39:06 EDT 2017
recon-all -s sub-06 finished without error at Fri Jul 14 06:40:45 EDT 2017
\n\n
New invocation of recon-all 
\n\n
status file for recon-all
Fri Jul 14 06:40:46 EDT 2017
#@# WM/GM Contrast lh Fri Jul 14 06:40:46 EDT 2017
recon-all -s sub-06 finished without error at Fri Jul 14 06:40:59 EDT 2017
\n\n
New invocation of recon-all 
\n\n
status file for recon-all
Fri Jul 14 06:41:00 EDT 2017
#@# WM/GM Contrast rh Fri Jul 14 06:41:00 EDT 2017
recon-all -s sub-06 finished without error at Fri Jul 14 06:41:13 EDT 2017
\n\n
New invocation of recon-all 
\n\n
status file for recon-all
Fri Jul 14 06:41:14 EDT 2017
#@# Relabel Hypointensities Fri Jul 14 06:41:14 EDT 2017
recon-all -s sub-06 finished without error at Fri Jul 14 06:42:11 EDT 2017
\n\n
New invocation of recon-all 
\n\n
status file for recon-all
Fri Jul 14 06:42:11 EDT 2017
#@# AParc-to-ASeg aparc Fri Jul 14 06:42:11 EDT 2017
#@# AParc-to-ASeg a2009s Fri Jul 14 06:56:53 EDT 2017
#@# AParc-to-ASeg DKTatlas Fri Jul 14 07:11:37 EDT 2017
recon-all -s sub-06 finished without error at Fri Jul 14 07:26:17 EDT 2017
\n\n
New invocation of recon-all 
\n\n
status file for recon-all
Fri Jul 14 07:26:18 EDT 2017
#@# APas-to-ASeg Fri Jul 14 07:26:18 EDT 2017
recon-all -s sub-06 finished without error at Fri Jul 14 07:26:31 EDT 2017
\n\n
New invocation of recon-all 
\n\n
status file for recon-all
Fri Jul 14 07:26:32 EDT 2017
#@# ASeg Stats Fri Jul 14 07:26:32 EDT 2017
recon-all -s sub-06 finished without error at Fri Jul 14 07:34:37 EDT 2017
\n\n
New invocation of recon-all 
\n\n
status file for recon-all
Fri Jul 14 07:34:38 EDT 2017
#@# WMParc Fri Jul 14 07:34:38 EDT 2017
recon-all -s sub-06 finished without error at Fri Jul 14 08:04:30 EDT 2017
\n\n
New invocation of recon-all 
\n\n
status file for recon-all
Fri Jul 14 08:04:31 EDT 2017
#@# BA_exvivo Labels lh Fri Jul 14 08:04:31 EDT 2017
recon-all -s sub-06 finished without error at Fri Jul 14 08:15:00 EDT 2017
\n\n
New invocation of recon-all 
\n\n
status file for recon-all
Fri Jul 14 08:15:01 EDT 2017
#@# BA_exvivo Labels rh Fri Jul 14 08:15:01 EDT 2017
recon-all -s sub-06 finished without error at Fri Jul 14 08:25:50 EDT 2017
