status file for recon-all
Thu Jul  6 19:19:56 EDT 2017
#@# MotionCor Thu Jul  6 19:20:09 EDT 2017
#@# Deface Thu Jul  6 19:20:23 EDT 2017
#@# Talairach Thu Jul  6 19:23:21 EDT 2017
#@# Talairach Failure Detection Thu Jul  6 19:25:22 EDT 2017
#@# Nu Intensity Correction Thu Jul  6 19:25:22 EDT 2017
#@# Intensity Normalization Thu Jul  6 19:27:50 EDT 2017
#@# Skull Stripping Thu Jul  6 19:31:58 EDT 2017
#@# EM Registration Thu Jul  6 19:45:46 EDT 2017
#@# CA Normalize Thu Jul  6 19:59:30 EDT 2017
#@# CA Reg Thu Jul  6 20:02:18 EDT 2017
#@# SubCort Seg Thu Jul  6 22:42:41 EDT 2017
#@# Merge ASeg Thu Jul  6 23:47:33 EDT 2017
#@# Intensity Normalization2 Thu Jul  6 23:47:33 EDT 2017
#@# Mask BFS Thu Jul  6 23:50:32 EDT 2017
#@# WM Segmentation Thu Jul  6 23:50:33 EDT 2017
#@# Fill Thu Jul  6 23:52:51 EDT 2017
#@# Tessellate lh Thu Jul  6 23:53:34 EDT 2017
#@# Tessellate rh Thu Jul  6 23:53:40 EDT 2017
#@# Smooth1 lh Thu Jul  6 23:53:46 EDT 2017
#@# Smooth1 rh Thu Jul  6 23:53:46 EDT 2017
Darwin trash-can.local 15.6.0 Darwin Kernel Version 15.6.0: Thu Jun 23 18:25:34 PDT 2016; root:xnu-3248.60.10~1/RELEASE_X86_64 x86_64 i386 MacPro6,1 Darwin

recon-all -s sub-08 exited with ERRORS at Thu Jul  6 23:53:46 EDT 2017

\n\n
New invocation of recon-all 
\n\n
status file for recon-all
Fri Jul  7 09:49:48 EDT 2017
#@# Smooth1 lh Fri Jul  7 09:49:48 EDT 2017
recon-all -s sub-08 finished without error at Fri Jul  7 09:50:01 EDT 2017
\n\n
New invocation of recon-all 
\n\n
status file for recon-all
Fri Jul  7 09:50:01 EDT 2017
#@# Smooth1 rh Fri Jul  7 09:50:01 EDT 2017
recon-all -s sub-08 finished without error at Fri Jul  7 09:50:16 EDT 2017
\n\n
New invocation of recon-all 
\n\n
status file for recon-all
Fri Jul  7 09:50:17 EDT 2017
#@# Inflation1 lh Fri Jul  7 09:50:17 EDT 2017
recon-all -s sub-08 finished without error at Fri Jul  7 09:51:00 EDT 2017
\n\n
New invocation of recon-all 
\n\n
status file for recon-all
Fri Jul  7 09:51:00 EDT 2017
#@# Inflation1 rh Fri Jul  7 09:51:01 EDT 2017
recon-all -s sub-08 finished without error at Fri Jul  7 09:51:48 EDT 2017
\n\n
New invocation of recon-all 
\n\n
status file for recon-all
Fri Jul  7 09:51:48 EDT 2017
#@# QSphere lh Fri Jul  7 09:51:48 EDT 2017
recon-all -s sub-08 finished without error at Fri Jul  7 09:55:11 EDT 2017
\n\n
New invocation of recon-all 
\n\n
status file for recon-all
Fri Jul  7 09:55:11 EDT 2017
#@# QSphere rh Fri Jul  7 09:55:11 EDT 2017
recon-all -s sub-08 finished without error at Fri Jul  7 09:57:51 EDT 2017
\n\n
New invocation of recon-all 
\n\n
status file for recon-all
Fri Jul  7 09:57:52 EDT 2017
#@# Fix Topology Copy lh Fri Jul  7 09:57:52 EDT 2017
#@# Fix Topology lh Fri Jul  7 09:57:52 EDT 2017
recon-all -s sub-08 finished without error at Fri Jul  7 10:34:06 EDT 2017
\n\n
New invocation of recon-all 
\n\n
status file for recon-all
Fri Jul  7 10:34:07 EDT 2017
#@# Fix Topology Copy rh Fri Jul  7 10:34:07 EDT 2017
#@# Fix Topology rh Fri Jul  7 10:34:07 EDT 2017
recon-all -s sub-08 finished without error at Fri Jul  7 15:54:38 EDT 2017
\n\n
New invocation of recon-all 
\n\n
status file for recon-all
Fri Jul  7 15:54:38 EDT 2017
#@# Make White Surf lh Fri Jul  7 15:54:38 EDT 2017
recon-all -s sub-08 finished without error at Fri Jul  7 16:13:36 EDT 2017
\n\n
New invocation of recon-all 
\n\n
status file for recon-all
Fri Jul  7 16:13:37 EDT 2017
#@# Make White Surf rh Fri Jul  7 16:13:37 EDT 2017
recon-all -s sub-08 finished without error at Fri Jul  7 16:32:50 EDT 2017
\n\n
New invocation of recon-all 
\n\n
status file for recon-all
Fri Jul  7 16:32:51 EDT 2017
#@# Smooth2 lh Fri Jul  7 16:32:51 EDT 2017
recon-all -s sub-08 finished without error at Fri Jul  7 16:33:00 EDT 2017
\n\n
New invocation of recon-all 
\n\n
status file for recon-all
Fri Jul  7 16:33:00 EDT 2017
#@# Inflation2 lh Fri Jul  7 16:33:00 EDT 2017
recon-all -s sub-08 finished without error at Fri Jul  7 16:33:20 EDT 2017
\n\n
New invocation of recon-all 
\n\n
status file for recon-all
Fri Jul  7 16:33:21 EDT 2017
#@# Sphere lh Fri Jul  7 16:33:21 EDT 2017
recon-all -s sub-08 finished without error at Fri Jul  7 16:52:03 EDT 2017
\n\n
New invocation of recon-all 
\n\n
status file for recon-all
Fri Jul  7 16:52:04 EDT 2017
#@# Surf Reg lh Fri Jul  7 16:52:04 EDT 2017
recon-all -s sub-08 finished without error at Fri Jul  7 17:24:38 EDT 2017
\n\n
New invocation of recon-all 
\n\n
status file for recon-all
Fri Jul  7 17:24:38 EDT 2017
#@# Cortical Parc lh Fri Jul  7 17:24:38 EDT 2017
recon-all -s sub-08 finished without error at Fri Jul  7 17:24:56 EDT 2017
\n\n
New invocation of recon-all 
\n\n
status file for recon-all
Fri Jul  7 17:24:57 EDT 2017
#@# Make Pial Surf lh Fri Jul  7 17:24:57 EDT 2017
#@# Surf Volume lh Fri Jul  7 17:43:53 EDT 2017
recon-all -s sub-08 finished without error at Fri Jul  7 17:43:57 EDT 2017
\n\n
New invocation of recon-all 
\n\n
status file for recon-all
Fri Jul  7 17:43:57 EDT 2017
#@# Surf Volume lh Fri Jul  7 17:43:57 EDT 2017
recon-all -s sub-08 finished without error at Fri Jul  7 17:44:02 EDT 2017
\n\n
New invocation of recon-all 
\n\n
status file for recon-all
Fri Jul  7 17:44:02 EDT 2017
#@# Smooth2 rh Fri Jul  7 17:44:02 EDT 2017
recon-all -s sub-08 finished without error at Fri Jul  7 17:44:12 EDT 2017
\n\n
New invocation of recon-all 
\n\n
status file for recon-all
Fri Jul  7 17:44:12 EDT 2017
#@# Inflation2 rh Fri Jul  7 17:44:12 EDT 2017
recon-all -s sub-08 finished without error at Fri Jul  7 17:44:33 EDT 2017
\n\n
New invocation of recon-all 
\n\n
status file for recon-all
Fri Jul  7 17:44:34 EDT 2017
#@# Sphere rh Fri Jul  7 17:44:34 EDT 2017
recon-all -s sub-08 finished without error at Fri Jul  7 18:04:28 EDT 2017
\n\n
New invocation of recon-all 
\n\n
status file for recon-all
Fri Jul  7 18:04:28 EDT 2017
#@# Surf Reg rh Fri Jul  7 18:04:28 EDT 2017
recon-all -s sub-08 finished without error at Fri Jul  7 18:38:38 EDT 2017
\n\n
New invocation of recon-all 
\n\n
status file for recon-all
Fri Jul  7 18:38:38 EDT 2017
#@# Cortical Parc rh Fri Jul  7 18:38:38 EDT 2017
recon-all -s sub-08 finished without error at Fri Jul  7 18:38:56 EDT 2017
\n\n
New invocation of recon-all 
\n\n
status file for recon-all
Fri Jul  7 18:38:56 EDT 2017
#@# Make Pial Surf rh Fri Jul  7 18:38:56 EDT 2017
#@# Surf Volume rh Fri Jul  7 18:57:57 EDT 2017
recon-all -s sub-08 finished without error at Fri Jul  7 18:58:01 EDT 2017
\n\n
New invocation of recon-all 
\n\n
status file for recon-all
Fri Jul  7 18:58:01 EDT 2017
#@# Surf Volume rh Fri Jul  7 18:58:01 EDT 2017
recon-all -s sub-08 finished without error at Fri Jul  7 18:58:05 EDT 2017
\n\n
New invocation of recon-all 
\n\n
status file for recon-all
Fri Jul  7 18:58:06 EDT 2017
#@# Curv .H and .K lh Fri Jul  7 18:58:06 EDT 2017
recon-all -s sub-08 finished without error at Fri Jul  7 18:59:27 EDT 2017
\n\n
New invocation of recon-all 
\n\n
status file for recon-all
Fri Jul  7 18:59:27 EDT 2017
#@# Curv .H and .K rh Fri Jul  7 18:59:27 EDT 2017
recon-all -s sub-08 finished without error at Fri Jul  7 19:00:51 EDT 2017
\n\n
New invocation of recon-all 
\n\n
status file for recon-all
Fri Jul  7 19:00:51 EDT 2017
#@# Curvature Stats lh Fri Jul  7 19:00:51 EDT 2017
recon-all -s sub-08 finished without error at Fri Jul  7 19:00:58 EDT 2017
\n\n
New invocation of recon-all 
\n\n
status file for recon-all
Fri Jul  7 19:00:58 EDT 2017
#@# Curvature Stats rh Fri Jul  7 19:00:58 EDT 2017
recon-all -s sub-08 finished without error at Fri Jul  7 19:01:05 EDT 2017
\n\n
New invocation of recon-all 
\n\n
status file for recon-all
Fri Jul  7 19:01:05 EDT 2017
#@# Jacobian white lh Fri Jul  7 19:01:05 EDT 2017
recon-all -s sub-08 finished without error at Fri Jul  7 19:01:07 EDT 2017
\n\n
New invocation of recon-all 
\n\n
status file for recon-all
Fri Jul  7 19:01:07 EDT 2017
#@# Jacobian white rh Fri Jul  7 19:01:07 EDT 2017
recon-all -s sub-08 finished without error at Fri Jul  7 19:01:09 EDT 2017
\n\n
New invocation of recon-all 
\n\n
status file for recon-all
Fri Jul  7 19:01:10 EDT 2017
#@# AvgCurv lh Fri Jul  7 19:01:10 EDT 2017
recon-all -s sub-08 finished without error at Fri Jul  7 19:01:12 EDT 2017
\n\n
New invocation of recon-all 
\n\n
status file for recon-all
Fri Jul  7 19:01:12 EDT 2017
#@# AvgCurv rh Fri Jul  7 19:01:12 EDT 2017
recon-all -s sub-08 finished without error at Fri Jul  7 19:01:14 EDT 2017
\n\n
New invocation of recon-all 
\n\n
status file for recon-all
Fri Jul  7 19:01:15 EDT 2017
#@# Cortical ribbon mask Fri Jul  7 19:01:15 EDT 2017
recon-all -s sub-08 finished without error at Fri Jul  7 19:14:34 EDT 2017
\n\n
New invocation of recon-all 
\n\n
status file for recon-all
Fri Jul  7 19:14:34 EDT 2017
#@# Parcellation Stats lh Fri Jul  7 19:14:34 EDT 2017
recon-all -s sub-08 finished without error at Fri Jul  7 19:16:00 EDT 2017
\n\n
New invocation of recon-all 
\n\n
status file for recon-all
Fri Jul  7 19:16:00 EDT 2017
#@# Parcellation Stats rh Fri Jul  7 19:16:00 EDT 2017
recon-all -s sub-08 finished without error at Fri Jul  7 19:17:25 EDT 2017
\n\n
New invocation of recon-all 
\n\n
status file for recon-all
Fri Jul  7 19:17:26 EDT 2017
#@# Cortical Parc 2 lh Fri Jul  7 19:17:26 EDT 2017
recon-all -s sub-08 finished without error at Fri Jul  7 19:17:49 EDT 2017
\n\n
New invocation of recon-all 
\n\n
status file for recon-all
Fri Jul  7 19:17:49 EDT 2017
#@# Cortical Parc 2 rh Fri Jul  7 19:17:49 EDT 2017
recon-all -s sub-08 finished without error at Fri Jul  7 19:18:12 EDT 2017
\n\n
New invocation of recon-all 
\n\n
status file for recon-all
Fri Jul  7 19:18:12 EDT 2017
#@# Parcellation Stats 2 lh Fri Jul  7 19:18:12 EDT 2017
recon-all -s sub-08 finished without error at Fri Jul  7 19:18:56 EDT 2017
\n\n
New invocation of recon-all 
\n\n
status file for recon-all
Fri Jul  7 19:18:56 EDT 2017
#@# Parcellation Stats 2 rh Fri Jul  7 19:18:56 EDT 2017
recon-all -s sub-08 finished without error at Fri Jul  7 19:19:42 EDT 2017
\n\n
New invocation of recon-all 
\n\n
status file for recon-all
Fri Jul  7 19:19:42 EDT 2017
#@# Cortical Parc 3 lh Fri Jul  7 19:19:42 EDT 2017
recon-all -s sub-08 finished without error at Fri Jul  7 19:19:59 EDT 2017
\n\n
New invocation of recon-all 
\n\n
status file for recon-all
Fri Jul  7 19:20:00 EDT 2017
#@# Cortical Parc 3 rh Fri Jul  7 19:20:00 EDT 2017
recon-all -s sub-08 finished without error at Fri Jul  7 19:20:18 EDT 2017
\n\n
New invocation of recon-all 
\n\n
status file for recon-all
Fri Jul  7 19:20:18 EDT 2017
#@# Parcellation Stats 3 lh Fri Jul  7 19:20:18 EDT 2017
recon-all -s sub-08 finished without error at Fri Jul  7 19:21:00 EDT 2017
\n\n
New invocation of recon-all 
\n\n
status file for recon-all
Fri Jul  7 19:21:00 EDT 2017
#@# Parcellation Stats 3 rh Fri Jul  7 19:21:00 EDT 2017
recon-all -s sub-08 finished without error at Fri Jul  7 19:21:43 EDT 2017
\n\n
New invocation of recon-all 
\n\n
status file for recon-all
Fri Jul  7 19:21:44 EDT 2017
#@# WM/GM Contrast lh Fri Jul  7 19:21:44 EDT 2017
recon-all -s sub-08 finished without error at Fri Jul  7 19:21:51 EDT 2017
\n\n
New invocation of recon-all 
\n\n
status file for recon-all
Fri Jul  7 19:21:51 EDT 2017
#@# WM/GM Contrast rh Fri Jul  7 19:21:51 EDT 2017
recon-all -s sub-08 finished without error at Fri Jul  7 19:21:58 EDT 2017
\n\n
New invocation of recon-all 
\n\n
status file for recon-all
Fri Jul  7 19:21:58 EDT 2017
#@# Relabel Hypointensities Fri Jul  7 19:21:58 EDT 2017
recon-all -s sub-08 finished without error at Fri Jul  7 19:22:26 EDT 2017
\n\n
New invocation of recon-all 
\n\n
status file for recon-all
Fri Jul  7 19:22:26 EDT 2017
#@# AParc-to-ASeg aparc Fri Jul  7 19:22:26 EDT 2017
#@# AParc-to-ASeg a2009s Fri Jul  7 19:27:39 EDT 2017
#@# AParc-to-ASeg DKTatlas Fri Jul  7 19:32:49 EDT 2017
recon-all -s sub-08 finished without error at Fri Jul  7 19:37:59 EDT 2017
\n\n
New invocation of recon-all 
\n\n
status file for recon-all
Fri Jul  7 19:37:59 EDT 2017
#@# APas-to-ASeg Fri Jul  7 19:37:59 EDT 2017
recon-all -s sub-08 finished without error at Fri Jul  7 19:38:05 EDT 2017
\n\n
New invocation of recon-all 
\n\n
status file for recon-all
Fri Jul  7 19:38:05 EDT 2017
#@# ASeg Stats Fri Jul  7 19:38:05 EDT 2017
recon-all -s sub-08 finished without error at Fri Jul  7 19:39:18 EDT 2017
\n\n
New invocation of recon-all 
\n\n
status file for recon-all
Fri Jul  7 19:39:18 EDT 2017
#@# WMParc Fri Jul  7 19:39:18 EDT 2017
recon-all -s sub-08 finished without error at Fri Jul  7 19:46:32 EDT 2017
\n\n
New invocation of recon-all 
\n\n
status file for recon-all
Fri Jul  7 19:46:33 EDT 2017
#@# BA_exvivo Labels lh Fri Jul  7 19:46:33 EDT 2017
recon-all -s sub-08 finished without error at Fri Jul  7 19:51:50 EDT 2017
\n\n
New invocation of recon-all 
\n\n
status file for recon-all
Fri Jul  7 19:51:50 EDT 2017
#@# BA_exvivo Labels rh Fri Jul  7 19:51:50 EDT 2017
recon-all -s sub-08 finished without error at Fri Jul  7 19:57:11 EDT 2017
\n\n
New invocation of recon-all 
\n\n
status file for recon-all
Thu Jul 13 11:08:02 EDT 2017
#@# MotionCor Thu Jul 13 11:08:02 EDT 2017
recon-all -s sub-08 finished without error at Thu Jul 13 11:08:14 EDT 2017
\n\n
New invocation of recon-all 
\n\n
status file for recon-all
Thu Jul 13 11:08:14 EDT 2017
#@# Talairach Thu Jul 13 11:08:14 EDT 2017
#@# Talairach Failure Detection Thu Jul 13 11:11:13 EDT 2017
recon-all -s sub-08 finished without error at Thu Jul 13 11:11:13 EDT 2017
\n\n
New invocation of recon-all 
\n\n
status file for recon-all
Thu Jul 13 11:11:14 EDT 2017
#@# Nu Intensity Correction Thu Jul 13 11:11:14 EDT 2017
recon-all -s sub-08 finished without error at Thu Jul 13 11:15:57 EDT 2017
\n\n
New invocation of recon-all 
\n\n
status file for recon-all
Thu Jul 13 11:15:58 EDT 2017
#@# Intensity Normalization Thu Jul 13 11:15:58 EDT 2017
recon-all -s sub-08 finished without error at Thu Jul 13 11:22:15 EDT 2017
\n\n
New invocation of recon-all 
\n\n
status file for recon-all
Thu Jul 13 11:22:16 EDT 2017
#@# Skull Stripping Thu Jul 13 11:22:16 EDT 2017
recon-all -s sub-08 finished without error at Thu Jul 13 11:23:17 EDT 2017
\n\n
New invocation of recon-all 
\n\n
status file for recon-all
Thu Jul 13 11:23:18 EDT 2017
#@# EM Registration Thu Jul 13 11:23:18 EDT 2017
recon-all -s sub-08 finished without error at Thu Jul 13 11:48:25 EDT 2017
\n\n
New invocation of recon-all 
\n\n
status file for recon-all
Thu Jul 13 11:48:26 EDT 2017
#@# CA Normalize Thu Jul 13 11:48:26 EDT 2017
recon-all -s sub-08 finished without error at Thu Jul 13 11:51:11 EDT 2017
\n\n
New invocation of recon-all 
\n\n
status file for recon-all
Thu Jul 13 11:51:12 EDT 2017
#@# CA Reg Thu Jul 13 11:51:12 EDT 2017
recon-all -s sub-08 finished without error at Thu Jul 13 17:39:17 EDT 2017
\n\n
New invocation of recon-all 
\n\n
status file for recon-all
Thu Jul 13 17:39:19 EDT 2017
#@# SubCort Seg Thu Jul 13 17:39:19 EDT 2017
#@# Merge ASeg Thu Jul 13 19:40:51 EDT 2017
recon-all -s sub-08 finished without error at Thu Jul 13 19:40:51 EDT 2017
\n\n
New invocation of recon-all 
\n\n
status file for recon-all
Thu Jul 13 19:40:52 EDT 2017
#@# Intensity Normalization2 Thu Jul 13 19:40:53 EDT 2017
recon-all -s sub-08 finished without error at Thu Jul 13 19:50:43 EDT 2017
\n\n
New invocation of recon-all 
\n\n
status file for recon-all
Thu Jul 13 19:50:44 EDT 2017
#@# Mask BFS Thu Jul 13 19:50:44 EDT 2017
recon-all -s sub-08 finished without error at Thu Jul 13 19:50:50 EDT 2017
\n\n
New invocation of recon-all 
\n\n
status file for recon-all
Thu Jul 13 19:50:51 EDT 2017
#@# WM Segmentation Thu Jul 13 19:50:51 EDT 2017
recon-all -s sub-08 finished without error at Thu Jul 13 19:56:14 EDT 2017
\n\n
New invocation of recon-all 
\n\n
status file for recon-all
Thu Jul 13 19:56:15 EDT 2017
#@# Fill Thu Jul 13 19:56:15 EDT 2017
recon-all -s sub-08 finished without error at Thu Jul 13 19:57:55 EDT 2017
\n\n
New invocation of recon-all 
\n\n
status file for recon-all
Thu Jul 13 19:57:56 EDT 2017
#@# Tessellate lh Thu Jul 13 19:57:56 EDT 2017
recon-all -s sub-08 finished without error at Thu Jul 13 19:58:15 EDT 2017
\n\n
New invocation of recon-all 
\n\n
status file for recon-all
Thu Jul 13 19:58:15 EDT 2017
#@# Tessellate rh Thu Jul 13 19:58:15 EDT 2017
recon-all -s sub-08 finished without error at Thu Jul 13 19:58:36 EDT 2017
\n\n
New invocation of recon-all 
\n\n
status file for recon-all
Thu Jul 13 19:58:37 EDT 2017
#@# Smooth1 lh Thu Jul 13 19:58:37 EDT 2017
recon-all -s sub-08 finished without error at Thu Jul 13 19:59:01 EDT 2017
\n\n
New invocation of recon-all 
\n\n
status file for recon-all
Thu Jul 13 19:59:02 EDT 2017
#@# Smooth1 rh Thu Jul 13 19:59:02 EDT 2017
recon-all -s sub-08 finished without error at Thu Jul 13 19:59:27 EDT 2017
\n\n
New invocation of recon-all 
\n\n
status file for recon-all
Thu Jul 13 19:59:28 EDT 2017
#@# Inflation1 lh Thu Jul 13 19:59:28 EDT 2017
recon-all -s sub-08 finished without error at Thu Jul 13 20:01:17 EDT 2017
\n\n
New invocation of recon-all 
\n\n
status file for recon-all
Thu Jul 13 20:01:18 EDT 2017
#@# Inflation1 rh Thu Jul 13 20:01:18 EDT 2017
recon-all -s sub-08 finished without error at Thu Jul 13 20:03:10 EDT 2017
\n\n
New invocation of recon-all 
\n\n
status file for recon-all
Thu Jul 13 20:03:11 EDT 2017
#@# QSphere lh Thu Jul 13 20:03:11 EDT 2017
recon-all -s sub-08 finished without error at Thu Jul 13 20:13:05 EDT 2017
\n\n
New invocation of recon-all 
\n\n
status file for recon-all
Thu Jul 13 20:13:05 EDT 2017
#@# QSphere rh Thu Jul 13 20:13:05 EDT 2017
recon-all -s sub-08 finished without error at Thu Jul 13 20:23:09 EDT 2017
\n\n
New invocation of recon-all 
\n\n
status file for recon-all
Thu Jul 13 20:23:10 EDT 2017
#@# Fix Topology Copy lh Thu Jul 13 20:23:10 EDT 2017
#@# Fix Topology lh Thu Jul 13 20:23:10 EDT 2017
recon-all -s sub-08 finished without error at Thu Jul 13 21:38:54 EDT 2017
\n\n
New invocation of recon-all 
\n\n
status file for recon-all
Thu Jul 13 21:38:56 EDT 2017
#@# Fix Topology Copy rh Thu Jul 13 21:38:56 EDT 2017
#@# Fix Topology rh Thu Jul 13 21:38:56 EDT 2017
recon-all -s sub-08 finished without error at Fri Jul 14 03:10:50 EDT 2017
\n\n
New invocation of recon-all 
\n\n
status file for recon-all
Fri Jul 14 03:10:51 EDT 2017
#@# Make White Surf lh Fri Jul 14 03:10:51 EDT 2017
recon-all -s sub-08 finished without error at Fri Jul 14 03:53:14 EDT 2017
\n\n
New invocation of recon-all 
\n\n
status file for recon-all
Fri Jul 14 03:53:15 EDT 2017
#@# Make White Surf rh Fri Jul 14 03:53:15 EDT 2017
recon-all -s sub-08 finished without error at Fri Jul 14 04:36:57 EDT 2017
\n\n
New invocation of recon-all 
\n\n
status file for recon-all
Fri Jul 14 04:36:58 EDT 2017
#@# Smooth2 lh Fri Jul 14 04:36:58 EDT 2017
recon-all -s sub-08 finished without error at Fri Jul 14 04:37:22 EDT 2017
\n\n
New invocation of recon-all 
\n\n
status file for recon-all
Fri Jul 14 04:37:23 EDT 2017
#@# Inflation2 lh Fri Jul 14 04:37:23 EDT 2017
recon-all -s sub-08 finished without error at Fri Jul 14 04:39:17 EDT 2017
\n\n
New invocation of recon-all 
\n\n
status file for recon-all
Fri Jul 14 04:39:18 EDT 2017
#@# Sphere lh Fri Jul 14 04:39:18 EDT 2017
recon-all -s sub-08 finished without error at Fri Jul 14 07:50:00 EDT 2017
\n\n
New invocation of recon-all 
\n\n
status file for recon-all
Fri Jul 14 07:50:01 EDT 2017
#@# Surf Reg lh Fri Jul 14 07:50:01 EDT 2017
recon-all -s sub-08 finished without error at Fri Jul 14 10:08:11 EDT 2017
\n\n
New invocation of recon-all 
\n\n
status file for recon-all
Fri Jul 14 10:08:11 EDT 2017
#@# Cortical Parc lh Fri Jul 14 10:08:11 EDT 2017
recon-all -s sub-08 finished without error at Fri Jul 14 10:08:43 EDT 2017
\n\n
New invocation of recon-all 
\n\n
status file for recon-all
Fri Jul 14 10:08:44 EDT 2017
#@# Make Pial Surf lh Fri Jul 14 10:08:44 EDT 2017
#@# Surf Volume lh Fri Jul 14 10:35:31 EDT 2017
recon-all -s sub-08 finished without error at Fri Jul 14 10:35:38 EDT 2017
\n\n
New invocation of recon-all 
\n\n
status file for recon-all
Fri Jul 14 10:35:38 EDT 2017
#@# Surf Volume lh Fri Jul 14 10:35:38 EDT 2017
recon-all -s sub-08 finished without error at Fri Jul 14 10:35:45 EDT 2017
\n\n
New invocation of recon-all 
\n\n
status file for recon-all
Fri Jul 14 10:35:45 EDT 2017
#@# Smooth2 rh Fri Jul 14 10:35:45 EDT 2017
recon-all -s sub-08 finished without error at Fri Jul 14 10:36:00 EDT 2017
\n\n
New invocation of recon-all 
\n\n
status file for recon-all
Fri Jul 14 10:36:01 EDT 2017
#@# Inflation2 rh Fri Jul 14 10:36:01 EDT 2017
recon-all -s sub-08 finished without error at Fri Jul 14 10:37:07 EDT 2017
\n\n
New invocation of recon-all 
\n\n
status file for recon-all
Fri Jul 14 10:37:07 EDT 2017
#@# Sphere rh Fri Jul 14 10:37:07 EDT 2017
recon-all -s sub-08 finished without error at Fri Jul 14 12:18:18 EDT 2017
\n\n
New invocation of recon-all 
\n\n
status file for recon-all
Fri Jul 14 12:18:19 EDT 2017
#@# Surf Reg rh Fri Jul 14 12:18:19 EDT 2017
recon-all -s sub-08 finished without error at Fri Jul 14 16:05:09 EDT 2017
\n\n
New invocation of recon-all 
\n\n
status file for recon-all
Fri Jul 14 16:05:10 EDT 2017
#@# Cortical Parc rh Fri Jul 14 16:05:10 EDT 2017
recon-all -s sub-08 finished without error at Fri Jul 14 16:06:01 EDT 2017
\n\n
New invocation of recon-all 
\n\n
status file for recon-all
Fri Jul 14 16:06:02 EDT 2017
#@# Make Pial Surf rh Fri Jul 14 16:06:03 EDT 2017
#@# Surf Volume rh Fri Jul 14 16:47:17 EDT 2017
recon-all -s sub-08 finished without error at Fri Jul 14 16:47:29 EDT 2017
\n\n
New invocation of recon-all 
\n\n
status file for recon-all
Fri Jul 14 16:47:30 EDT 2017
#@# Surf Volume rh Fri Jul 14 16:47:30 EDT 2017
recon-all -s sub-08 finished without error at Fri Jul 14 16:47:40 EDT 2017
\n\n
New invocation of recon-all 
\n\n
status file for recon-all
Fri Jul 14 16:47:41 EDT 2017
#@# Curv .H and .K lh Fri Jul 14 16:47:41 EDT 2017
recon-all -s sub-08 finished without error at Fri Jul 14 16:50:49 EDT 2017
\n\n
New invocation of recon-all 
\n\n
status file for recon-all
Fri Jul 14 16:50:50 EDT 2017
#@# Curv .H and .K rh Fri Jul 14 16:50:50 EDT 2017
recon-all -s sub-08 finished without error at Fri Jul 14 16:54:09 EDT 2017
\n\n
New invocation of recon-all 
\n\n
status file for recon-all
Fri Jul 14 16:54:10 EDT 2017
#@# Curvature Stats lh Fri Jul 14 16:54:10 EDT 2017
recon-all -s sub-08 finished without error at Fri Jul 14 16:54:26 EDT 2017
\n\n
New invocation of recon-all 
\n\n
status file for recon-all
Fri Jul 14 16:54:27 EDT 2017
#@# Curvature Stats rh Fri Jul 14 16:54:27 EDT 2017
recon-all -s sub-08 finished without error at Fri Jul 14 16:54:43 EDT 2017
\n\n
New invocation of recon-all 
\n\n
status file for recon-all
Fri Jul 14 16:54:44 EDT 2017
#@# Jacobian white lh Fri Jul 14 16:54:44 EDT 2017
recon-all -s sub-08 finished without error at Fri Jul 14 16:54:51 EDT 2017
\n\n
New invocation of recon-all 
\n\n
status file for recon-all
Fri Jul 14 16:54:51 EDT 2017
#@# Jacobian white rh Fri Jul 14 16:54:51 EDT 2017
recon-all -s sub-08 finished without error at Fri Jul 14 16:54:58 EDT 2017
\n\n
New invocation of recon-all 
\n\n
status file for recon-all
Fri Jul 14 16:54:59 EDT 2017
#@# AvgCurv lh Fri Jul 14 16:54:59 EDT 2017
recon-all -s sub-08 finished without error at Fri Jul 14 16:55:04 EDT 2017
\n\n
New invocation of recon-all 
\n\n
status file for recon-all
Fri Jul 14 16:55:05 EDT 2017
#@# AvgCurv rh Fri Jul 14 16:55:05 EDT 2017
recon-all -s sub-08 finished without error at Fri Jul 14 16:55:11 EDT 2017
\n\n
New invocation of recon-all 
\n\n
status file for recon-all
Fri Jul 14 16:55:12 EDT 2017
#@# Cortical ribbon mask Fri Jul 14 16:55:12 EDT 2017
recon-all -s sub-08 finished without error at Fri Jul 14 17:33:33 EDT 2017
\n\n
New invocation of recon-all 
\n\n
status file for recon-all
Fri Jul 14 17:33:35 EDT 2017
#@# Parcellation Stats lh Fri Jul 14 17:33:35 EDT 2017
recon-all -s sub-08 finished without error at Fri Jul 14 17:39:59 EDT 2017
\n\n
New invocation of recon-all 
\n\n
status file for recon-all
Fri Jul 14 17:40:00 EDT 2017
#@# Parcellation Stats rh Fri Jul 14 17:40:00 EDT 2017
recon-all -s sub-08 finished without error at Fri Jul 14 17:46:38 EDT 2017
\n\n
New invocation of recon-all 
\n\n
status file for recon-all
Fri Jul 14 17:46:39 EDT 2017
#@# Cortical Parc 2 lh Fri Jul 14 17:46:39 EDT 2017
recon-all -s sub-08 finished without error at Fri Jul 14 17:47:40 EDT 2017
\n\n
New invocation of recon-all 
\n\n
status file for recon-all
Fri Jul 14 17:47:41 EDT 2017
#@# Cortical Parc 2 rh Fri Jul 14 17:47:41 EDT 2017
recon-all -s sub-08 finished without error at Fri Jul 14 17:48:43 EDT 2017
\n\n
New invocation of recon-all 
\n\n
status file for recon-all
Fri Jul 14 17:48:44 EDT 2017
#@# Parcellation Stats 2 lh Fri Jul 14 17:48:44 EDT 2017
recon-all -s sub-08 finished without error at Fri Jul 14 17:51:56 EDT 2017
\n\n
New invocation of recon-all 
\n\n
status file for recon-all
Fri Jul 14 17:51:58 EDT 2017
#@# Parcellation Stats 2 rh Fri Jul 14 17:51:58 EDT 2017
recon-all -s sub-08 finished without error at Fri Jul 14 17:55:02 EDT 2017
\n\n
New invocation of recon-all 
\n\n
status file for recon-all
Fri Jul 14 17:55:03 EDT 2017
#@# Cortical Parc 3 lh Fri Jul 14 17:55:03 EDT 2017
recon-all -s sub-08 finished without error at Fri Jul 14 17:55:50 EDT 2017
\n\n
New invocation of recon-all 
\n\n
status file for recon-all
Fri Jul 14 17:55:51 EDT 2017
#@# Cortical Parc 3 rh Fri Jul 14 17:55:51 EDT 2017
recon-all -s sub-08 finished without error at Fri Jul 14 17:56:45 EDT 2017
\n\n
New invocation of recon-all 
\n\n
status file for recon-all
Fri Jul 14 17:56:46 EDT 2017
#@# Parcellation Stats 3 lh Fri Jul 14 17:56:47 EDT 2017
recon-all -s sub-08 finished without error at Fri Jul 14 17:59:56 EDT 2017
\n\n
New invocation of recon-all 
\n\n
status file for recon-all
Fri Jul 14 17:59:58 EDT 2017
#@# Parcellation Stats 3 rh Fri Jul 14 17:59:58 EDT 2017
recon-all -s sub-08 finished without error at Fri Jul 14 18:03:16 EDT 2017
\n\n
New invocation of recon-all 
\n\n
status file for recon-all
Fri Jul 14 18:03:17 EDT 2017
#@# WM/GM Contrast lh Fri Jul 14 18:03:17 EDT 2017
recon-all -s sub-08 finished without error at Fri Jul 14 18:03:34 EDT 2017
\n\n
New invocation of recon-all 
\n\n
status file for recon-all
Fri Jul 14 18:03:35 EDT 2017
#@# WM/GM Contrast rh Fri Jul 14 18:03:35 EDT 2017
recon-all -s sub-08 finished without error at Fri Jul 14 18:03:53 EDT 2017
\n\n
New invocation of recon-all 
\n\n
status file for recon-all
Fri Jul 14 18:03:53 EDT 2017
#@# Relabel Hypointensities Fri Jul 14 18:03:53 EDT 2017
recon-all -s sub-08 finished without error at Fri Jul 14 18:05:13 EDT 2017
\n\n
New invocation of recon-all 
\n\n
status file for recon-all
Fri Jul 14 18:05:14 EDT 2017
#@# AParc-to-ASeg aparc Fri Jul 14 18:05:14 EDT 2017
#@# AParc-to-ASeg a2009s Fri Jul 14 18:27:24 EDT 2017
#@# AParc-to-ASeg DKTatlas Fri Jul 14 18:50:03 EDT 2017
recon-all -s sub-08 finished without error at Fri Jul 14 19:12:30 EDT 2017
\n\n
New invocation of recon-all 
\n\n
status file for recon-all
Fri Jul 14 19:12:32 EDT 2017
#@# APas-to-ASeg Fri Jul 14 19:12:32 EDT 2017
recon-all -s sub-08 finished without error at Fri Jul 14 19:12:47 EDT 2017
\n\n
New invocation of recon-all 
\n\n
status file for recon-all
Fri Jul 14 19:12:47 EDT 2017
#@# ASeg Stats Fri Jul 14 19:12:47 EDT 2017
recon-all -s sub-08 finished without error at Fri Jul 14 19:22:37 EDT 2017
\n\n
New invocation of recon-all 
\n\n
status file for recon-all
Fri Jul 14 19:22:37 EDT 2017
#@# WMParc Fri Jul 14 19:22:37 EDT 2017
recon-all -s sub-08 finished without error at Fri Jul 14 20:08:29 EDT 2017
\n\n
New invocation of recon-all 
\n\n
status file for recon-all
Fri Jul 14 20:08:30 EDT 2017
#@# BA_exvivo Labels lh Fri Jul 14 20:08:30 EDT 2017
recon-all -s sub-08 finished without error at Fri Jul 14 20:22:04 EDT 2017
\n\n
New invocation of recon-all 
\n\n
status file for recon-all
Fri Jul 14 20:22:05 EDT 2017
#@# BA_exvivo Labels rh Fri Jul 14 20:22:05 EDT 2017
recon-all -s sub-08 finished without error at Fri Jul 14 20:35:46 EDT 2017
