Fri Jul 21 16:52:30 EDT 2017
setenv SUBJECTS_DIR /Users/freesurfer_user/Documents/Github/FreeSurfer-Training-Data
cd /Users/freesurfer_user/Documents/Github/FreeSurfer-Training-Data/sub-08/surf
/Applications/freesurfer/bin/mris_preproc --s sub-08 --hemi lh --meas thickness --target fsaverage --out lh.thickness.fsaverage.mgh

Darwin CFMI-iMac-06.local 16.6.0 Darwin Kernel Version 16.6.0: Fri Apr 14 16:21:16 PDT 2017; root:xnu-3789.60.24~6/RELEASE_X86_64 x86_64
$Id: FreeSurferEnv.csh,v 1.89 2016/06/09 14:54:31 zkaufman Exp $
freesurfer-Darwin-OSX-stable-pub-v6.0.0-2beb96c
tmpdir is ./tmp.mris_preproc.63298
Src lh sphere.reg
Trg lh sphere.reg

\n\n
---------------------------------------------------
#@# 1/1 sub-08 Fri Jul 21 16:52:30 EDT 2017 --------------
-----------------------
mri_surf2surf --srcsubject sub-08 --srchemi lh --srcsurfreg sphere.reg --trgsubject fsaverage --trghemi lh --trgsurfreg sphere.reg --tval ./tmp.mris_preproc.63298/sub-08.1.mgh --sval /Users/freesurfer_user/Documents/Github/FreeSurfer-Training-Data/sub-08/surf/lh.thickness --sfmt curv --noreshape --cortex
Source registration surface changed to sphere.reg
Target registration surface changed to sphere.reg

$Id: mri_surf2surf.c,v 1.103 2015/11/05 22:07:33 greve Exp $

setenv SUBJECTS_DIR /Users/freesurfer_user/Documents/Github/FreeSurfer-Training-Data
cd /Users/freesurfer_user/Documents/GitHub/FreeSurfer-Training-Data/sub-08/surf
mri_surf2surf --srcsubject sub-08 --srchemi lh --srcsurfreg sphere.reg --trgsubject fsaverage --trghemi lh --trgsurfreg sphere.reg --tval ./tmp.mris_preproc.63298/sub-08.1.mgh --sval /Users/freesurfer_user/Documents/Github/FreeSurfer-Training-Data/sub-08/surf/lh.thickness --sfmt curv --noreshape --cortex 

sysname  Darwin
hostname CFMI-iMac-06.local
machine  x86_64
user     freesurfer_user
srcsubject = sub-08
srcval     = /Users/freesurfer_user/Documents/Github/FreeSurfer-Training-Data/sub-08/surf/lh.thickness
srctype    = curv
trgsubject = fsaverage
trgval     = ./tmp.mris_preproc.63298/sub-08.1.mgh
trgtype    = 
srcsurfreg = sphere.reg
trgsurfreg = sphere.reg
srchemi    = lh
trghemi    = lh
frame      = 0
fwhm-in    = 0
fwhm-out   = 0
label-src  = lh.cortex.label
label-trg  = lh.cortex.label
OKToRevFaceOrder  = 1
UseDualHemi = 0
Reading source surface reg /Users/freesurfer_user/Documents/Github/FreeSurfer-Training-Data/sub-08/surf/lh.sphere.reg
Loading source data
Reading curvature file /Users/freesurfer_user/Documents/Github/FreeSurfer-Training-Data/sub-08/surf/lh.thickness
No such file or directory
mri_surf2surf: could not open label file /Users/freesurfer_user/Documents/Github/FreeSurfer-Training-Data/sub-08/label/lh.cortex.label
Reading source subject label mask lh.cortex.label
No such file or directory
