status file for recon-all
Thu Jul  6 19:24:06 EDT 2017
#@# MotionCor Thu Jul  6 19:24:15 EDT 2017
#@# Deface Thu Jul  6 19:24:28 EDT 2017
Darwin trash-can.local 15.6.0 Darwin Kernel Version 15.6.0: Thu Jun 23 18:25:34 PDT 2016; root:xnu-3248.60.10~1/RELEASE_X86_64 x86_64 i386 MacPro6,1 Darwin

recon-all -s sub-10 exited with ERRORS at Thu Jul  6 19:25:02 EDT 2017

\n\n
New invocation of recon-all 
\n\n
status file for recon-all
Thu Jul  6 19:26:14 EDT 2017
#@# MotionCor Thu Jul  6 19:26:15 EDT 2017
#@# Deface Thu Jul  6 19:26:33 EDT 2017
Darwin trash-can.local 15.6.0 Darwin Kernel Version 15.6.0: Thu Jun 23 18:25:34 PDT 2016; root:xnu-3248.60.10~1/RELEASE_X86_64 x86_64 i386 MacPro6,1 Darwin

recon-all -s sub-10 exited with ERRORS at Thu Jul  6 19:27:19 EDT 2017

\n\n
New invocation of recon-all 
\n\n
status file for recon-all
Thu Jul  6 19:27:52 EDT 2017
#@# MotionCor Thu Jul  6 19:27:52 EDT 2017
#@# Talairach Thu Jul  6 19:28:09 EDT 2017
#@# Talairach Failure Detection Thu Jul  6 19:31:01 EDT 2017
#@# Nu Intensity Correction Thu Jul  6 19:31:01 EDT 2017
#@# Intensity Normalization Thu Jul  6 19:33:58 EDT 2017
#@# Skull Stripping Thu Jul  6 19:37:23 EDT 2017
#@# EM Registration Thu Jul  6 19:52:22 EDT 2017
#@# CA Normalize Thu Jul  6 20:04:33 EDT 2017
#@# CA Reg Thu Jul  6 20:06:49 EDT 2017
#@# SubCort Seg Thu Jul  6 23:05:33 EDT 2017
#@# Merge ASeg Thu Jul  6 23:52:45 EDT 2017
#@# Intensity Normalization2 Thu Jul  6 23:52:45 EDT 2017
#@# Mask BFS Thu Jul  6 23:55:40 EDT 2017
#@# WM Segmentation Thu Jul  6 23:55:41 EDT 2017
#@# Fill Thu Jul  6 23:57:54 EDT 2017
#@# Tessellate lh Thu Jul  6 23:58:35 EDT 2017
#@# Tessellate rh Thu Jul  6 23:58:40 EDT 2017
#@# Smooth1 lh Thu Jul  6 23:58:44 EDT 2017
#@# Smooth1 rh Thu Jul  6 23:58:44 EDT 2017
Darwin trash-can.local 15.6.0 Darwin Kernel Version 15.6.0: Thu Jun 23 18:25:34 PDT 2016; root:xnu-3248.60.10~1/RELEASE_X86_64 x86_64 i386 MacPro6,1 Darwin

recon-all -s sub-10 exited with ERRORS at Thu Jul  6 23:58:45 EDT 2017

\n\n
New invocation of recon-all 
\n\n
status file for recon-all
Fri Jul  7 09:50:15 EDT 2017
#@# Smooth1 lh Fri Jul  7 09:50:15 EDT 2017
recon-all -s sub-10 finished without error at Fri Jul  7 09:50:26 EDT 2017
\n\n
New invocation of recon-all 
\n\n
status file for recon-all
Fri Jul  7 09:50:27 EDT 2017
#@# Smooth1 rh Fri Jul  7 09:50:27 EDT 2017
recon-all -s sub-10 finished without error at Fri Jul  7 09:50:39 EDT 2017
\n\n
New invocation of recon-all 
\n\n
status file for recon-all
Fri Jul  7 09:50:39 EDT 2017
#@# Inflation1 lh Fri Jul  7 09:50:39 EDT 2017
recon-all -s sub-10 finished without error at Fri Jul  7 09:51:09 EDT 2017
\n\n
New invocation of recon-all 
\n\n
status file for recon-all
Fri Jul  7 09:51:10 EDT 2017
#@# Inflation1 rh Fri Jul  7 09:51:10 EDT 2017
recon-all -s sub-10 finished without error at Fri Jul  7 09:51:40 EDT 2017
\n\n
New invocation of recon-all 
\n\n
status file for recon-all
Fri Jul  7 09:51:40 EDT 2017
#@# QSphere lh Fri Jul  7 09:51:40 EDT 2017
recon-all -s sub-10 finished without error at Fri Jul  7 09:54:03 EDT 2017
\n\n
New invocation of recon-all 
\n\n
status file for recon-all
Fri Jul  7 09:54:03 EDT 2017
#@# QSphere rh Fri Jul  7 09:54:04 EDT 2017
recon-all -s sub-10 finished without error at Fri Jul  7 09:56:06 EDT 2017
\n\n
New invocation of recon-all 
\n\n
status file for recon-all
Fri Jul  7 09:56:07 EDT 2017
#@# Fix Topology Copy lh Fri Jul  7 09:56:07 EDT 2017
#@# Fix Topology lh Fri Jul  7 09:56:07 EDT 2017
recon-all -s sub-10 finished without error at Fri Jul  7 10:19:01 EDT 2017
\n\n
New invocation of recon-all 
\n\n
status file for recon-all
Fri Jul  7 10:19:01 EDT 2017
#@# Fix Topology Copy rh Fri Jul  7 10:19:01 EDT 2017
#@# Fix Topology rh Fri Jul  7 10:19:01 EDT 2017
recon-all -s sub-10 finished without error at Fri Jul  7 10:42:17 EDT 2017
\n\n
New invocation of recon-all 
\n\n
status file for recon-all
Fri Jul  7 10:42:18 EDT 2017
#@# Make White Surf lh Fri Jul  7 10:42:18 EDT 2017
recon-all -s sub-10 finished without error at Fri Jul  7 10:56:26 EDT 2017
\n\n
New invocation of recon-all 
\n\n
status file for recon-all
Fri Jul  7 10:56:26 EDT 2017
#@# Make White Surf rh Fri Jul  7 10:56:26 EDT 2017
recon-all -s sub-10 finished without error at Fri Jul  7 11:10:33 EDT 2017
\n\n
New invocation of recon-all 
\n\n
status file for recon-all
Fri Jul  7 11:10:33 EDT 2017
#@# Smooth2 lh Fri Jul  7 11:10:34 EDT 2017
recon-all -s sub-10 finished without error at Fri Jul  7 11:10:41 EDT 2017
\n\n
New invocation of recon-all 
\n\n
status file for recon-all
Fri Jul  7 11:10:41 EDT 2017
#@# Inflation2 lh Fri Jul  7 11:10:41 EDT 2017
recon-all -s sub-10 finished without error at Fri Jul  7 11:10:56 EDT 2017
\n\n
New invocation of recon-all 
\n\n
status file for recon-all
Fri Jul  7 11:10:56 EDT 2017
#@# Sphere lh Fri Jul  7 11:10:56 EDT 2017
recon-all -s sub-10 finished without error at Fri Jul  7 11:23:59 EDT 2017
\n\n
New invocation of recon-all 
\n\n
status file for recon-all
Fri Jul  7 11:23:59 EDT 2017
#@# Surf Reg lh Fri Jul  7 11:24:00 EDT 2017
recon-all -s sub-10 finished without error at Fri Jul  7 11:48:04 EDT 2017
\n\n
New invocation of recon-all 
\n\n
status file for recon-all
Fri Jul  7 11:48:04 EDT 2017
#@# Cortical Parc lh Fri Jul  7 11:48:04 EDT 2017
recon-all -s sub-10 finished without error at Fri Jul  7 11:48:18 EDT 2017
\n\n
New invocation of recon-all 
\n\n
status file for recon-all
Fri Jul  7 11:48:18 EDT 2017
#@# Make Pial Surf lh Fri Jul  7 11:48:18 EDT 2017
#@# Surf Volume lh Fri Jul  7 12:05:02 EDT 2017
recon-all -s sub-10 finished without error at Fri Jul  7 12:05:07 EDT 2017
\n\n
New invocation of recon-all 
\n\n
status file for recon-all
Fri Jul  7 12:05:07 EDT 2017
#@# Surf Volume lh Fri Jul  7 12:05:07 EDT 2017
recon-all -s sub-10 finished without error at Fri Jul  7 12:05:11 EDT 2017
\n\n
New invocation of recon-all 
\n\n
status file for recon-all
Fri Jul  7 12:05:12 EDT 2017
#@# Smooth2 rh Fri Jul  7 12:05:12 EDT 2017
recon-all -s sub-10 finished without error at Fri Jul  7 12:05:21 EDT 2017
\n\n
New invocation of recon-all 
\n\n
status file for recon-all
Fri Jul  7 12:05:21 EDT 2017
#@# Inflation2 rh Fri Jul  7 12:05:21 EDT 2017
recon-all -s sub-10 finished without error at Fri Jul  7 12:05:41 EDT 2017
\n\n
New invocation of recon-all 
\n\n
status file for recon-all
Fri Jul  7 12:05:41 EDT 2017
#@# Sphere rh Fri Jul  7 12:05:41 EDT 2017
recon-all -s sub-10 finished without error at Fri Jul  7 12:30:45 EDT 2017
\n\n
New invocation of recon-all 
\n\n
status file for recon-all
Fri Jul  7 12:30:45 EDT 2017
#@# Surf Reg rh Fri Jul  7 12:30:45 EDT 2017
recon-all -s sub-10 finished without error at Fri Jul  7 13:08:07 EDT 2017
\n\n
New invocation of recon-all 
\n\n
status file for recon-all
Fri Jul  7 13:08:07 EDT 2017
#@# Cortical Parc rh Fri Jul  7 13:08:08 EDT 2017
recon-all -s sub-10 finished without error at Fri Jul  7 13:08:26 EDT 2017
\n\n
New invocation of recon-all 
\n\n
status file for recon-all
Fri Jul  7 13:08:27 EDT 2017
#@# Make Pial Surf rh Fri Jul  7 13:08:27 EDT 2017
#@# Surf Volume rh Fri Jul  7 13:24:25 EDT 2017
recon-all -s sub-10 finished without error at Fri Jul  7 13:24:30 EDT 2017
\n\n
New invocation of recon-all 
\n\n
status file for recon-all
Fri Jul  7 13:24:30 EDT 2017
#@# Surf Volume rh Fri Jul  7 13:24:30 EDT 2017
recon-all -s sub-10 finished without error at Fri Jul  7 13:24:35 EDT 2017
\n\n
New invocation of recon-all 
\n\n
status file for recon-all
Fri Jul  7 13:24:35 EDT 2017
#@# Curv .H and .K lh Fri Jul  7 13:24:35 EDT 2017
recon-all -s sub-10 finished without error at Fri Jul  7 13:26:07 EDT 2017
\n\n
New invocation of recon-all 
\n\n
status file for recon-all
Fri Jul  7 13:26:07 EDT 2017
#@# Curv .H and .K rh Fri Jul  7 13:26:07 EDT 2017
recon-all -s sub-10 finished without error at Fri Jul  7 13:27:40 EDT 2017
\n\n
New invocation of recon-all 
\n\n
status file for recon-all
Fri Jul  7 13:27:40 EDT 2017
#@# Curvature Stats lh Fri Jul  7 13:27:40 EDT 2017
recon-all -s sub-10 finished without error at Fri Jul  7 13:27:49 EDT 2017
\n\n
New invocation of recon-all 
\n\n
status file for recon-all
Fri Jul  7 13:27:49 EDT 2017
#@# Curvature Stats rh Fri Jul  7 13:27:49 EDT 2017
recon-all -s sub-10 finished without error at Fri Jul  7 13:27:57 EDT 2017
\n\n
New invocation of recon-all 
\n\n
status file for recon-all
Fri Jul  7 13:27:58 EDT 2017
#@# Jacobian white lh Fri Jul  7 13:27:58 EDT 2017
recon-all -s sub-10 finished without error at Fri Jul  7 13:28:01 EDT 2017
\n\n
New invocation of recon-all 
\n\n
status file for recon-all
Fri Jul  7 13:28:01 EDT 2017
#@# Jacobian white rh Fri Jul  7 13:28:01 EDT 2017
recon-all -s sub-10 finished without error at Fri Jul  7 13:28:04 EDT 2017
\n\n
New invocation of recon-all 
\n\n
status file for recon-all
Fri Jul  7 13:28:04 EDT 2017
#@# AvgCurv lh Fri Jul  7 13:28:04 EDT 2017
recon-all -s sub-10 finished without error at Fri Jul  7 13:28:07 EDT 2017
\n\n
New invocation of recon-all 
\n\n
status file for recon-all
Fri Jul  7 13:28:08 EDT 2017
#@# AvgCurv rh Fri Jul  7 13:28:08 EDT 2017
recon-all -s sub-10 finished without error at Fri Jul  7 13:28:10 EDT 2017
\n\n
New invocation of recon-all 
\n\n
status file for recon-all
Fri Jul  7 13:28:11 EDT 2017
#@# Cortical ribbon mask Fri Jul  7 13:28:11 EDT 2017
recon-all -s sub-10 finished without error at Fri Jul  7 13:44:18 EDT 2017
\n\n
New invocation of recon-all 
\n\n
status file for recon-all
Fri Jul  7 13:44:19 EDT 2017
#@# Parcellation Stats lh Fri Jul  7 13:44:19 EDT 2017
recon-all -s sub-10 finished without error at Fri Jul  7 13:46:07 EDT 2017
\n\n
New invocation of recon-all 
\n\n
status file for recon-all
Fri Jul  7 13:46:08 EDT 2017
#@# Parcellation Stats rh Fri Jul  7 13:46:08 EDT 2017
recon-all -s sub-10 finished without error at Fri Jul  7 13:47:49 EDT 2017
\n\n
New invocation of recon-all 
\n\n
status file for recon-all
Fri Jul  7 13:47:50 EDT 2017
#@# Cortical Parc 2 lh Fri Jul  7 13:47:50 EDT 2017
recon-all -s sub-10 finished without error at Fri Jul  7 13:48:16 EDT 2017
\n\n
New invocation of recon-all 
\n\n
status file for recon-all
Fri Jul  7 13:48:17 EDT 2017
#@# Cortical Parc 2 rh Fri Jul  7 13:48:17 EDT 2017
recon-all -s sub-10 finished without error at Fri Jul  7 13:48:43 EDT 2017
\n\n
New invocation of recon-all 
\n\n
status file for recon-all
Fri Jul  7 13:48:44 EDT 2017
#@# Parcellation Stats 2 lh Fri Jul  7 13:48:44 EDT 2017
recon-all -s sub-10 finished without error at Fri Jul  7 13:49:31 EDT 2017
\n\n
New invocation of recon-all 
\n\n
status file for recon-all
Fri Jul  7 13:49:32 EDT 2017
#@# Parcellation Stats 2 rh Fri Jul  7 13:49:32 EDT 2017
recon-all -s sub-10 finished without error at Fri Jul  7 13:50:19 EDT 2017
\n\n
New invocation of recon-all 
\n\n
status file for recon-all
Fri Jul  7 13:50:20 EDT 2017
#@# Cortical Parc 3 lh Fri Jul  7 13:50:20 EDT 2017
recon-all -s sub-10 finished without error at Fri Jul  7 13:50:40 EDT 2017
\n\n
New invocation of recon-all 
\n\n
status file for recon-all
Fri Jul  7 13:50:41 EDT 2017
#@# Cortical Parc 3 rh Fri Jul  7 13:50:41 EDT 2017
recon-all -s sub-10 finished without error at Fri Jul  7 13:51:02 EDT 2017
\n\n
New invocation of recon-all 
\n\n
status file for recon-all
Fri Jul  7 13:51:03 EDT 2017
#@# Parcellation Stats 3 lh Fri Jul  7 13:51:03 EDT 2017
recon-all -s sub-10 finished without error at Fri Jul  7 13:51:46 EDT 2017
\n\n
New invocation of recon-all 
\n\n
status file for recon-all
Fri Jul  7 13:51:47 EDT 2017
#@# Parcellation Stats 3 rh Fri Jul  7 13:51:47 EDT 2017
recon-all -s sub-10 finished without error at Fri Jul  7 13:52:35 EDT 2017
\n\n
New invocation of recon-all 
\n\n
status file for recon-all
Fri Jul  7 13:52:35 EDT 2017
#@# WM/GM Contrast lh Fri Jul  7 13:52:35 EDT 2017
recon-all -s sub-10 finished without error at Fri Jul  7 13:52:44 EDT 2017
\n\n
New invocation of recon-all 
\n\n
status file for recon-all
Fri Jul  7 13:52:45 EDT 2017
#@# WM/GM Contrast rh Fri Jul  7 13:52:45 EDT 2017
recon-all -s sub-10 finished without error at Fri Jul  7 13:52:52 EDT 2017
\n\n
New invocation of recon-all 
\n\n
status file for recon-all
Fri Jul  7 13:52:53 EDT 2017
#@# Relabel Hypointensities Fri Jul  7 13:52:53 EDT 2017
recon-all -s sub-10 finished without error at Fri Jul  7 13:53:30 EDT 2017
\n\n
New invocation of recon-all 
\n\n
status file for recon-all
Fri Jul  7 13:53:30 EDT 2017
#@# AParc-to-ASeg aparc Fri Jul  7 13:53:30 EDT 2017
#@# AParc-to-ASeg a2009s Fri Jul  7 14:01:15 EDT 2017
#@# AParc-to-ASeg DKTatlas Fri Jul  7 14:09:19 EDT 2017
recon-all -s sub-10 finished without error at Fri Jul  7 14:15:21 EDT 2017
\n\n
New invocation of recon-all 
\n\n
status file for recon-all
Fri Jul  7 14:15:22 EDT 2017
#@# APas-to-ASeg Fri Jul  7 14:15:22 EDT 2017
recon-all -s sub-10 finished without error at Fri Jul  7 14:15:29 EDT 2017
\n\n
New invocation of recon-all 
\n\n
status file for recon-all
Fri Jul  7 14:15:29 EDT 2017
#@# ASeg Stats Fri Jul  7 14:15:30 EDT 2017
recon-all -s sub-10 finished without error at Fri Jul  7 14:17:13 EDT 2017
\n\n
New invocation of recon-all 
\n\n
status file for recon-all
Fri Jul  7 14:17:13 EDT 2017
#@# WMParc Fri Jul  7 14:17:14 EDT 2017
recon-all -s sub-10 finished without error at Fri Jul  7 14:23:56 EDT 2017
\n\n
New invocation of recon-all 
\n\n
status file for recon-all
Fri Jul  7 14:23:56 EDT 2017
#@# BA_exvivo Labels lh Fri Jul  7 14:23:56 EDT 2017
recon-all -s sub-10 finished without error at Fri Jul  7 14:29:07 EDT 2017
\n\n
New invocation of recon-all 
\n\n
status file for recon-all
Fri Jul  7 14:29:07 EDT 2017
#@# BA_exvivo Labels rh Fri Jul  7 14:29:07 EDT 2017
recon-all -s sub-10 finished without error at Fri Jul  7 14:34:44 EDT 2017
\n\n
New invocation of recon-all 
\n\n
status file for recon-all
Sat Jul 15 11:50:20 EDT 2017
#@# MotionCor Sat Jul 15 11:50:20 EDT 2017
recon-all -s sub-10 finished without error at Sat Jul 15 11:50:28 EDT 2017
\n\n
New invocation of recon-all 
\n\n
status file for recon-all
Sat Jul 15 11:50:29 EDT 2017
#@# Talairach Sat Jul 15 11:50:29 EDT 2017
#@# Talairach Failure Detection Sat Jul 15 11:52:42 EDT 2017
recon-all -s sub-10 finished without error at Sat Jul 15 11:52:42 EDT 2017
\n\n
New invocation of recon-all 
\n\n
status file for recon-all
Sat Jul 15 11:52:43 EDT 2017
#@# Nu Intensity Correction Sat Jul 15 11:52:43 EDT 2017
recon-all -s sub-10 finished without error at Sat Jul 15 11:55:19 EDT 2017
\n\n
New invocation of recon-all 
\n\n
status file for recon-all
Sat Jul 15 11:55:20 EDT 2017
#@# Intensity Normalization Sat Jul 15 11:55:20 EDT 2017
recon-all -s sub-10 finished without error at Sat Jul 15 11:59:47 EDT 2017
\n\n
New invocation of recon-all 
\n\n
status file for recon-all
Sat Jul 15 11:59:48 EDT 2017
#@# Skull Stripping Sat Jul 15 11:59:48 EDT 2017
recon-all -s sub-10 finished without error at Sat Jul 15 12:00:32 EDT 2017
\n\n
New invocation of recon-all 
\n\n
status file for recon-all
Sat Jul 15 12:00:33 EDT 2017
#@# EM Registration Sat Jul 15 12:00:33 EDT 2017
recon-all -s sub-10 finished without error at Sat Jul 15 12:14:19 EDT 2017
\n\n
New invocation of recon-all 
\n\n
status file for recon-all
Sat Jul 15 12:14:20 EDT 2017
#@# CA Normalize Sat Jul 15 12:14:20 EDT 2017
recon-all -s sub-10 finished without error at Sat Jul 15 12:16:18 EDT 2017
\n\n
New invocation of recon-all 
\n\n
status file for recon-all
Sat Jul 15 12:16:19 EDT 2017
#@# CA Reg Sat Jul 15 12:16:19 EDT 2017
recon-all -s sub-10 finished without error at Sat Jul 15 17:04:37 EDT 2017
\n\n
New invocation of recon-all 
\n\n
status file for recon-all
Sat Jul 15 17:04:38 EDT 2017
#@# SubCort Seg Sat Jul 15 17:04:38 EDT 2017
#@# Merge ASeg Sat Jul 15 18:06:04 EDT 2017
recon-all -s sub-10 finished without error at Sat Jul 15 18:06:04 EDT 2017
\n\n
New invocation of recon-all 
\n\n
status file for recon-all
Sat Jul 15 18:06:05 EDT 2017
#@# Intensity Normalization2 Sat Jul 15 18:06:06 EDT 2017
recon-all -s sub-10 finished without error at Sat Jul 15 18:12:32 EDT 2017
\n\n
New invocation of recon-all 
\n\n
status file for recon-all
Sat Jul 15 18:12:33 EDT 2017
#@# Mask BFS Sat Jul 15 18:12:33 EDT 2017
recon-all -s sub-10 finished without error at Sat Jul 15 18:12:36 EDT 2017
\n\n
New invocation of recon-all 
\n\n
status file for recon-all
Sat Jul 15 18:12:37 EDT 2017
#@# WM Segmentation Sat Jul 15 18:12:37 EDT 2017
recon-all -s sub-10 finished without error at Sat Jul 15 18:16:12 EDT 2017
\n\n
New invocation of recon-all 
\n\n
status file for recon-all
Sat Jul 15 18:16:12 EDT 2017
#@# Fill Sat Jul 15 18:16:12 EDT 2017
recon-all -s sub-10 finished without error at Sat Jul 15 18:17:17 EDT 2017
\n\n
New invocation of recon-all 
\n\n
status file for recon-all
Sat Jul 15 18:17:17 EDT 2017
#@# Tessellate lh Sat Jul 15 18:17:17 EDT 2017
recon-all -s sub-10 finished without error at Sat Jul 15 18:17:28 EDT 2017
\n\n
New invocation of recon-all 
\n\n
status file for recon-all
Sat Jul 15 18:17:29 EDT 2017
#@# Tessellate rh Sat Jul 15 18:17:29 EDT 2017
recon-all -s sub-10 finished without error at Sat Jul 15 18:17:39 EDT 2017
\n\n
New invocation of recon-all 
\n\n
status file for recon-all
Sat Jul 15 18:17:39 EDT 2017
#@# Smooth1 lh Sat Jul 15 18:17:39 EDT 2017
recon-all -s sub-10 finished without error at Sat Jul 15 18:17:50 EDT 2017
\n\n
New invocation of recon-all 
\n\n
status file for recon-all
Sat Jul 15 18:17:50 EDT 2017
#@# Smooth1 rh Sat Jul 15 18:17:50 EDT 2017
recon-all -s sub-10 finished without error at Sat Jul 15 18:18:01 EDT 2017
\n\n
New invocation of recon-all 
\n\n
status file for recon-all
Sat Jul 15 18:18:01 EDT 2017
#@# Inflation1 lh Sat Jul 15 18:18:01 EDT 2017
recon-all -s sub-10 finished without error at Sat Jul 15 18:18:46 EDT 2017
\n\n
New invocation of recon-all 
\n\n
status file for recon-all
Sat Jul 15 18:18:46 EDT 2017
#@# Inflation1 rh Sat Jul 15 18:18:46 EDT 2017
recon-all -s sub-10 finished without error at Sat Jul 15 18:19:32 EDT 2017
\n\n
New invocation of recon-all 
\n\n
status file for recon-all
Sat Jul 15 18:19:33 EDT 2017
#@# QSphere lh Sat Jul 15 18:19:33 EDT 2017
recon-all -s sub-10 finished without error at Sat Jul 15 18:24:16 EDT 2017
\n\n
New invocation of recon-all 
\n\n
status file for recon-all
Sat Jul 15 18:24:16 EDT 2017
#@# QSphere rh Sat Jul 15 18:24:16 EDT 2017
recon-all -s sub-10 finished without error at Sat Jul 15 18:29:26 EDT 2017
\n\n
New invocation of recon-all 
\n\n
status file for recon-all
Sat Jul 15 18:29:26 EDT 2017
#@# Fix Topology Copy lh Sat Jul 15 18:29:26 EDT 2017
#@# Fix Topology lh Sat Jul 15 18:29:27 EDT 2017
recon-all -s sub-10 finished without error at Sat Jul 15 19:09:43 EDT 2017
\n\n
New invocation of recon-all 
\n\n
status file for recon-all
Sat Jul 15 19:09:43 EDT 2017
#@# Fix Topology Copy rh Sat Jul 15 19:09:43 EDT 2017
#@# Fix Topology rh Sat Jul 15 19:09:43 EDT 2017
recon-all -s sub-10 finished without error at Sat Jul 15 19:37:55 EDT 2017
\n\n
New invocation of recon-all 
\n\n
status file for recon-all
Sat Jul 15 19:37:56 EDT 2017
#@# Make White Surf lh Sat Jul 15 19:37:56 EDT 2017
recon-all -s sub-10 finished without error at Sat Jul 15 19:56:38 EDT 2017
\n\n
New invocation of recon-all 
\n\n
status file for recon-all
Sat Jul 15 19:56:39 EDT 2017
#@# Make White Surf rh Sat Jul 15 19:56:39 EDT 2017
recon-all -s sub-10 finished without error at Sat Jul 15 20:15:26 EDT 2017
\n\n
New invocation of recon-all 
\n\n
status file for recon-all
Sat Jul 15 20:15:27 EDT 2017
#@# Smooth2 lh Sat Jul 15 20:15:27 EDT 2017
recon-all -s sub-10 finished without error at Sat Jul 15 20:15:37 EDT 2017
\n\n
New invocation of recon-all 
\n\n
status file for recon-all
Sat Jul 15 20:15:37 EDT 2017
#@# Inflation2 lh Sat Jul 15 20:15:37 EDT 2017
recon-all -s sub-10 finished without error at Sat Jul 15 20:16:15 EDT 2017
\n\n
New invocation of recon-all 
\n\n
status file for recon-all
Sat Jul 15 20:16:15 EDT 2017
#@# Sphere lh Sat Jul 15 20:16:15 EDT 2017
recon-all -s sub-10 finished without error at Sat Jul 15 21:00:06 EDT 2017
\n\n
New invocation of recon-all 
\n\n
status file for recon-all
Sat Jul 15 21:00:07 EDT 2017
#@# Surf Reg lh Sat Jul 15 21:00:07 EDT 2017
recon-all -s sub-10 finished without error at Sat Jul 15 21:37:22 EDT 2017
\n\n
New invocation of recon-all 
\n\n
status file for recon-all
Sat Jul 15 21:37:22 EDT 2017
#@# Cortical Parc lh Sat Jul 15 21:37:22 EDT 2017
recon-all -s sub-10 finished without error at Sat Jul 15 21:37:43 EDT 2017
\n\n
New invocation of recon-all 
\n\n
status file for recon-all
Sat Jul 15 21:37:43 EDT 2017
#@# Make Pial Surf lh Sat Jul 15 21:37:43 EDT 2017
#@# Surf Volume lh Sat Jul 15 21:55:56 EDT 2017
recon-all -s sub-10 finished without error at Sat Jul 15 21:56:01 EDT 2017
\n\n
New invocation of recon-all 
\n\n
status file for recon-all
Sat Jul 15 21:56:01 EDT 2017
#@# Surf Volume lh Sat Jul 15 21:56:01 EDT 2017
recon-all -s sub-10 finished without error at Sat Jul 15 21:56:05 EDT 2017
\n\n
New invocation of recon-all 
\n\n
status file for recon-all
Sat Jul 15 21:56:06 EDT 2017
#@# Smooth2 rh Sat Jul 15 21:56:06 EDT 2017
recon-all -s sub-10 finished without error at Sat Jul 15 21:56:16 EDT 2017
\n\n
New invocation of recon-all 
\n\n
status file for recon-all
Sat Jul 15 21:56:16 EDT 2017
#@# Inflation2 rh Sat Jul 15 21:56:16 EDT 2017
recon-all -s sub-10 finished without error at Sat Jul 15 21:56:54 EDT 2017
\n\n
New invocation of recon-all 
\n\n
status file for recon-all
Sat Jul 15 21:56:55 EDT 2017
#@# Sphere rh Sat Jul 15 21:56:55 EDT 2017
recon-all -s sub-10 finished without error at Sat Jul 15 22:26:47 EDT 2017
\n\n
New invocation of recon-all 
\n\n
status file for recon-all
Sat Jul 15 22:26:47 EDT 2017
#@# Surf Reg rh Sat Jul 15 22:26:47 EDT 2017
recon-all -s sub-10 finished without error at Sat Jul 15 23:22:43 EDT 2017
\n\n
New invocation of recon-all 
\n\n
status file for recon-all
Sat Jul 15 23:22:43 EDT 2017
#@# Cortical Parc rh Sat Jul 15 23:22:43 EDT 2017
recon-all -s sub-10 finished without error at Sat Jul 15 23:23:03 EDT 2017
\n\n
New invocation of recon-all 
\n\n
status file for recon-all
Sat Jul 15 23:23:04 EDT 2017
#@# Make Pial Surf rh Sat Jul 15 23:23:04 EDT 2017
#@# Surf Volume rh Sat Jul 15 23:41:22 EDT 2017
recon-all -s sub-10 finished without error at Sat Jul 15 23:41:27 EDT 2017
\n\n
New invocation of recon-all 
\n\n
status file for recon-all
Sat Jul 15 23:41:28 EDT 2017
#@# Surf Volume rh Sat Jul 15 23:41:28 EDT 2017
recon-all -s sub-10 finished without error at Sat Jul 15 23:41:32 EDT 2017
\n\n
New invocation of recon-all 
\n\n
status file for recon-all
Sat Jul 15 23:41:32 EDT 2017
#@# Curv .H and .K lh Sat Jul 15 23:41:32 EDT 2017
recon-all -s sub-10 finished without error at Sat Jul 15 23:42:52 EDT 2017
\n\n
New invocation of recon-all 
\n\n
status file for recon-all
Sat Jul 15 23:42:52 EDT 2017
#@# Curv .H and .K rh Sat Jul 15 23:42:52 EDT 2017
recon-all -s sub-10 finished without error at Sat Jul 15 23:44:13 EDT 2017
\n\n
New invocation of recon-all 
\n\n
status file for recon-all
Sat Jul 15 23:44:13 EDT 2017
#@# Curvature Stats lh Sat Jul 15 23:44:13 EDT 2017
recon-all -s sub-10 finished without error at Sat Jul 15 23:44:20 EDT 2017
\n\n
New invocation of recon-all 
\n\n
status file for recon-all
Sat Jul 15 23:44:20 EDT 2017
#@# Curvature Stats rh Sat Jul 15 23:44:20 EDT 2017
recon-all -s sub-10 finished without error at Sat Jul 15 23:44:27 EDT 2017
\n\n
New invocation of recon-all 
\n\n
status file for recon-all
Sat Jul 15 23:44:27 EDT 2017
#@# Jacobian white lh Sat Jul 15 23:44:27 EDT 2017
recon-all -s sub-10 finished without error at Sat Jul 15 23:44:30 EDT 2017
\n\n
New invocation of recon-all 
\n\n
status file for recon-all
Sat Jul 15 23:44:30 EDT 2017
#@# Jacobian white rh Sat Jul 15 23:44:30 EDT 2017
recon-all -s sub-10 finished without error at Sat Jul 15 23:44:33 EDT 2017
\n\n
New invocation of recon-all 
\n\n
status file for recon-all
Sat Jul 15 23:44:33 EDT 2017
#@# AvgCurv lh Sat Jul 15 23:44:33 EDT 2017
recon-all -s sub-10 finished without error at Sat Jul 15 23:44:35 EDT 2017
\n\n
New invocation of recon-all 
\n\n
status file for recon-all
Sat Jul 15 23:44:36 EDT 2017
#@# AvgCurv rh Sat Jul 15 23:44:36 EDT 2017
recon-all -s sub-10 finished without error at Sat Jul 15 23:44:38 EDT 2017
\n\n
New invocation of recon-all 
\n\n
status file for recon-all
Sat Jul 15 23:44:38 EDT 2017
#@# Cortical ribbon mask Sat Jul 15 23:44:38 EDT 2017
recon-all -s sub-10 finished without error at Sat Jul 15 23:56:06 EDT 2017
\n\n
New invocation of recon-all 
\n\n
status file for recon-all
Sat Jul 15 23:56:07 EDT 2017
#@# Parcellation Stats lh Sat Jul 15 23:56:07 EDT 2017
recon-all -s sub-10 finished without error at Sat Jul 15 23:57:37 EDT 2017
\n\n
New invocation of recon-all 
\n\n
status file for recon-all
Sat Jul 15 23:57:38 EDT 2017
#@# Parcellation Stats rh Sat Jul 15 23:57:38 EDT 2017
recon-all -s sub-10 finished without error at Sat Jul 15 23:59:09 EDT 2017
\n\n
New invocation of recon-all 
\n\n
status file for recon-all
Sat Jul 15 23:59:09 EDT 2017
#@# Cortical Parc 2 lh Sat Jul 15 23:59:09 EDT 2017
recon-all -s sub-10 finished without error at Sat Jul 15 23:59:34 EDT 2017
\n\n
New invocation of recon-all 
\n\n
status file for recon-all
Sat Jul 15 23:59:35 EDT 2017
#@# Cortical Parc 2 rh Sat Jul 15 23:59:35 EDT 2017
recon-all -s sub-10 finished without error at Sun Jul 16 00:00:00 EDT 2017
\n\n
New invocation of recon-all 
\n\n
status file for recon-all
Sun Jul 16 00:00:01 EDT 2017
#@# Parcellation Stats 2 lh Sun Jul 16 00:00:01 EDT 2017
recon-all -s sub-10 finished without error at Sun Jul 16 00:00:47 EDT 2017
\n\n
New invocation of recon-all 
\n\n
status file for recon-all
Sun Jul 16 00:00:48 EDT 2017
#@# Parcellation Stats 2 rh Sun Jul 16 00:00:48 EDT 2017
recon-all -s sub-10 finished without error at Sun Jul 16 00:01:35 EDT 2017
\n\n
New invocation of recon-all 
\n\n
status file for recon-all
Sun Jul 16 00:01:35 EDT 2017
#@# Cortical Parc 3 lh Sun Jul 16 00:01:35 EDT 2017
recon-all -s sub-10 finished without error at Sun Jul 16 00:01:55 EDT 2017
\n\n
New invocation of recon-all 
\n\n
status file for recon-all
Sun Jul 16 00:01:56 EDT 2017
#@# Cortical Parc 3 rh Sun Jul 16 00:01:56 EDT 2017
recon-all -s sub-10 finished without error at Sun Jul 16 00:02:16 EDT 2017
\n\n
New invocation of recon-all 
\n\n
status file for recon-all
Sun Jul 16 00:02:17 EDT 2017
#@# Parcellation Stats 3 lh Sun Jul 16 00:02:17 EDT 2017
recon-all -s sub-10 finished without error at Sun Jul 16 00:03:01 EDT 2017
\n\n
New invocation of recon-all 
\n\n
status file for recon-all
Sun Jul 16 00:03:01 EDT 2017
#@# Parcellation Stats 3 rh Sun Jul 16 00:03:01 EDT 2017
recon-all -s sub-10 finished without error at Sun Jul 16 00:03:47 EDT 2017
\n\n
New invocation of recon-all 
\n\n
status file for recon-all
Sun Jul 16 00:03:47 EDT 2017
#@# WM/GM Contrast lh Sun Jul 16 00:03:47 EDT 2017
recon-all -s sub-10 finished without error at Sun Jul 16 00:03:55 EDT 2017
\n\n
New invocation of recon-all 
\n\n
status file for recon-all
Sun Jul 16 00:03:55 EDT 2017
#@# WM/GM Contrast rh Sun Jul 16 00:03:55 EDT 2017
recon-all -s sub-10 finished without error at Sun Jul 16 00:04:03 EDT 2017
\n\n
New invocation of recon-all 
\n\n
status file for recon-all
Sun Jul 16 00:04:03 EDT 2017
#@# Relabel Hypointensities Sun Jul 16 00:04:03 EDT 2017
recon-all -s sub-10 finished without error at Sun Jul 16 00:04:37 EDT 2017
\n\n
New invocation of recon-all 
\n\n
status file for recon-all
Sun Jul 16 00:04:37 EDT 2017
#@# AParc-to-ASeg aparc Sun Jul 16 00:04:37 EDT 2017
#@# AParc-to-ASeg a2009s Sun Jul 16 00:12:32 EDT 2017
#@# AParc-to-ASeg DKTatlas Sun Jul 16 00:20:21 EDT 2017
recon-all -s sub-10 finished without error at Sun Jul 16 00:28:11 EDT 2017
\n\n
New invocation of recon-all 
\n\n
status file for recon-all
Sun Jul 16 00:28:12 EDT 2017
#@# APas-to-ASeg Sun Jul 16 00:28:12 EDT 2017
recon-all -s sub-10 finished without error at Sun Jul 16 00:28:20 EDT 2017
\n\n
New invocation of recon-all 
\n\n
status file for recon-all
Sun Jul 16 00:28:20 EDT 2017
#@# ASeg Stats Sun Jul 16 00:28:20 EDT 2017
recon-all -s sub-10 finished without error at Sun Jul 16 00:33:15 EDT 2017
\n\n
New invocation of recon-all 
\n\n
status file for recon-all
Sun Jul 16 00:33:15 EDT 2017
#@# WMParc Sun Jul 16 00:33:15 EDT 2017
recon-all -s sub-10 finished without error at Sun Jul 16 00:49:22 EDT 2017
\n\n
New invocation of recon-all 
\n\n
status file for recon-all
Sun Jul 16 00:49:22 EDT 2017
#@# BA_exvivo Labels lh Sun Jul 16 00:49:22 EDT 2017
recon-all -s sub-10 finished without error at Sun Jul 16 00:55:06 EDT 2017
\n\n
New invocation of recon-all 
\n\n
status file for recon-all
Sun Jul 16 00:55:07 EDT 2017
#@# BA_exvivo Labels rh Sun Jul 16 00:55:07 EDT 2017
recon-all -s sub-10 finished without error at Sun Jul 16 01:00:58 EDT 2017
